<?xml version="1.0" encoding="UTF-8"?>
<testsuite xmlns:xsi="http://www.w3.org/2001/XMLSchema-instance" xsi:noNamespaceSchemaLocation="https://maven.apache.org/surefire/maven-surefire-plugin/xsd/surefire-test-report-3.0.xsd" version="3.0" name="com.synora.modules.post.PostControllerTest" time="2.738" tests="9" errors="0" skipped="0" failures="0">
  <properties>
[...]
</properties>
  <testcase name="deletePost_byOwner_succeeds" classname="com.synora.modules.post.PostControllerTest" time="0.347">
    <system-out><![CDATA[18:23:31.806 &amp#27;[34mINFO &amp#27;[0;39m [           main] &amp#27;[36mt.c.s.AnnotationConfigContextLoaderUtils&amp#27;[0;39m | none | Could not detect default configuration classes for test class [com.synora.modules.post.PostControllerTest]: PostControllerTest does not declare any static, non-private, non-final, nested classes annotated with @Configuration.
18:23:31.887 &amp#27;[34mINFO &amp#27;[0;39m [           main] &amp#27;[36m.b.t.c.SpringBootTestContextBootstrapper&amp#27;[0;39m | none | Found @SpringBootConfiguration com.synora.SynoraApplication for test class com.synora.modules.post.PostControllerTest
18:23:31.892 &amp#27;[39mDEBUG&amp#27;[0;39m [           main] &amp#27;[36mo.s.security.web.FilterChainProxy       &amp#27;[0;39m | f692c109 | Securing POST /api/v1/auth/register
18:23:31.892 &amp#27;[39mDEBUG&amp#27;[0;39m [           main] &amp#27;[36mo.s.s.w.a.AnonymousAuthenticationFilter &amp#27;[0;39m | f692c109 | Set SecurityContextHolder to anonymous SecurityContext
18:23:31.892 &amp#27;[39mDEBUG&amp#27;[0;39m [           main] &amp#27;[36mo.s.security.web.FilterChainProxy       &amp#27;[0;39m | f692c109 | Secured POST /api/v1/auth/register
18:23:31.894 &amp#27;[39mDEBUG&amp#27;[0;39m [           main] &amp#27;[36morg.hibernate.SQL                       &amp#27;[0;39m | f692c109 | 
    select
        u1_0.id 
    from
        users u1_0 
    where
        u1_0.username=? 
    fetch
        first ? rows only
Hibernate: 
    select
        u1_0.id 
    from
        users u1_0 
    where
        u1_0.username=? 
    fetch
        first ? rows only
18:23:31.897 &amp#27;[39mDEBUG&amp#27;[0;39m [           main] &amp#27;[36morg.hibernate.SQL                       &amp#27;[0;39m | f692c109 | 
    select
        u1_0.id 
    from
        users u1_0 
    where
        u1_0.email=? 
    fetch
        first ? rows only
Hibernate: 
    select
        u1_0.id 
    from
        users u1_0 
    where
        u1_0.email=? 
    fetch
        first ? rows only
18:23:32.114 &amp#27;[39mDEBUG&amp#27;[0;39m [           main] &amp#27;[36morg.hibernate.SQL                       &amp#27;[0;39m | f692c109 | 
    insert 
    into
        users
        (is_active, avatar_url, is_banned, bio, created_at, display_name, email, github_url, location, password_hash, reputation_score, role, updated_at, username, website_url, id) 
    values
        (?, ?, ?, ?, ?, ?, ?, ?, ?, ?, ?, ?, ?, ?, ?, ?)
Hibernate: 
    insert 
    into
        users
        (is_active, avatar_url, is_banned, bio, created_at, display_name, email, github_url, location, password_hash, reputation_score, role, updated_at, username, website_url, id) 
    values
        (?, ?, ?, ?, ?, ?, ?, ?, ?, ?, ?, ?, ?, ?, ?, ?)
18:23:32.120 &amp#27;[39mDEBUG&amp#27;[0;39m [           main] &amp#27;[36morg.hibernate.SQL                       &amp#27;[0;39m | f692c109 | 
    insert 
    into
        refresh_tokens
        (created_at, expires_at, token, user_id) 
    values
        (?, ?, ?, ?) 
    returning id
Hibernate: 
    insert 
    into
        refresh_tokens
        (created_at, expires_at, token, user_id) 
    values
        (?, ?, ?, ?) 
    returning id
18:23:32.123 &amp#27;[34mINFO &amp#27;[0;39m [           main] &amp#27;[36mcom.synora.config.RequestLoggingFilter  &amp#27;[0;39m | f692c109 | POST /api/v1/auth/register 201 231ms
18:23:32.125 &amp#27;[39mDEBUG&amp#27;[0;39m [           main] &amp#27;[36mo.s.security.web.FilterChainProxy       &amp#27;[0;39m | 655f6e1c | Securing POST /api/v1/posts
18:23:32.128 &amp#27;[39mDEBUG&amp#27;[0;39m [           main] &amp#27;[36morg.hibernate.SQL                       &amp#27;[0;39m | 655f6e1c | 
    select
        u1_0.id,
        u1_0.is_active,
        u1_0.avatar_url,
        u1_0.is_banned,
        u1_0.bio,
        u1_0.created_at,
        u1_0.display_name,
        u1_0.email,
        u1_0.github_url,
        u1_0.location,
        u1_0.password_hash,
        u1_0.reputation_score,
        u1_0.role,
        u1_0.updated_at,
        u1_0.username,
        u1_0.website_url 
    from
        users u1_0 
    where
        u1_0.username=?
Hibernate: 
    select
        u1_0.id,
        u1_0.is_active,
        u1_0.avatar_url,
        u1_0.is_banned,
        u1_0.bio,
        u1_0.created_at,
        u1_0.display_name,
        u1_0.email,
        u1_0.github_url,
        u1_0.location,
        u1_0.password_hash,
        u1_0.reputation_score,
        u1_0.role,
        u1_0.updated_at,
        u1_0.username,
        u1_0.website_url 
    from
        users u1_0 
    where
        u1_0.username=?
18:23:32.131 &amp#27;[39mDEBUG&amp#27;[0;39m [           main] &amp#27;[36mo.s.security.web.FilterChainProxy       &amp#27;[0;39m | 655f6e1c | Secured POST /api/v1/posts
18:23:32.161 &amp#27;[39mDEBUG&amp#27;[0;39m [           main] &amp#27;[36morg.hibernate.SQL                       &amp#27;[0;39m | 655f6e1c | 
    select
        count(*) 
    from
        post_likes pl1_0 
    where
        (
            pl1_0.post_id, pl1_0.user_id
        )=(
            ?, ?
        )
Hibernate: 
    select
        count(*) 
    from
        post_likes pl1_0 
    where
        (
            pl1_0.post_id, pl1_0.user_id
        )=(
            ?, ?
        )
18:23:32.165 &amp#27;[39mDEBUG&amp#27;[0;39m [           main] &amp#27;[36morg.hibernate.SQL                       &amp#27;[0;39m | 655f6e1c | 
    select
        count(*) 
    from
        post_bookmarks pb1_0 
    where
        (
            pb1_0.post_id, pb1_0.user_id
        )=(
            ?, ?
        )
Hibernate: 
    select
        count(*) 
    from
        post_bookmarks pb1_0 
    where
        (
            pb1_0.post_id, pb1_0.user_id
        )=(
            ?, ?
        )
18:23:32.171 &amp#27;[39mDEBUG&amp#27;[0;39m [           main] &amp#27;[36morg.hibernate.SQL                       &amp#27;[0;39m | 655f6e1c | 
    insert 
    into
        posts
        (author_id, comments_count, content, cover_url, created_at, likes_count, is_pinned, preview, status, title, updated_at, views_count, id) 
    values
        (?, ?, ?, ?, ?, ?, ?, ?, ?, ?, ?, ?, ?)
Hibernate: 
    insert 
    into
        posts
        (author_id, comments_count, content, cover_url, created_at, likes_count, is_pinned, preview, status, title, updated_at, views_count, id) 
    values
        (?, ?, ?, ?, ?, ?, ?, ?, ?, ?, ?, ?, ?)
18:23:32.180 &amp#27;[34mINFO &amp#27;[0;39m [           main] &amp#27;[36mcom.synora.config.RequestLoggingFilter  &amp#27;[0;39m | 655f6e1c | POST /api/v1/posts 201 55ms
18:23:32.182 &amp#27;[39mDEBUG&amp#27;[0;39m [           main] &amp#27;[36mo.s.security.web.FilterChainProxy       &amp#27;[0;39m | 013a7375 | Securing DELETE /api/v1/posts/b2e59e13-36f1-4d6b-885e-7c0288e4d9bd
18:23:32.184 &amp#27;[39mDEBUG&amp#27;[0;39m [           main] &amp#27;[36morg.hibernate.SQL                       &amp#27;[0;39m | 013a7375 | 
    select
        u1_0.id,
        u1_0.is_active,
        u1_0.avatar_url,
        u1_0.is_banned,
        u1_0.bio,
        u1_0.created_at,
        u1_0.display_name,
        u1_0.email,
        u1_0.github_url,
        u1_0.location,
        u1_0.password_hash,
        u1_0.reputation_score,
        u1_0.role,
        u1_0.updated_at,
        u1_0.username,
        u1_0.website_url 
    from
        users u1_0 
    where
        u1_0.username=?
Hibernate: 
    select
        u1_0.id,
        u1_0.is_active,
        u1_0.avatar_url,
        u1_0.is_banned,
        u1_0.bio,
        u1_0.created_at,
        u1_0.display_name,
        u1_0.email,
        u1_0.github_url,
        u1_0.location,
        u1_0.password_hash,
        u1_0.reputation_score,
        u1_0.role,
        u1_0.updated_at,
        u1_0.username,
        u1_0.website_url 
    from
        users u1_0 
    where
        u1_0.username=?
18:23:32.189 &amp#27;[39mDEBUG&amp#27;[0;39m [           main] &amp#27;[36mo.s.security.web.FilterChainProxy       &amp#27;[0;39m | 013a7375 | Secured DELETE /api/v1/posts/b2e59e13-36f1-4d6b-885e-7c0288e4d9bd
18:23:32.192 &amp#27;[39mDEBUG&amp#27;[0;39m [           main] &amp#27;[36morg.hibernate.SQL                       &amp#27;[0;39m | 013a7375 | 
    select
        p1_0.id,
        p1_0.author_id,
        p1_0.comments_count,
        p1_0.content,
        p1_0.cover_url,
        p1_0.created_at,
        p1_0.likes_count,
        p1_0.is_pinned,
        p1_0.preview,
        p1_0.status,
        p1_0.title,
        p1_0.updated_at,
        p1_0.views_count 
    from
        posts p1_0 
    where
        p1_0.id=?
Hibernate: 
    select
        p1_0.id,
        p1_0.author_id,
        p1_0.comments_count,
        p1_0.content,
        p1_0.cover_url,
        p1_0.created_at,
        p1_0.likes_count,
        p1_0.is_pinned,
        p1_0.preview,
        p1_0.status,
        p1_0.title,
        p1_0.updated_at,
        p1_0.views_count 
    from
        posts p1_0 
    where
        p1_0.id=?
18:23:32.205 &amp#27;[39mDEBUG&amp#27;[0;39m [           main] &amp#27;[36morg.hibernate.SQL                       &amp#27;[0;39m | 013a7375 | 
    delete 
    from
        post_tags 
    where
        post_id=?
Hibernate: 
    delete 
    from
        post_tags 
    where
        post_id=?
18:23:32.207 &amp#27;[39mDEBUG&amp#27;[0;39m [           main] &amp#27;[36morg.hibernate.SQL                       &amp#27;[0;39m | 013a7375 | 
    delete 
    from
        posts 
    where
        id=?
Hibernate: 
    delete 
    from
        posts 
    where
        id=?
18:23:32.211 &amp#27;[34mINFO &amp#27;[0;39m [           main] &amp#27;[36mcom.synora.config.RequestLoggingFilter  &amp#27;[0;39m | 013a7375 | DELETE /api/v1/posts/b2e59e13-36f1-4d6b-885e-7c0288e4d9bd 200 30ms
18:23:32.212 &amp#27;[39mDEBUG&amp#27;[0;39m [           main] &amp#27;[36mo.s.security.web.FilterChainProxy       &amp#27;[0;39m | 2c8ef54f | Securing GET /api/v1/posts/b2e59e13-36f1-4d6b-885e-7c0288e4d9bd
18:23:32.222 &amp#27;[39mDEBUG&amp#27;[0;39m [           main] &amp#27;[36morg.hibernate.SQL                       &amp#27;[0;39m | 2c8ef54f | 
    select
        u1_0.id,
        u1_0.is_active,
        u1_0.avatar_url,
        u1_0.is_banned,
        u1_0.bio,
        u1_0.created_at,
        u1_0.display_name,
        u1_0.email,
        u1_0.github_url,
        u1_0.location,
        u1_0.password_hash,
        u1_0.reputation_score,
        u1_0.role,
        u1_0.updated_at,
        u1_0.username,
        u1_0.website_url 
    from
        users u1_0 
    where
        u1_0.username=?
Hibernate: 
    select
        u1_0.id,
        u1_0.is_active,
        u1_0.avatar_url,
        u1_0.is_banned,
        u1_0.bio,
        u1_0.created_at,
        u1_0.display_name,
        u1_0.email,
        u1_0.github_url,
        u1_0.location,
        u1_0.password_hash,
        u1_0.reputation_score,
        u1_0.role,
        u1_0.updated_at,
        u1_0.username,
        u1_0.website_url 
    from
        users u1_0 
    where
        u1_0.username=?
18:23:32.228 &amp#27;[39mDEBUG&amp#27;[0;39m [           main] &amp#27;[36mo.s.security.web.FilterChainProxy       &amp#27;[0;39m | 2c8ef54f | Secured GET /api/v1/posts/b2e59e13-36f1-4d6b-885e-7c0288e4d9bd
18:23:32.230 &amp#27;[39mDEBUG&amp#27;[0;39m [           main] &amp#27;[36morg.hibernate.SQL                       &amp#27;[0;39m | 2c8ef54f | 
    select
        p1_0.id,
        p1_0.author_id,
        p1_0.comments_count,
        p1_0.content,
        p1_0.cover_url,
        p1_0.created_at,
        p1_0.likes_count,
        p1_0.is_pinned,
        p1_0.preview,
        p1_0.status,
        p1_0.title,
        p1_0.updated_at,
        p1_0.views_count 
    from
        posts p1_0 
    where
        p1_0.id=?
Hibernate: 
    select
        p1_0.id,
        p1_0.author_id,
        p1_0.comments_count,
        p1_0.content,
        p1_0.cover_url,
        p1_0.created_at,
        p1_0.likes_count,
        p1_0.is_pinned,
        p1_0.preview,
        p1_0.status,
        p1_0.title,
        p1_0.updated_at,
        p1_0.views_count 
    from
        posts p1_0 
    where
        p1_0.id=?
18:23:32.233 &amp#27;[31mWARN &amp#27;[0;39m [           main] &amp#27;[36mc.s.s.exception.GlobalExceptionHandler  &amp#27;[0;39m | 2c8ef54f | AppException [NOT_FOUND]: Post not found: b2e59e13-36f1-4d6b-885e-7c0288e4d9bd
18:23:32.235 &amp#27;[34mINFO &amp#27;[0;39m [           main] &amp#27;[36mcom.synora.config.RequestLoggingFilter  &amp#27;[0;39m | 2c8ef54f | GET /api/v1/posts/b2e59e13-36f1-4d6b-885e-7c0288e4d9bd 404 23ms
]]></system-out>
  </testcase>
  <testcase name="createPost_authenticated_returns201" classname="com.synora.modules.post.PostControllerTest" time="0.273">
    <system-out><![CDATA[18:23:32.239 &amp#27;[39mDEBUG&amp#27;[0;39m [           main] &amp#27;[36mo.s.security.web.FilterChainProxy       &amp#27;[0;39m | 5bae026c | Securing POST /api/v1/auth/register
18:23:32.239 &amp#27;[39mDEBUG&amp#27;[0;39m [           main] &amp#27;[36mo.s.s.w.a.AnonymousAuthenticationFilter &amp#27;[0;39m | 5bae026c | Set SecurityContextHolder to anonymous SecurityContext
18:23:32.239 &amp#27;[39mDEBUG&amp#27;[0;39m [           main] &amp#27;[36mo.s.security.web.FilterChainProxy       &amp#27;[0;39m | 5bae026c | Secured POST /api/v1/auth/register
18:23:32.241 &amp#27;[39mDEBUG&amp#27;[0;39m [           main] &amp#27;[36morg.hibernate.SQL                       &amp#27;[0;39m | 5bae026c | 
    select
        u1_0.id 
    from
        users u1_0 
    where
        u1_0.username=? 
    fetch
        first ? rows only
Hibernate: 
    select
        u1_0.id 
    from
        users u1_0 
    where
        u1_0.username=? 
    fetch
        first ? rows only
18:23:32.244 &amp#27;[39mDEBUG&amp#27;[0;39m [           main] &amp#27;[36morg.hibernate.SQL                       &amp#27;[0;39m | 5bae026c | 
    select
        u1_0.id 
    from
        users u1_0 
    where
        u1_0.email=? 
    fetch
        first ? rows only
Hibernate: 
    select
        u1_0.id 
    from
        users u1_0 
    where
        u1_0.email=? 
    fetch
        first ? rows only
18:23:32.472 &amp#27;[39mDEBUG&amp#27;[0;39m [           main] &amp#27;[36morg.hibernate.SQL                       &amp#27;[0;39m | 5bae026c | 
    insert 
    into
        users
        (is_active, avatar_url, is_banned, bio, created_at, display_name, email, github_url, location, password_hash, reputation_score, role, updated_at, username, website_url, id) 
    values
        (?, ?, ?, ?, ?, ?, ?, ?, ?, ?, ?, ?, ?, ?, ?, ?)
Hibernate: 
    insert 
    into
        users
        (is_active, avatar_url, is_banned, bio, created_at, display_name, email, github_url, location, password_hash, reputation_score, role, updated_at, username, website_url, id) 
    values
        (?, ?, ?, ?, ?, ?, ?, ?, ?, ?, ?, ?, ?, ?, ?, ?)
18:23:32.483 &amp#27;[39mDEBUG&amp#27;[0;39m [           main] &amp#27;[36morg.hibernate.SQL                       &amp#27;[0;39m | 5bae026c | 
    insert 
    into
        refresh_tokens
        (created_at, expires_at, token, user_id) 
    values
        (?, ?, ?, ?) 
    returning id
Hibernate: 
    insert 
    into
        refresh_tokens
        (created_at, expires_at, token, user_id) 
    values
        (?, ?, ?, ?) 
    returning id
18:23:32.488 &amp#27;[34mINFO &amp#27;[0;39m [           main] &amp#27;[36mcom.synora.config.RequestLoggingFilter  &amp#27;[0;39m | 5bae026c | POST /api/v1/auth/register 201 249ms
18:23:32.490 &amp#27;[39mDEBUG&amp#27;[0;39m [           main] &amp#27;[36mo.s.security.web.FilterChainProxy       &amp#27;[0;39m | 18f0c995 | Securing POST /api/v1/posts
18:23:32.492 &amp#27;[39mDEBUG&amp#27;[0;39m [           main] &amp#27;[36morg.hibernate.SQL                       &amp#27;[0;39m | 18f0c995 | 
    select
        u1_0.id,
        u1_0.is_active,
        u1_0.avatar_url,
        u1_0.is_banned,
        u1_0.bio,
        u1_0.created_at,
        u1_0.display_name,
        u1_0.email,
        u1_0.github_url,
        u1_0.location,
        u1_0.password_hash,
        u1_0.reputation_score,
        u1_0.role,
        u1_0.updated_at,
        u1_0.username,
        u1_0.website_url 
    from
        users u1_0 
    where
        u1_0.username=?
Hibernate: 
    select
        u1_0.id,
        u1_0.is_active,
        u1_0.avatar_url,
        u1_0.is_banned,
        u1_0.bio,
        u1_0.created_at,
        u1_0.display_name,
        u1_0.email,
        u1_0.github_url,
        u1_0.location,
        u1_0.password_hash,
        u1_0.reputation_score,
        u1_0.role,
        u1_0.updated_at,
        u1_0.username,
        u1_0.website_url 
    from
        users u1_0 
    where
        u1_0.username=?
18:23:32.497 &amp#27;[39mDEBUG&amp#27;[0;39m [           main] &amp#27;[36mo.s.security.web.FilterChainProxy       &amp#27;[0;39m | 18f0c995 | Secured POST /api/v1/posts
18:23:32.499 &amp#27;[39mDEBUG&amp#27;[0;39m [           main] &amp#27;[36morg.hibernate.SQL                       &amp#27;[0;39m | 18f0c995 | 
    select
        count(*) 
    from
        post_likes pl1_0 
    where
        (
            pl1_0.post_id, pl1_0.user_id
        )=(
            ?, ?
        )
Hibernate: 
    select
        count(*) 
    from
        post_likes pl1_0 
    where
        (
            pl1_0.post_id, pl1_0.user_id
        )=(
            ?, ?
        )
18:23:32.501 &amp#27;[39mDEBUG&amp#27;[0;39m [           main] &amp#27;[36morg.hibernate.SQL                       &amp#27;[0;39m | 18f0c995 | 
    select
        count(*) 
    from
        post_bookmarks pb1_0 
    where
        (
            pb1_0.post_id, pb1_0.user_id
        )=(
            ?, ?
        )
Hibernate: 
    select
        count(*) 
    from
        post_bookmarks pb1_0 
    where
        (
            pb1_0.post_id, pb1_0.user_id
        )=(
            ?, ?
        )
18:23:32.504 &amp#27;[39mDEBUG&amp#27;[0;39m [           main] &amp#27;[36morg.hibernate.SQL                       &amp#27;[0;39m | 18f0c995 | 
    insert 
    into
        posts
        (author_id, comments_count, content, cover_url, created_at, likes_count, is_pinned, preview, status, title, updated_at, views_count, id) 
    values
        (?, ?, ?, ?, ?, ?, ?, ?, ?, ?, ?, ?, ?)
Hibernate: 
    insert 
    into
        posts
        (author_id, comments_count, content, cover_url, created_at, likes_count, is_pinned, preview, status, title, updated_at, views_count, id) 
    values
        (?, ?, ?, ?, ?, ?, ?, ?, ?, ?, ?, ?, ?)
18:23:32.508 &amp#27;[34mINFO &amp#27;[0;39m [           main] &amp#27;[36mcom.synora.config.RequestLoggingFilter  &amp#27;[0;39m | 18f0c995 | POST /api/v1/posts 201 18ms
]]></system-out>
  </testcase>
  <testcase name="toggleLike_togglesTwice" classname="com.synora.modules.post.PostControllerTest" time="0.303">
    <system-out><![CDATA[18:23:32.512 &amp#27;[39mDEBUG&amp#27;[0;39m [           main] &amp#27;[36mo.s.security.web.FilterChainProxy       &amp#27;[0;39m | 05359580 | Securing POST /api/v1/auth/register
18:23:32.513 &amp#27;[39mDEBUG&amp#27;[0;39m [           main] &amp#27;[36mo.s.s.w.a.AnonymousAuthenticationFilter &amp#27;[0;39m | 05359580 | Set SecurityContextHolder to anonymous SecurityContext
18:23:32.513 &amp#27;[39mDEBUG&amp#27;[0;39m [           main] &amp#27;[36mo.s.security.web.FilterChainProxy       &amp#27;[0;39m | 05359580 | Secured POST /api/v1/auth/register
18:23:32.514 &amp#27;[39mDEBUG&amp#27;[0;39m [           main] &amp#27;[36morg.hibernate.SQL                       &amp#27;[0;39m | 05359580 | 
    select
        u1_0.id 
    from
        users u1_0 
    where
        u1_0.username=? 
    fetch
        first ? rows only
Hibernate: 
    select
        u1_0.id 
    from
        users u1_0 
    where
        u1_0.username=? 
    fetch
        first ? rows only
18:23:32.516 &amp#27;[39mDEBUG&amp#27;[0;39m [           main] &amp#27;[36morg.hibernate.SQL                       &amp#27;[0;39m | 05359580 | 
    select
        u1_0.id 
    from
        users u1_0 
    where
        u1_0.email=? 
    fetch
        first ? rows only
Hibernate: 
    select
        u1_0.id 
    from
        users u1_0 
    where
        u1_0.email=? 
    fetch
        first ? rows only
18:23:32.739 &amp#27;[39mDEBUG&amp#27;[0;39m [           main] &amp#27;[36morg.hibernate.SQL                       &amp#27;[0;39m | 05359580 | 
    insert 
    into
        users
        (is_active, avatar_url, is_banned, bio, created_at, display_name, email, github_url, location, password_hash, reputation_score, role, updated_at, username, website_url, id) 
    values
        (?, ?, ?, ?, ?, ?, ?, ?, ?, ?, ?, ?, ?, ?, ?, ?)
Hibernate: 
    insert 
    into
        users
        (is_active, avatar_url, is_banned, bio, created_at, display_name, email, github_url, location, password_hash, reputation_score, role, updated_at, username, website_url, id) 
    values
        (?, ?, ?, ?, ?, ?, ?, ?, ?, ?, ?, ?, ?, ?, ?, ?)
18:23:32.742 &amp#27;[39mDEBUG&amp#27;[0;39m [           main] &amp#27;[36morg.hibernate.SQL                       &amp#27;[0;39m | 05359580 | 
    insert 
    into
        refresh_tokens
        (created_at, expires_at, token, user_id) 
    values
        (?, ?, ?, ?) 
    returning id
Hibernate: 
    insert 
    into
        refresh_tokens
        (created_at, expires_at, token, user_id) 
    values
        (?, ?, ?, ?) 
    returning id
18:23:32.745 &amp#27;[34mINFO &amp#27;[0;39m [           main] &amp#27;[36mcom.synora.config.RequestLoggingFilter  &amp#27;[0;39m | 05359580 | POST /api/v1/auth/register 201 233ms
18:23:32.746 &amp#27;[39mDEBUG&amp#27;[0;39m [           main] &amp#27;[36mo.s.security.web.FilterChainProxy       &amp#27;[0;39m | 0d268f76 | Securing POST /api/v1/posts
18:23:32.748 &amp#27;[39mDEBUG&amp#27;[0;39m [           main] &amp#27;[36morg.hibernate.SQL                       &amp#27;[0;39m | 0d268f76 | 
    select
        u1_0.id,
        u1_0.is_active,
        u1_0.avatar_url,
        u1_0.is_banned,
        u1_0.bio,
        u1_0.created_at,
        u1_0.display_name,
        u1_0.email,
        u1_0.github_url,
        u1_0.location,
        u1_0.password_hash,
        u1_0.reputation_score,
        u1_0.role,
        u1_0.updated_at,
        u1_0.username,
        u1_0.website_url 
    from
        users u1_0 
    where
        u1_0.username=?
Hibernate: 
    select
        u1_0.id,
        u1_0.is_active,
        u1_0.avatar_url,
        u1_0.is_banned,
        u1_0.bio,
        u1_0.created_at,
        u1_0.display_name,
        u1_0.email,
        u1_0.github_url,
        u1_0.location,
        u1_0.password_hash,
        u1_0.reputation_score,
        u1_0.role,
        u1_0.updated_at,
        u1_0.username,
        u1_0.website_url 
    from
        users u1_0 
    where
        u1_0.username=?
18:23:32.752 &amp#27;[39mDEBUG&amp#27;[0;39m [           main] &amp#27;[36mo.s.security.web.FilterChainProxy       &amp#27;[0;39m | 0d268f76 | Secured POST /api/v1/posts
18:23:32.754 &amp#27;[39mDEBUG&amp#27;[0;39m [           main] &amp#27;[36morg.hibernate.SQL                       &amp#27;[0;39m | 0d268f76 | 
    select
        count(*) 
    from
        post_likes pl1_0 
    where
        (
            pl1_0.post_id, pl1_0.user_id
        )=(
            ?, ?
        )
Hibernate: 
    select
        count(*) 
    from
        post_likes pl1_0 
    where
        (
            pl1_0.post_id, pl1_0.user_id
        )=(
            ?, ?
        )
18:23:32.756 &amp#27;[39mDEBUG&amp#27;[0;39m [           main] &amp#27;[36morg.hibernate.SQL                       &amp#27;[0;39m | 0d268f76 | 
    select
        count(*) 
    from
        post_bookmarks pb1_0 
    where
        (
            pb1_0.post_id, pb1_0.user_id
        )=(
            ?, ?
        )
Hibernate: 
    select
        count(*) 
    from
        post_bookmarks pb1_0 
    where
        (
            pb1_0.post_id, pb1_0.user_id
        )=(
            ?, ?
        )
18:23:32.758 &amp#27;[39mDEBUG&amp#27;[0;39m [           main] &amp#27;[36morg.hibernate.SQL                       &amp#27;[0;39m | 0d268f76 | 
    insert 
    into
        posts
        (author_id, comments_count, content, cover_url, created_at, likes_count, is_pinned, preview, status, title, updated_at, views_count, id) 
    values
        (?, ?, ?, ?, ?, ?, ?, ?, ?, ?, ?, ?, ?)
Hibernate: 
    insert 
    into
        posts
        (author_id, comments_count, content, cover_url, created_at, likes_count, is_pinned, preview, status, title, updated_at, views_count, id) 
    values
        (?, ?, ?, ?, ?, ?, ?, ?, ?, ?, ?, ?, ?)
18:23:32.761 &amp#27;[34mINFO &amp#27;[0;39m [           main] &amp#27;[36mcom.synora.config.RequestLoggingFilter  &amp#27;[0;39m | 0d268f76 | POST /api/v1/posts 201 15ms
18:23:32.762 &amp#27;[39mDEBUG&amp#27;[0;39m [           main] &amp#27;[36mo.s.security.web.FilterChainProxy       &amp#27;[0;39m | 9c834361 | Securing POST /api/v1/posts/d6fd1343-218a-4d68-8644-b66c33eed73d/like
18:23:32.764 &amp#27;[39mDEBUG&amp#27;[0;39m [           main] &amp#27;[36morg.hibernate.SQL                       &amp#27;[0;39m | 9c834361 | 
    select
        u1_0.id,
        u1_0.is_active,
        u1_0.avatar_url,
        u1_0.is_banned,
        u1_0.bio,
        u1_0.created_at,
        u1_0.display_name,
        u1_0.email,
        u1_0.github_url,
        u1_0.location,
        u1_0.password_hash,
        u1_0.reputation_score,
        u1_0.role,
        u1_0.updated_at,
        u1_0.username,
        u1_0.website_url 
    from
        users u1_0 
    where
        u1_0.username=?
Hibernate: 
    select
        u1_0.id,
        u1_0.is_active,
        u1_0.avatar_url,
        u1_0.is_banned,
        u1_0.bio,
        u1_0.created_at,
        u1_0.display_name,
        u1_0.email,
        u1_0.github_url,
        u1_0.location,
        u1_0.password_hash,
        u1_0.reputation_score,
        u1_0.role,
        u1_0.updated_at,
        u1_0.username,
        u1_0.website_url 
    from
        users u1_0 
    where
        u1_0.username=?
18:23:32.768 &amp#27;[39mDEBUG&amp#27;[0;39m [           main] &amp#27;[36mo.s.security.web.FilterChainProxy       &amp#27;[0;39m | 9c834361 | Secured POST /api/v1/posts/d6fd1343-218a-4d68-8644-b66c33eed73d/like
18:23:32.770 &amp#27;[39mDEBUG&amp#27;[0;39m [           main] &amp#27;[36morg.hibernate.SQL                       &amp#27;[0;39m | 9c834361 | 
    select
        p1_0.id,
        p1_0.author_id,
        p1_0.comments_count,
        p1_0.content,
        p1_0.cover_url,
        p1_0.created_at,
        p1_0.likes_count,
        p1_0.is_pinned,
        p1_0.preview,
        p1_0.status,
        p1_0.title,
        p1_0.updated_at,
        p1_0.views_count 
    from
        posts p1_0 
    where
        p1_0.id=?
Hibernate: 
    select
        p1_0.id,
        p1_0.author_id,
        p1_0.comments_count,
        p1_0.content,
        p1_0.cover_url,
        p1_0.created_at,
        p1_0.likes_count,
        p1_0.is_pinned,
        p1_0.preview,
        p1_0.status,
        p1_0.title,
        p1_0.updated_at,
        p1_0.views_count 
    from
        posts p1_0 
    where
        p1_0.id=?
18:23:32.773 &amp#27;[39mDEBUG&amp#27;[0;39m [           main] &amp#27;[36morg.hibernate.SQL                       &amp#27;[0;39m | 9c834361 | 
    select
        count(*) 
    from
        post_likes pl1_0 
    where
        (
            pl1_0.post_id, pl1_0.user_id
        )=(
            ?, ?
        )
Hibernate: 
    select
        count(*) 
    from
        post_likes pl1_0 
    where
        (
            pl1_0.post_id, pl1_0.user_id
        )=(
            ?, ?
        )
18:23:32.777 &amp#27;[39mDEBUG&amp#27;[0;39m [           main] &amp#27;[36morg.hibernate.SQL                       &amp#27;[0;39m | 9c834361 | 
    select
        pl1_0.post_id,
        pl1_0.user_id,
        pl1_0.created_at 
    from
        post_likes pl1_0 
    where
        (
            pl1_0.post_id, pl1_0.user_id
        ) in ((?, ?))
Hibernate: 
    select
        pl1_0.post_id,
        pl1_0.user_id,
        pl1_0.created_at 
    from
        post_likes pl1_0 
    where
        (
            pl1_0.post_id, pl1_0.user_id
        ) in ((?, ?))
18:23:32.788 &amp#27;[39mDEBUG&amp#27;[0;39m [           main] &amp#27;[36morg.hibernate.SQL                       &amp#27;[0;39m | 9c834361 | 
    update
        posts p1_0 
    set
        likes_count=(p1_0.likes_count+?) 
    where
        p1_0.id=?
Hibernate: 
    update
        posts p1_0 
    set
        likes_count=(p1_0.likes_count+?) 
    where
        p1_0.id=?
18:23:32.790 &amp#27;[39mDEBUG&amp#27;[0;39m [           main] &amp#27;[36morg.hibernate.SQL                       &amp#27;[0;39m | 9c834361 | 
    insert 
    into
        post_likes
        (created_at, post_id, user_id) 
    values
        (?, ?, ?)
Hibernate: 
    insert 
    into
        post_likes
        (created_at, post_id, user_id) 
    values
        (?, ?, ?)
18:23:32.793 &amp#27;[34mINFO &amp#27;[0;39m [           main] &amp#27;[36mcom.synora.config.RequestLoggingFilter  &amp#27;[0;39m | 9c834361 | POST /api/v1/posts/d6fd1343-218a-4d68-8644-b66c33eed73d/like 200 31ms
18:23:32.794 &amp#27;[39mDEBUG&amp#27;[0;39m [           main] &amp#27;[36mo.s.security.web.FilterChainProxy       &amp#27;[0;39m | 2e6ac454 | Securing POST /api/v1/posts/d6fd1343-218a-4d68-8644-b66c33eed73d/like
18:23:32.796 &amp#27;[39mDEBUG&amp#27;[0;39m [           main] &amp#27;[36morg.hibernate.SQL                       &amp#27;[0;39m | 2e6ac454 | 
    select
        u1_0.id,
        u1_0.is_active,
        u1_0.avatar_url,
        u1_0.is_banned,
        u1_0.bio,
        u1_0.created_at,
        u1_0.display_name,
        u1_0.email,
        u1_0.github_url,
        u1_0.location,
        u1_0.password_hash,
        u1_0.reputation_score,
        u1_0.role,
        u1_0.updated_at,
        u1_0.username,
        u1_0.website_url 
    from
        users u1_0 
    where
        u1_0.username=?
Hibernate: 
    select
        u1_0.id,
        u1_0.is_active,
        u1_0.avatar_url,
        u1_0.is_banned,
        u1_0.bio,
        u1_0.created_at,
        u1_0.display_name,
        u1_0.email,
        u1_0.github_url,
        u1_0.location,
        u1_0.password_hash,
        u1_0.reputation_score,
        u1_0.role,
        u1_0.updated_at,
        u1_0.username,
        u1_0.website_url 
    from
        users u1_0 
    where
        u1_0.username=?
18:23:32.800 &amp#27;[39mDEBUG&amp#27;[0;39m [           main] &amp#27;[36mo.s.security.web.FilterChainProxy       &amp#27;[0;39m | 2e6ac454 | Secured POST /api/v1/posts/d6fd1343-218a-4d68-8644-b66c33eed73d/like
18:23:32.801 &amp#27;[39mDEBUG&amp#27;[0;39m [           main] &amp#27;[36morg.hibernate.SQL                       &amp#27;[0;39m | 2e6ac454 | 
    select
        p1_0.id,
        p1_0.author_id,
        p1_0.comments_count,
        p1_0.content,
        p1_0.cover_url,
        p1_0.created_at,
        p1_0.likes_count,
        p1_0.is_pinned,
        p1_0.preview,
        p1_0.status,
        p1_0.title,
        p1_0.updated_at,
        p1_0.views_count 
    from
        posts p1_0 
    where
        p1_0.id=?
Hibernate: 
    select
        p1_0.id,
        p1_0.author_id,
        p1_0.comments_count,
        p1_0.content,
        p1_0.cover_url,
        p1_0.created_at,
        p1_0.likes_count,
        p1_0.is_pinned,
        p1_0.preview,
        p1_0.status,
        p1_0.title,
        p1_0.updated_at,
        p1_0.views_count 
    from
        posts p1_0 
    where
        p1_0.id=?
18:23:32.803 &amp#27;[39mDEBUG&amp#27;[0;39m [           main] &amp#27;[36morg.hibernate.SQL                       &amp#27;[0;39m | 2e6ac454 | 
    select
        count(*) 
    from
        post_likes pl1_0 
    where
        (
            pl1_0.post_id, pl1_0.user_id
        )=(
            ?, ?
        )
Hibernate: 
    select
        count(*) 
    from
        post_likes pl1_0 
    where
        (
            pl1_0.post_id, pl1_0.user_id
        )=(
            ?, ?
        )
18:23:32.805 &amp#27;[39mDEBUG&amp#27;[0;39m [           main] &amp#27;[36morg.hibernate.SQL                       &amp#27;[0;39m | 2e6ac454 | 
    select
        pl1_0.post_id,
        pl1_0.user_id,
        pl1_0.created_at 
    from
        post_likes pl1_0 
    where
        (
            pl1_0.post_id, pl1_0.user_id
        ) in ((?, ?))
Hibernate: 
    select
        pl1_0.post_id,
        pl1_0.user_id,
        pl1_0.created_at 
    from
        post_likes pl1_0 
    where
        (
            pl1_0.post_id, pl1_0.user_id
        ) in ((?, ?))
18:23:32.808 &amp#27;[39mDEBUG&amp#27;[0;39m [           main] &amp#27;[36morg.hibernate.SQL                       &amp#27;[0;39m | 2e6ac454 | 
    update
        posts p1_0 
    set
        likes_count=(p1_0.likes_count+?) 
    where
        p1_0.id=?
Hibernate: 
    update
        posts p1_0 
    set
        likes_count=(p1_0.likes_count+?) 
    where
        p1_0.id=?
18:23:32.810 &amp#27;[39mDEBUG&amp#27;[0;39m [           main] &amp#27;[36morg.hibernate.SQL                       &amp#27;[0;39m | 2e6ac454 | 
    delete 
    from
        post_likes 
    where
        post_id=? 
        and user_id=?
Hibernate: 
    delete 
    from
        post_likes 
    where
        post_id=? 
        and user_id=?
18:23:32.812 &amp#27;[34mINFO &amp#27;[0;39m [           main] &amp#27;[36mcom.synora.config.RequestLoggingFilter  &amp#27;[0;39m | 2e6ac454 | POST /api/v1/posts/d6fd1343-218a-4d68-8644-b66c33eed73d/like 200 18ms
]]></system-out>
  </testcase>
  <testcase name="getFeed_returnsPagedPosts" classname="com.synora.modules.post.PostControllerTest" time="0.386">
    <system-out><![CDATA[18:23:32.816 &amp#27;[39mDEBUG&amp#27;[0;39m [           main] &amp#27;[36mo.s.security.web.FilterChainProxy       &amp#27;[0;39m | 7485240d | Securing POST /api/v1/auth/register
18:23:32.817 &amp#27;[39mDEBUG&amp#27;[0;39m [           main] &amp#27;[36mo.s.s.w.a.AnonymousAuthenticationFilter &amp#27;[0;39m | 7485240d | Set SecurityContextHolder to anonymous SecurityContext
18:23:32.817 &amp#27;[39mDEBUG&amp#27;[0;39m [           main] &amp#27;[36mo.s.security.web.FilterChainProxy       &amp#27;[0;39m | 7485240d | Secured POST /api/v1/auth/register
18:23:32.818 &amp#27;[39mDEBUG&amp#27;[0;39m [           main] &amp#27;[36morg.hibernate.SQL                       &amp#27;[0;39m | 7485240d | 
    select
        u1_0.id 
    from
        users u1_0 
    where
        u1_0.username=? 
    fetch
        first ? rows only
Hibernate: 
    select
        u1_0.id 
    from
        users u1_0 
    where
        u1_0.username=? 
    fetch
        first ? rows only
18:23:32.821 &amp#27;[39mDEBUG&amp#27;[0;39m [           main] &amp#27;[36morg.hibernate.SQL                       &amp#27;[0;39m | 7485240d | 
    select
        u1_0.id 
    from
        users u1_0 
    where
        u1_0.email=? 
    fetch
        first ? rows only
Hibernate: 
    select
        u1_0.id 
    from
        users u1_0 
    where
        u1_0.email=? 
    fetch
        first ? rows only
18:23:33.050 &amp#27;[39mDEBUG&amp#27;[0;39m [           main] &amp#27;[36morg.hibernate.SQL                       &amp#27;[0;39m | 7485240d | 
    insert 
    into
        users
        (is_active, avatar_url, is_banned, bio, created_at, display_name, email, github_url, location, password_hash, reputation_score, role, updated_at, username, website_url, id) 
    values
        (?, ?, ?, ?, ?, ?, ?, ?, ?, ?, ?, ?, ?, ?, ?, ?)
Hibernate: 
    insert 
    into
        users
        (is_active, avatar_url, is_banned, bio, created_at, display_name, email, github_url, location, password_hash, reputation_score, role, updated_at, username, website_url, id) 
    values
        (?, ?, ?, ?, ?, ?, ?, ?, ?, ?, ?, ?, ?, ?, ?, ?)
18:23:33.053 &amp#27;[39mDEBUG&amp#27;[0;39m [           main] &amp#27;[36morg.hibernate.SQL                       &amp#27;[0;39m | 7485240d | 
    insert 
    into
        refresh_tokens
        (created_at, expires_at, token, user_id) 
    values
        (?, ?, ?, ?) 
    returning id
Hibernate: 
    insert 
    into
        refresh_tokens
        (created_at, expires_at, token, user_id) 
    values
        (?, ?, ?, ?) 
    returning id
18:23:33.058 &amp#27;[34mINFO &amp#27;[0;39m [           main] &amp#27;[36mcom.synora.config.RequestLoggingFilter  &amp#27;[0;39m | 7485240d | POST /api/v1/auth/register 201 242ms
18:23:33.059 &amp#27;[39mDEBUG&amp#27;[0;39m [           main] &amp#27;[36mo.s.security.web.FilterChainProxy       &amp#27;[0;39m | 697654e8 | Securing POST /api/v1/posts
18:23:33.061 &amp#27;[39mDEBUG&amp#27;[0;39m [           main] &amp#27;[36morg.hibernate.SQL                       &amp#27;[0;39m | 697654e8 | 
    select
        u1_0.id,
        u1_0.is_active,
        u1_0.avatar_url,
        u1_0.is_banned,
        u1_0.bio,
        u1_0.created_at,
        u1_0.display_name,
        u1_0.email,
        u1_0.github_url,
        u1_0.location,
        u1_0.password_hash,
        u1_0.reputation_score,
        u1_0.role,
        u1_0.updated_at,
        u1_0.username,
        u1_0.website_url 
    from
        users u1_0 
    where
        u1_0.username=?
Hibernate: 
    select
        u1_0.id,
        u1_0.is_active,
        u1_0.avatar_url,
        u1_0.is_banned,
        u1_0.bio,
        u1_0.created_at,
        u1_0.display_name,
        u1_0.email,
        u1_0.github_url,
        u1_0.location,
        u1_0.password_hash,
        u1_0.reputation_score,
        u1_0.role,
        u1_0.updated_at,
        u1_0.username,
        u1_0.website_url 
    from
        users u1_0 
    where
        u1_0.username=?
18:23:33.066 &amp#27;[39mDEBUG&amp#27;[0;39m [           main] &amp#27;[36mo.s.security.web.FilterChainProxy       &amp#27;[0;39m | 697654e8 | Secured POST /api/v1/posts
18:23:33.069 &amp#27;[39mDEBUG&amp#27;[0;39m [           main] &amp#27;[36morg.hibernate.SQL                       &amp#27;[0;39m | 697654e8 | 
    select
        count(*) 
    from
        post_likes pl1_0 
    where
        (
            pl1_0.post_id, pl1_0.user_id
        )=(
            ?, ?
        )
Hibernate: 
    select
        count(*) 
    from
        post_likes pl1_0 
    where
        (
            pl1_0.post_id, pl1_0.user_id
        )=(
            ?, ?
        )
18:23:33.072 &amp#27;[39mDEBUG&amp#27;[0;39m [           main] &amp#27;[36morg.hibernate.SQL                       &amp#27;[0;39m | 697654e8 | 
    select
        count(*) 
    from
        post_bookmarks pb1_0 
    where
        (
            pb1_0.post_id, pb1_0.user_id
        )=(
            ?, ?
        )
Hibernate: 
    select
        count(*) 
    from
        post_bookmarks pb1_0 
    where
        (
            pb1_0.post_id, pb1_0.user_id
        )=(
            ?, ?
        )
18:23:33.076 &amp#27;[39mDEBUG&amp#27;[0;39m [           main] &amp#27;[36morg.hibernate.SQL                       &amp#27;[0;39m | 697654e8 | 
    insert 
    into
        posts
        (author_id, comments_count, content, cover_url, created_at, likes_count, is_pinned, preview, status, title, updated_at, views_count, id) 
    values
        (?, ?, ?, ?, ?, ?, ?, ?, ?, ?, ?, ?, ?)
Hibernate: 
    insert 
    into
        posts
        (author_id, comments_count, content, cover_url, created_at, likes_count, is_pinned, preview, status, title, updated_at, views_count, id) 
    values
        (?, ?, ?, ?, ?, ?, ?, ?, ?, ?, ?, ?, ?)
18:23:33.081 &amp#27;[34mINFO &amp#27;[0;39m [           main] &amp#27;[36mcom.synora.config.RequestLoggingFilter  &amp#27;[0;39m | 697654e8 | POST /api/v1/posts 201 22ms
18:23:33.082 &amp#27;[39mDEBUG&amp#27;[0;39m [           main] &amp#27;[36mo.s.security.web.FilterChainProxy       &amp#27;[0;39m | 0adc0ecc | Securing POST /api/v1/posts
18:23:33.084 &amp#27;[39mDEBUG&amp#27;[0;39m [           main] &amp#27;[36morg.hibernate.SQL                       &amp#27;[0;39m | 0adc0ecc | 
    select
        u1_0.id,
        u1_0.is_active,
        u1_0.avatar_url,
        u1_0.is_banned,
        u1_0.bio,
        u1_0.created_at,
        u1_0.display_name,
        u1_0.email,
        u1_0.github_url,
        u1_0.location,
        u1_0.password_hash,
        u1_0.reputation_score,
        u1_0.role,
        u1_0.updated_at,
        u1_0.username,
        u1_0.website_url 
    from
        users u1_0 
    where
        u1_0.username=?
Hibernate: 
    select
        u1_0.id,
        u1_0.is_active,
        u1_0.avatar_url,
        u1_0.is_banned,
        u1_0.bio,
        u1_0.created_at,
        u1_0.display_name,
        u1_0.email,
        u1_0.github_url,
        u1_0.location,
        u1_0.password_hash,
        u1_0.reputation_score,
        u1_0.role,
        u1_0.updated_at,
        u1_0.username,
        u1_0.website_url 
    from
        users u1_0 
    where
        u1_0.username=?
18:23:33.090 &amp#27;[39mDEBUG&amp#27;[0;39m [           main] &amp#27;[36mo.s.security.web.FilterChainProxy       &amp#27;[0;39m | 0adc0ecc | Secured POST /api/v1/posts
18:23:33.092 &amp#27;[39mDEBUG&amp#27;[0;39m [           main] &amp#27;[36morg.hibernate.SQL                       &amp#27;[0;39m | 0adc0ecc | 
    select
        count(*) 
    from
        post_likes pl1_0 
    where
        (
            pl1_0.post_id, pl1_0.user_id
        )=(
            ?, ?
        )
Hibernate: 
    select
        count(*) 
    from
        post_likes pl1_0 
    where
        (
            pl1_0.post_id, pl1_0.user_id
        )=(
            ?, ?
        )
18:23:33.095 &amp#27;[39mDEBUG&amp#27;[0;39m [           main] &amp#27;[36morg.hibernate.SQL                       &amp#27;[0;39m | 0adc0ecc | 
    select
        count(*) 
    from
        post_bookmarks pb1_0 
    where
        (
            pb1_0.post_id, pb1_0.user_id
        )=(
            ?, ?
        )
Hibernate: 
    select
        count(*) 
    from
        post_bookmarks pb1_0 
    where
        (
            pb1_0.post_id, pb1_0.user_id
        )=(
            ?, ?
        )
18:23:33.097 &amp#27;[39mDEBUG&amp#27;[0;39m [           main] &amp#27;[36morg.hibernate.SQL                       &amp#27;[0;39m | 0adc0ecc | 
    insert 
    into
        posts
        (author_id, comments_count, content, cover_url, created_at, likes_count, is_pinned, preview, status, title, updated_at, views_count, id) 
    values
        (?, ?, ?, ?, ?, ?, ?, ?, ?, ?, ?, ?, ?)
Hibernate: 
    insert 
    into
        posts
        (author_id, comments_count, content, cover_url, created_at, likes_count, is_pinned, preview, status, title, updated_at, views_count, id) 
    values
        (?, ?, ?, ?, ?, ?, ?, ?, ?, ?, ?, ?, ?)
18:23:33.102 &amp#27;[34mINFO &amp#27;[0;39m [           main] &amp#27;[36mcom.synora.config.RequestLoggingFilter  &amp#27;[0;39m | 0adc0ecc | POST /api/v1/posts 201 20ms
18:23:33.103 &amp#27;[39mDEBUG&amp#27;[0;39m [           main] &amp#27;[36mo.s.security.web.FilterChainProxy       &amp#27;[0;39m | 165b6e72 | Securing GET /api/v1/posts
18:23:33.104 &amp#27;[39mDEBUG&amp#27;[0;39m [           main] &amp#27;[36mo.s.s.w.a.AnonymousAuthenticationFilter &amp#27;[0;39m | 165b6e72 | Set SecurityContextHolder to anonymous SecurityContext
18:23:33.104 &amp#27;[39mDEBUG&amp#27;[0;39m [           main] &amp#27;[36mo.s.security.web.FilterChainProxy       &amp#27;[0;39m | 165b6e72 | Secured GET /api/v1/posts
18:23:33.112 &amp#27;[39mDEBUG&amp#27;[0;39m [           main] &amp#27;[36morg.hibernate.SQL                       &amp#27;[0;39m | 165b6e72 | 
    select
        p1_0.id,
        p1_0.author_id,
        p1_0.comments_count,
        p1_0.content,
        p1_0.cover_url,
        p1_0.created_at,
        p1_0.likes_count,
        p1_0.is_pinned,
        p1_0.preview,
        p1_0.status,
        p1_0.title,
        p1_0.updated_at,
        p1_0.views_count 
    from
        posts p1_0 
    where
        p1_0.status=? 
    order by
        p1_0.created_at desc 
    offset
        ? rows 
    fetch
        first ? rows only
Hibernate: 
    select
        p1_0.id,
        p1_0.author_id,
        p1_0.comments_count,
        p1_0.content,
        p1_0.cover_url,
        p1_0.created_at,
        p1_0.likes_count,
        p1_0.is_pinned,
        p1_0.preview,
        p1_0.status,
        p1_0.title,
        p1_0.updated_at,
        p1_0.views_count 
    from
        posts p1_0 
    where
        p1_0.status=? 
    order by
        p1_0.created_at desc 
    offset
        ? rows 
    fetch
        first ? rows only
18:23:33.146 &amp#27;[39mDEBUG&amp#27;[0;39m [           main] &amp#27;[36morg.hibernate.SQL                       &amp#27;[0;39m | 165b6e72 | 
    select
        u1_0.id,
        u1_0.is_active,
        u1_0.avatar_url,
        u1_0.is_banned,
        u1_0.bio,
        u1_0.created_at,
        u1_0.display_name,
        u1_0.email,
        u1_0.github_url,
        u1_0.location,
        u1_0.password_hash,
        u1_0.reputation_score,
        u1_0.role,
        u1_0.updated_at,
        u1_0.username,
        u1_0.website_url 
    from
        users u1_0 
    where
        u1_0.id = any (?)
Hibernate: 
    select
        u1_0.id,
        u1_0.is_active,
        u1_0.avatar_url,
        u1_0.is_banned,
        u1_0.bio,
        u1_0.created_at,
        u1_0.display_name,
        u1_0.email,
        u1_0.github_url,
        u1_0.location,
        u1_0.password_hash,
        u1_0.reputation_score,
        u1_0.role,
        u1_0.updated_at,
        u1_0.username,
        u1_0.website_url 
    from
        users u1_0 
    where
        u1_0.id = any (?)
18:23:33.170 &amp#27;[39mDEBUG&amp#27;[0;39m [           main] &amp#27;[36morg.hibernate.SQL                       &amp#27;[0;39m | 165b6e72 | 
    select
        t1_0.post_id,
        t1_1.id,
        t1_1.color,
        t1_1.name,
        t1_1.usage_count 
    from
        post_tags t1_0 
    join
        tags t1_1 
            on t1_1.id=t1_0.tag_id 
    where
        t1_0.post_id = any (?)
Hibernate: 
    select
        t1_0.post_id,
        t1_1.id,
        t1_1.color,
        t1_1.name,
        t1_1.usage_count 
    from
        post_tags t1_0 
    join
        tags t1_1 
            on t1_1.id=t1_0.tag_id 
    where
        t1_0.post_id = any (?)
18:23:33.196 &amp#27;[34mINFO &amp#27;[0;39m [           main] &amp#27;[36mcom.synora.config.RequestLoggingFilter  &amp#27;[0;39m | 165b6e72 | GET /api/v1/posts 200 93ms
]]></system-out>
  </testcase>
  <testcase name="createPost_unauthenticated_returns401" classname="com.synora.modules.post.PostControllerTest" time="0.003">
    <system-out><![CDATA[18:23:33.204 &amp#27;[39mDEBUG&amp#27;[0;39m [           main] &amp#27;[36mo.s.security.web.FilterChainProxy       &amp#27;[0;39m | 0b9f15b1 | Securing POST /api/v1/posts
18:23:33.204 &amp#27;[39mDEBUG&amp#27;[0;39m [           main] &amp#27;[36mo.s.s.w.a.AnonymousAuthenticationFilter &amp#27;[0;39m | 0b9f15b1 | Set SecurityContextHolder to anonymous SecurityContext
18:23:33.204 &amp#27;[34mINFO &amp#27;[0;39m [           main] &amp#27;[36mcom.synora.config.RequestLoggingFilter  &amp#27;[0;39m | 0b9f15b1 | POST /api/v1/posts 401 1ms
]]></system-out>
  </testcase>
  <testcase name="toggleBookmark_togglesTwice" classname="com.synora.modules.post.PostControllerTest" time="0.309">
    <system-out><![CDATA[18:23:33.204 &amp#27;[39mDEBUG&amp#27;[0;39m [           main] &amp#27;[36mo.s.security.web.FilterChainProxy       &amp#27;[0;39m | 458738ae | Securing POST /api/v1/auth/register
18:23:33.204 &amp#27;[39mDEBUG&amp#27;[0;39m [           main] &amp#27;[36mo.s.s.w.a.AnonymousAuthenticationFilter &amp#27;[0;39m | 458738ae | Set SecurityContextHolder to anonymous SecurityContext
18:23:33.204 &amp#27;[39mDEBUG&amp#27;[0;39m [           main] &amp#27;[36mo.s.security.web.FilterChainProxy       &amp#27;[0;39m | 458738ae | Secured POST /api/v1/auth/register
18:23:33.204 &amp#27;[39mDEBUG&amp#27;[0;39m [           main] &amp#27;[36morg.hibernate.SQL                       &amp#27;[0;39m | 458738ae | 
    select
        u1_0.id 
    from
        users u1_0 
    where
        u1_0.username=? 
    fetch
        first ? rows only
Hibernate: 
    select
        u1_0.id 
    from
        users u1_0 
    where
        u1_0.username=? 
    fetch
        first ? rows only
18:23:33.213 &amp#27;[39mDEBUG&amp#27;[0;39m [           main] &amp#27;[36morg.hibernate.SQL                       &amp#27;[0;39m | 458738ae | 
    select
        u1_0.id 
    from
        users u1_0 
    where
        u1_0.email=? 
    fetch
        first ? rows only
Hibernate: 
    select
        u1_0.id 
    from
        users u1_0 
    where
        u1_0.email=? 
    fetch
        first ? rows only
18:23:33.446 &amp#27;[39mDEBUG&amp#27;[0;39m [           main] &amp#27;[36morg.hibernate.SQL                       &amp#27;[0;39m | 458738ae | 
    insert 
    into
        users
        (is_active, avatar_url, is_banned, bio, created_at, display_name, email, github_url, location, password_hash, reputation_score, role, updated_at, username, website_url, id) 
    values
        (?, ?, ?, ?, ?, ?, ?, ?, ?, ?, ?, ?, ?, ?, ?, ?)
Hibernate: 
    insert 
    into
        users
        (is_active, avatar_url, is_banned, bio, created_at, display_name, email, github_url, location, password_hash, reputation_score, role, updated_at, username, website_url, id) 
    values
        (?, ?, ?, ?, ?, ?, ?, ?, ?, ?, ?, ?, ?, ?, ?, ?)
18:23:33.450 &amp#27;[39mDEBUG&amp#27;[0;39m [           main] &amp#27;[36morg.hibernate.SQL                       &amp#27;[0;39m | 458738ae | 
    insert 
    into
        refresh_tokens
        (created_at, expires_at, token, user_id) 
    values
        (?, ?, ?, ?) 
    returning id
Hibernate: 
    insert 
    into
        refresh_tokens
        (created_at, expires_at, token, user_id) 
    values
        (?, ?, ?, ?) 
    returning id
18:23:33.454 &amp#27;[34mINFO &amp#27;[0;39m [           main] &amp#27;[36mcom.synora.config.RequestLoggingFilter  &amp#27;[0;39m | 458738ae | POST /api/v1/auth/register 201 250ms
18:23:33.455 &amp#27;[39mDEBUG&amp#27;[0;39m [           main] &amp#27;[36mo.s.security.web.FilterChainProxy       &amp#27;[0;39m | 5a722c39 | Securing POST /api/v1/posts
18:23:33.458 &amp#27;[39mDEBUG&amp#27;[0;39m [           main] &amp#27;[36morg.hibernate.SQL                       &amp#27;[0;39m | 5a722c39 | 
    select
        u1_0.id,
        u1_0.is_active,
        u1_0.avatar_url,
        u1_0.is_banned,
        u1_0.bio,
        u1_0.created_at,
        u1_0.display_name,
        u1_0.email,
        u1_0.github_url,
        u1_0.location,
        u1_0.password_hash,
        u1_0.reputation_score,
        u1_0.role,
        u1_0.updated_at,
        u1_0.username,
        u1_0.website_url 
    from
        users u1_0 
    where
        u1_0.username=?
Hibernate: 
    select
        u1_0.id,
        u1_0.is_active,
        u1_0.avatar_url,
        u1_0.is_banned,
        u1_0.bio,
        u1_0.created_at,
        u1_0.display_name,
        u1_0.email,
        u1_0.github_url,
        u1_0.location,
        u1_0.password_hash,
        u1_0.reputation_score,
        u1_0.role,
        u1_0.updated_at,
        u1_0.username,
        u1_0.website_url 
    from
        users u1_0 
    where
        u1_0.username=?
18:23:33.463 &amp#27;[39mDEBUG&amp#27;[0;39m [           main] &amp#27;[36mo.s.security.web.FilterChainProxy       &amp#27;[0;39m | 5a722c39 | Secured POST /api/v1/posts
18:23:33.465 &amp#27;[39mDEBUG&amp#27;[0;39m [           main] &amp#27;[36morg.hibernate.SQL                       &amp#27;[0;39m | 5a722c39 | 
    select
        count(*) 
    from
        post_likes pl1_0 
    where
        (
            pl1_0.post_id, pl1_0.user_id
        )=(
            ?, ?
        )
Hibernate: 
    select
        count(*) 
    from
        post_likes pl1_0 
    where
        (
            pl1_0.post_id, pl1_0.user_id
        )=(
            ?, ?
        )
18:23:33.467 &amp#27;[39mDEBUG&amp#27;[0;39m [           main] &amp#27;[36morg.hibernate.SQL                       &amp#27;[0;39m | 5a722c39 | 
    select
        count(*) 
    from
        post_bookmarks pb1_0 
    where
        (
            pb1_0.post_id, pb1_0.user_id
        )=(
            ?, ?
        )
Hibernate: 
    select
        count(*) 
    from
        post_bookmarks pb1_0 
    where
        (
            pb1_0.post_id, pb1_0.user_id
        )=(
            ?, ?
        )
18:23:33.468 &amp#27;[39mDEBUG&amp#27;[0;39m [           main] &amp#27;[36morg.hibernate.SQL                       &amp#27;[0;39m | 5a722c39 | 
    insert 
    into
        posts
        (author_id, comments_count, content, cover_url, created_at, likes_count, is_pinned, preview, status, title, updated_at, views_count, id) 
    values
        (?, ?, ?, ?, ?, ?, ?, ?, ?, ?, ?, ?, ?)
Hibernate: 
    insert 
    into
        posts
        (author_id, comments_count, content, cover_url, created_at, likes_count, is_pinned, preview, status, title, updated_at, views_count, id) 
    values
        (?, ?, ?, ?, ?, ?, ?, ?, ?, ?, ?, ?, ?)
18:23:33.472 &amp#27;[34mINFO &amp#27;[0;39m [           main] &amp#27;[36mcom.synora.config.RequestLoggingFilter  &amp#27;[0;39m | 5a722c39 | POST /api/v1/posts 201 17ms
18:23:33.473 &amp#27;[39mDEBUG&amp#27;[0;39m [           main] &amp#27;[36mo.s.security.web.FilterChainProxy       &amp#27;[0;39m | 5bbf47f3 | Securing POST /api/v1/posts/87b7f12c-e5ce-4617-bd6c-dc5bd1956c99/bookmark
18:23:33.475 &amp#27;[39mDEBUG&amp#27;[0;39m [           main] &amp#27;[36morg.hibernate.SQL                       &amp#27;[0;39m | 5bbf47f3 | 
    select
        u1_0.id,
        u1_0.is_active,
        u1_0.avatar_url,
        u1_0.is_banned,
        u1_0.bio,
        u1_0.created_at,
        u1_0.display_name,
        u1_0.email,
        u1_0.github_url,
        u1_0.location,
        u1_0.password_hash,
        u1_0.reputation_score,
        u1_0.role,
        u1_0.updated_at,
        u1_0.username,
        u1_0.website_url 
    from
        users u1_0 
    where
        u1_0.username=?
Hibernate: 
    select
        u1_0.id,
        u1_0.is_active,
        u1_0.avatar_url,
        u1_0.is_banned,
        u1_0.bio,
        u1_0.created_at,
        u1_0.display_name,
        u1_0.email,
        u1_0.github_url,
        u1_0.location,
        u1_0.password_hash,
        u1_0.reputation_score,
        u1_0.role,
        u1_0.updated_at,
        u1_0.username,
        u1_0.website_url 
    from
        users u1_0 
    where
        u1_0.username=?
18:23:33.479 &amp#27;[39mDEBUG&amp#27;[0;39m [           main] &amp#27;[36mo.s.security.web.FilterChainProxy       &amp#27;[0;39m | 5bbf47f3 | Secured POST /api/v1/posts/87b7f12c-e5ce-4617-bd6c-dc5bd1956c99/bookmark
18:23:33.480 &amp#27;[39mDEBUG&amp#27;[0;39m [           main] &amp#27;[36morg.hibernate.SQL                       &amp#27;[0;39m | 5bbf47f3 | 
    select
        p1_0.id,
        p1_0.author_id,
        p1_0.comments_count,
        p1_0.content,
        p1_0.cover_url,
        p1_0.created_at,
        p1_0.likes_count,
        p1_0.is_pinned,
        p1_0.preview,
        p1_0.status,
        p1_0.title,
        p1_0.updated_at,
        p1_0.views_count 
    from
        posts p1_0 
    where
        p1_0.id=?
Hibernate: 
    select
        p1_0.id,
        p1_0.author_id,
        p1_0.comments_count,
        p1_0.content,
        p1_0.cover_url,
        p1_0.created_at,
        p1_0.likes_count,
        p1_0.is_pinned,
        p1_0.preview,
        p1_0.status,
        p1_0.title,
        p1_0.updated_at,
        p1_0.views_count 
    from
        posts p1_0 
    where
        p1_0.id=?
18:23:33.483 &amp#27;[39mDEBUG&amp#27;[0;39m [           main] &amp#27;[36morg.hibernate.SQL                       &amp#27;[0;39m | 5bbf47f3 | 
    select
        count(*) 
    from
        post_bookmarks pb1_0 
    where
        (
            pb1_0.post_id, pb1_0.user_id
        )=(
            ?, ?
        )
Hibernate: 
    select
        count(*) 
    from
        post_bookmarks pb1_0 
    where
        (
            pb1_0.post_id, pb1_0.user_id
        )=(
            ?, ?
        )
18:23:33.485 &amp#27;[39mDEBUG&amp#27;[0;39m [           main] &amp#27;[36morg.hibernate.SQL                       &amp#27;[0;39m | 5bbf47f3 | 
    select
        pb1_0.post_id,
        pb1_0.user_id,
        pb1_0.created_at 
    from
        post_bookmarks pb1_0 
    where
        (
            pb1_0.post_id, pb1_0.user_id
        ) in ((?, ?))
Hibernate: 
    select
        pb1_0.post_id,
        pb1_0.user_id,
        pb1_0.created_at 
    from
        post_bookmarks pb1_0 
    where
        (
            pb1_0.post_id, pb1_0.user_id
        ) in ((?, ?))
18:23:33.489 &amp#27;[39mDEBUG&amp#27;[0;39m [           main] &amp#27;[36morg.hibernate.SQL                       &amp#27;[0;39m | 5bbf47f3 | 
    insert 
    into
        post_bookmarks
        (created_at, post_id, user_id) 
    values
        (?, ?, ?)
Hibernate: 
    insert 
    into
        post_bookmarks
        (created_at, post_id, user_id) 
    values
        (?, ?, ?)
18:23:33.493 &amp#27;[34mINFO &amp#27;[0;39m [           main] &amp#27;[36mcom.synora.config.RequestLoggingFilter  &amp#27;[0;39m | 5bbf47f3 | POST /api/v1/posts/87b7f12c-e5ce-4617-bd6c-dc5bd1956c99/bookmark 200 20ms
18:23:33.494 &amp#27;[39mDEBUG&amp#27;[0;39m [           main] &amp#27;[36mo.s.security.web.FilterChainProxy       &amp#27;[0;39m | 33660d44 | Securing POST /api/v1/posts/87b7f12c-e5ce-4617-bd6c-dc5bd1956c99/bookmark
18:23:33.495 &amp#27;[39mDEBUG&amp#27;[0;39m [           main] &amp#27;[36morg.hibernate.SQL                       &amp#27;[0;39m | 33660d44 | 
    select
        u1_0.id,
        u1_0.is_active,
        u1_0.avatar_url,
        u1_0.is_banned,
        u1_0.bio,
        u1_0.created_at,
        u1_0.display_name,
        u1_0.email,
        u1_0.github_url,
        u1_0.location,
        u1_0.password_hash,
        u1_0.reputation_score,
        u1_0.role,
        u1_0.updated_at,
        u1_0.username,
        u1_0.website_url 
    from
        users u1_0 
    where
        u1_0.username=?
Hibernate: 
    select
        u1_0.id,
        u1_0.is_active,
        u1_0.avatar_url,
        u1_0.is_banned,
        u1_0.bio,
        u1_0.created_at,
        u1_0.display_name,
        u1_0.email,
        u1_0.github_url,
        u1_0.location,
        u1_0.password_hash,
        u1_0.reputation_score,
        u1_0.role,
        u1_0.updated_at,
        u1_0.username,
        u1_0.website_url 
    from
        users u1_0 
    where
        u1_0.username=?
18:23:33.500 &amp#27;[39mDEBUG&amp#27;[0;39m [           main] &amp#27;[36mo.s.security.web.FilterChainProxy       &amp#27;[0;39m | 33660d44 | Secured POST /api/v1/posts/87b7f12c-e5ce-4617-bd6c-dc5bd1956c99/bookmark
18:23:33.500 &amp#27;[39mDEBUG&amp#27;[0;39m [           main] &amp#27;[36morg.hibernate.SQL                       &amp#27;[0;39m | 33660d44 | 
    select
        p1_0.id,
        p1_0.author_id,
        p1_0.comments_count,
        p1_0.content,
        p1_0.cover_url,
        p1_0.created_at,
        p1_0.likes_count,
        p1_0.is_pinned,
        p1_0.preview,
        p1_0.status,
        p1_0.title,
        p1_0.updated_at,
        p1_0.views_count 
    from
        posts p1_0 
    where
        p1_0.id=?
Hibernate: 
    select
        p1_0.id,
        p1_0.author_id,
        p1_0.comments_count,
        p1_0.content,
        p1_0.cover_url,
        p1_0.created_at,
        p1_0.likes_count,
        p1_0.is_pinned,
        p1_0.preview,
        p1_0.status,
        p1_0.title,
        p1_0.updated_at,
        p1_0.views_count 
    from
        posts p1_0 
    where
        p1_0.id=?
18:23:33.503 &amp#27;[39mDEBUG&amp#27;[0;39m [           main] &amp#27;[36morg.hibernate.SQL                       &amp#27;[0;39m | 33660d44 | 
    select
        count(*) 
    from
        post_bookmarks pb1_0 
    where
        (
            pb1_0.post_id, pb1_0.user_id
        )=(
            ?, ?
        )
Hibernate: 
    select
        count(*) 
    from
        post_bookmarks pb1_0 
    where
        (
            pb1_0.post_id, pb1_0.user_id
        )=(
            ?, ?
        )
18:23:33.505 &amp#27;[39mDEBUG&amp#27;[0;39m [           main] &amp#27;[36morg.hibernate.SQL                       &amp#27;[0;39m | 33660d44 | 
    select
        pb1_0.post_id,
        pb1_0.user_id,
        pb1_0.created_at 
    from
        post_bookmarks pb1_0 
    where
        (
            pb1_0.post_id, pb1_0.user_id
        ) in ((?, ?))
Hibernate: 
    select
        pb1_0.post_id,
        pb1_0.user_id,
        pb1_0.created_at 
    from
        post_bookmarks pb1_0 
    where
        (
            pb1_0.post_id, pb1_0.user_id
        ) in ((?, ?))
18:23:33.508 &amp#27;[39mDEBUG&amp#27;[0;39m [           main] &amp#27;[36morg.hibernate.SQL                       &amp#27;[0;39m | 33660d44 | 
    delete 
    from
        post_bookmarks 
    where
        post_id=? 
        and user_id=?
Hibernate: 
    delete 
    from
        post_bookmarks 
    where
        post_id=? 
        and user_id=?
18:23:33.511 &amp#27;[34mINFO &amp#27;[0;39m [           main] &amp#27;[36mcom.synora.config.RequestLoggingFilter  &amp#27;[0;39m | 33660d44 | POST /api/v1/posts/87b7f12c-e5ce-4617-bd6c-dc5bd1956c99/bookmark 200 17ms
]]></system-out>
  </testcase>
  <testcase name="deletePost_byOtherUser_returns403" classname="com.synora.modules.post.PostControllerTest" time="0.503">
    <system-out><![CDATA[18:23:33.515 &amp#27;[39mDEBUG&amp#27;[0;39m [           main] &amp#27;[36mo.s.security.web.FilterChainProxy       &amp#27;[0;39m | e20396c8 | Securing POST /api/v1/auth/register
18:23:33.515 &amp#27;[39mDEBUG&amp#27;[0;39m [           main] &amp#27;[36mo.s.s.w.a.AnonymousAuthenticationFilter &amp#27;[0;39m | e20396c8 | Set SecurityContextHolder to anonymous SecurityContext
18:23:33.515 &amp#27;[39mDEBUG&amp#27;[0;39m [           main] &amp#27;[36mo.s.security.web.FilterChainProxy       &amp#27;[0;39m | e20396c8 | Secured POST /api/v1/auth/register
18:23:33.517 &amp#27;[39mDEBUG&amp#27;[0;39m [           main] &amp#27;[36morg.hibernate.SQL                       &amp#27;[0;39m | e20396c8 | 
    select
        u1_0.id 
    from
        users u1_0 
    where
        u1_0.username=? 
    fetch
        first ? rows only
Hibernate: 
    select
        u1_0.id 
    from
        users u1_0 
    where
        u1_0.username=? 
    fetch
        first ? rows only
18:23:33.519 &amp#27;[39mDEBUG&amp#27;[0;39m [           main] &amp#27;[36morg.hibernate.SQL                       &amp#27;[0;39m | e20396c8 | 
    select
        u1_0.id 
    from
        users u1_0 
    where
        u1_0.email=? 
    fetch
        first ? rows only
Hibernate: 
    select
        u1_0.id 
    from
        users u1_0 
    where
        u1_0.email=? 
    fetch
        first ? rows only
18:23:33.742 &amp#27;[39mDEBUG&amp#27;[0;39m [           main] &amp#27;[36morg.hibernate.SQL                       &amp#27;[0;39m | e20396c8 | 
    insert 
    into
        users
        (is_active, avatar_url, is_banned, bio, created_at, display_name, email, github_url, location, password_hash, reputation_score, role, updated_at, username, website_url, id) 
    values
        (?, ?, ?, ?, ?, ?, ?, ?, ?, ?, ?, ?, ?, ?, ?, ?)
Hibernate: 
    insert 
    into
        users
        (is_active, avatar_url, is_banned, bio, created_at, display_name, email, github_url, location, password_hash, reputation_score, role, updated_at, username, website_url, id) 
    values
        (?, ?, ?, ?, ?, ?, ?, ?, ?, ?, ?, ?, ?, ?, ?, ?)
18:23:33.744 &amp#27;[39mDEBUG&amp#27;[0;39m [           main] &amp#27;[36morg.hibernate.SQL                       &amp#27;[0;39m | e20396c8 | 
    insert 
    into
        refresh_tokens
        (created_at, expires_at, token, user_id) 
    values
        (?, ?, ?, ?) 
    returning id
Hibernate: 
    insert 
    into
        refresh_tokens
        (created_at, expires_at, token, user_id) 
    values
        (?, ?, ?, ?) 
    returning id
18:23:33.748 &amp#27;[34mINFO &amp#27;[0;39m [           main] &amp#27;[36mcom.synora.config.RequestLoggingFilter  &amp#27;[0;39m | e20396c8 | POST /api/v1/auth/register 201 233ms
18:23:33.749 &amp#27;[39mDEBUG&amp#27;[0;39m [           main] &amp#27;[36mo.s.security.web.FilterChainProxy       &amp#27;[0;39m | 9988201c | Securing POST /api/v1/auth/register
18:23:33.749 &amp#27;[39mDEBUG&amp#27;[0;39m [           main] &amp#27;[36mo.s.s.w.a.AnonymousAuthenticationFilter &amp#27;[0;39m | 9988201c | Set SecurityContextHolder to anonymous SecurityContext
18:23:33.749 &amp#27;[39mDEBUG&amp#27;[0;39m [           main] &amp#27;[36mo.s.security.web.FilterChainProxy       &amp#27;[0;39m | 9988201c | Secured POST /api/v1/auth/register
18:23:33.751 &amp#27;[39mDEBUG&amp#27;[0;39m [           main] &amp#27;[36morg.hibernate.SQL                       &amp#27;[0;39m | 9988201c | 
    select
        u1_0.id 
    from
        users u1_0 
    where
        u1_0.username=? 
    fetch
        first ? rows only
Hibernate: 
    select
        u1_0.id 
    from
        users u1_0 
    where
        u1_0.username=? 
    fetch
        first ? rows only
18:23:33.753 &amp#27;[39mDEBUG&amp#27;[0;39m [           main] &amp#27;[36morg.hibernate.SQL                       &amp#27;[0;39m | 9988201c | 
    select
        u1_0.id 
    from
        users u1_0 
    where
        u1_0.email=? 
    fetch
        first ? rows only
Hibernate: 
    select
        u1_0.id 
    from
        users u1_0 
    where
        u1_0.email=? 
    fetch
        first ? rows only
18:23:33.964 &amp#27;[39mDEBUG&amp#27;[0;39m [           main] &amp#27;[36morg.hibernate.SQL                       &amp#27;[0;39m | 9988201c | 
    insert 
    into
        users
        (is_active, avatar_url, is_banned, bio, created_at, display_name, email, github_url, location, password_hash, reputation_score, role, updated_at, username, website_url, id) 
    values
        (?, ?, ?, ?, ?, ?, ?, ?, ?, ?, ?, ?, ?, ?, ?, ?)
Hibernate: 
    insert 
    into
        users
        (is_active, avatar_url, is_banned, bio, created_at, display_name, email, github_url, location, password_hash, reputation_score, role, updated_at, username, website_url, id) 
    values
        (?, ?, ?, ?, ?, ?, ?, ?, ?, ?, ?, ?, ?, ?, ?, ?)
18:23:33.977 &amp#27;[39mDEBUG&amp#27;[0;39m [           main] &amp#27;[36morg.hibernate.SQL                       &amp#27;[0;39m | 9988201c | 
    insert 
    into
        refresh_tokens
        (created_at, expires_at, token, user_id) 
    values
        (?, ?, ?, ?) 
    returning id
Hibernate: 
    insert 
    into
        refresh_tokens
        (created_at, expires_at, token, user_id) 
    values
        (?, ?, ?, ?) 
    returning id
18:23:33.982 &amp#27;[34mINFO &amp#27;[0;39m [           main] &amp#27;[36mcom.synora.config.RequestLoggingFilter  &amp#27;[0;39m | 9988201c | POST /api/v1/auth/register 201 234ms
18:23:33.982 &amp#27;[39mDEBUG&amp#27;[0;39m [           main] &amp#27;[36mo.s.security.web.FilterChainProxy       &amp#27;[0;39m | 0e6d53bb | Securing POST /api/v1/posts
18:23:33.982 &amp#27;[39mDEBUG&amp#27;[0;39m [           main] &amp#27;[36morg.hibernate.SQL                       &amp#27;[0;39m | 0e6d53bb | 
    select
        u1_0.id,
        u1_0.is_active,
        u1_0.avatar_url,
        u1_0.is_banned,
        u1_0.bio,
        u1_0.created_at,
        u1_0.display_name,
        u1_0.email,
        u1_0.github_url,
        u1_0.location,
        u1_0.password_hash,
        u1_0.reputation_score,
        u1_0.role,
        u1_0.updated_at,
        u1_0.username,
        u1_0.website_url 
    from
        users u1_0 
    where
        u1_0.username=?
Hibernate: 
    select
        u1_0.id,
        u1_0.is_active,
        u1_0.avatar_url,
        u1_0.is_banned,
        u1_0.bio,
        u1_0.created_at,
        u1_0.display_name,
        u1_0.email,
        u1_0.github_url,
        u1_0.location,
        u1_0.password_hash,
        u1_0.reputation_score,
        u1_0.role,
        u1_0.updated_at,
        u1_0.username,
        u1_0.website_url 
    from
        users u1_0 
    where
        u1_0.username=?
18:23:33.988 &amp#27;[39mDEBUG&amp#27;[0;39m [           main] &amp#27;[36mo.s.security.web.FilterChainProxy       &amp#27;[0;39m | 0e6d53bb | Secured POST /api/v1/posts
18:23:33.990 &amp#27;[39mDEBUG&amp#27;[0;39m [           main] &amp#27;[36morg.hibernate.SQL                       &amp#27;[0;39m | 0e6d53bb | 
    select
        count(*) 
    from
        post_likes pl1_0 
    where
        (
            pl1_0.post_id, pl1_0.user_id
        )=(
            ?, ?
        )
Hibernate: 
    select
        count(*) 
    from
        post_likes pl1_0 
    where
        (
            pl1_0.post_id, pl1_0.user_id
        )=(
            ?, ?
        )
18:23:33.993 &amp#27;[39mDEBUG&amp#27;[0;39m [           main] &amp#27;[36morg.hibernate.SQL                       &amp#27;[0;39m | 0e6d53bb | 
    select
        count(*) 
    from
        post_bookmarks pb1_0 
    where
        (
            pb1_0.post_id, pb1_0.user_id
        )=(
            ?, ?
        )
Hibernate: 
    select
        count(*) 
    from
        post_bookmarks pb1_0 
    where
        (
            pb1_0.post_id, pb1_0.user_id
        )=(
            ?, ?
        )
18:23:33.995 &amp#27;[39mDEBUG&amp#27;[0;39m [           main] &amp#27;[36morg.hibernate.SQL                       &amp#27;[0;39m | 0e6d53bb | 
    insert 
    into
        posts
        (author_id, comments_count, content, cover_url, created_at, likes_count, is_pinned, preview, status, title, updated_at, views_count, id) 
    values
        (?, ?, ?, ?, ?, ?, ?, ?, ?, ?, ?, ?, ?)
Hibernate: 
    insert 
    into
        posts
        (author_id, comments_count, content, cover_url, created_at, likes_count, is_pinned, preview, status, title, updated_at, views_count, id) 
    values
        (?, ?, ?, ?, ?, ?, ?, ?, ?, ?, ?, ?, ?)
18:23:34.000 &amp#27;[34mINFO &amp#27;[0;39m [           main] &amp#27;[36mcom.synora.config.RequestLoggingFilter  &amp#27;[0;39m | 0e6d53bb | POST /api/v1/posts 201 18ms
18:23:34.000 &amp#27;[39mDEBUG&amp#27;[0;39m [           main] &amp#27;[36mo.s.security.web.FilterChainProxy       &amp#27;[0;39m | a052643c | Securing DELETE /api/v1/posts/7e1716a6-21ac-4fdb-95f9-9c4fb68fc739
18:23:34.002 &amp#27;[39mDEBUG&amp#27;[0;39m [           main] &amp#27;[36morg.hibernate.SQL                       &amp#27;[0;39m | a052643c | 
    select
        u1_0.id,
        u1_0.is_active,
        u1_0.avatar_url,
        u1_0.is_banned,
        u1_0.bio,
        u1_0.created_at,
        u1_0.display_name,
        u1_0.email,
        u1_0.github_url,
        u1_0.location,
        u1_0.password_hash,
        u1_0.reputation_score,
        u1_0.role,
        u1_0.updated_at,
        u1_0.username,
        u1_0.website_url 
    from
        users u1_0 
    where
        u1_0.username=?
Hibernate: 
    select
        u1_0.id,
        u1_0.is_active,
        u1_0.avatar_url,
        u1_0.is_banned,
        u1_0.bio,
        u1_0.created_at,
        u1_0.display_name,
        u1_0.email,
        u1_0.github_url,
        u1_0.location,
        u1_0.password_hash,
        u1_0.reputation_score,
        u1_0.role,
        u1_0.updated_at,
        u1_0.username,
        u1_0.website_url 
    from
        users u1_0 
    where
        u1_0.username=?
18:23:34.008 &amp#27;[39mDEBUG&amp#27;[0;39m [           main] &amp#27;[36mo.s.security.web.FilterChainProxy       &amp#27;[0;39m | a052643c | Secured DELETE /api/v1/posts/7e1716a6-21ac-4fdb-95f9-9c4fb68fc739
18:23:34.009 &amp#27;[39mDEBUG&amp#27;[0;39m [           main] &amp#27;[36morg.hibernate.SQL                       &amp#27;[0;39m | a052643c | 
    select
        p1_0.id,
        p1_0.author_id,
        p1_0.comments_count,
        p1_0.content,
        p1_0.cover_url,
        p1_0.created_at,
        p1_0.likes_count,
        p1_0.is_pinned,
        p1_0.preview,
        p1_0.status,
        p1_0.title,
        p1_0.updated_at,
        p1_0.views_count 
    from
        posts p1_0 
    where
        p1_0.id=?
Hibernate: 
    select
        p1_0.id,
        p1_0.author_id,
        p1_0.comments_count,
        p1_0.content,
        p1_0.cover_url,
        p1_0.created_at,
        p1_0.likes_count,
        p1_0.is_pinned,
        p1_0.preview,
        p1_0.status,
        p1_0.title,
        p1_0.updated_at,
        p1_0.views_count 
    from
        posts p1_0 
    where
        p1_0.id=?
18:23:34.013 &amp#27;[31mWARN &amp#27;[0;39m [           main] &amp#27;[36mc.s.s.exception.GlobalExceptionHandler  &amp#27;[0;39m | a052643c | AppException [FORBIDDEN]: Access denied
18:23:34.014 &amp#27;[34mINFO &amp#27;[0;39m [           main] &amp#27;[36mcom.synora.config.RequestLoggingFilter  &amp#27;[0;39m | a052643c | DELETE /api/v1/posts/7e1716a6-21ac-4fdb-95f9-9c4fb68fc739 403 14ms
]]></system-out>
  </testcase>
  <testcase name="getPost_existingId_returnsPost" classname="com.synora.modules.post.PostControllerTest" time="0.282">
    <system-out><![CDATA[18:23:34.017 &amp#27;[39mDEBUG&amp#27;[0;39m [           main] &amp#27;[36mo.s.security.web.FilterChainProxy       &amp#27;[0;39m | 2bdad51a | Securing POST /api/v1/auth/register
18:23:34.017 &amp#27;[39mDEBUG&amp#27;[0;39m [           main] &amp#27;[36mo.s.s.w.a.AnonymousAuthenticationFilter &amp#27;[0;39m | 2bdad51a | Set SecurityContextHolder to anonymous SecurityContext
18:23:34.018 &amp#27;[39mDEBUG&amp#27;[0;39m [           main] &amp#27;[36mo.s.security.web.FilterChainProxy       &amp#27;[0;39m | 2bdad51a | Secured POST /api/v1/auth/register
18:23:34.020 &amp#27;[39mDEBUG&amp#27;[0;39m [           main] &amp#27;[36morg.hibernate.SQL                       &amp#27;[0;39m | 2bdad51a | 
    select
        u1_0.id 
    from
        users u1_0 
    where
        u1_0.username=? 
    fetch
        first ? rows only
Hibernate: 
    select
        u1_0.id 
    from
        users u1_0 
    where
        u1_0.username=? 
    fetch
        first ? rows only
18:23:34.022 &amp#27;[39mDEBUG&amp#27;[0;39m [           main] &amp#27;[36morg.hibernate.SQL                       &amp#27;[0;39m | 2bdad51a | 
    select
        u1_0.id 
    from
        users u1_0 
    where
        u1_0.email=? 
    fetch
        first ? rows only
Hibernate: 
    select
        u1_0.id 
    from
        users u1_0 
    where
        u1_0.email=? 
    fetch
        first ? rows only
18:23:34.240 &amp#27;[39mDEBUG&amp#27;[0;39m [           main] &amp#27;[36morg.hibernate.SQL                       &amp#27;[0;39m | 2bdad51a | 
    insert 
    into
        users
        (is_active, avatar_url, is_banned, bio, created_at, display_name, email, github_url, location, password_hash, reputation_score, role, updated_at, username, website_url, id) 
    values
        (?, ?, ?, ?, ?, ?, ?, ?, ?, ?, ?, ?, ?, ?, ?, ?)
Hibernate: 
    insert 
    into
        users
        (is_active, avatar_url, is_banned, bio, created_at, display_name, email, github_url, location, password_hash, reputation_score, role, updated_at, username, website_url, id) 
    values
        (?, ?, ?, ?, ?, ?, ?, ?, ?, ?, ?, ?, ?, ?, ?, ?)
18:23:34.245 &amp#27;[39mDEBUG&amp#27;[0;39m [           main] &amp#27;[36morg.hibernate.SQL                       &amp#27;[0;39m | 2bdad51a | 
    insert 
    into
        refresh_tokens
        (created_at, expires_at, token, user_id) 
    values
        (?, ?, ?, ?) 
    returning id
Hibernate: 
    insert 
    into
        refresh_tokens
        (created_at, expires_at, token, user_id) 
    values
        (?, ?, ?, ?) 
    returning id
18:23:34.248 &amp#27;[34mINFO &amp#27;[0;39m [           main] &amp#27;[36mcom.synora.config.RequestLoggingFilter  &amp#27;[0;39m | 2bdad51a | POST /api/v1/auth/register 201 231ms
18:23:34.249 &amp#27;[39mDEBUG&amp#27;[0;39m [           main] &amp#27;[36mo.s.security.web.FilterChainProxy       &amp#27;[0;39m | 896c2a84 | Securing POST /api/v1/posts
18:23:34.252 &amp#27;[39mDEBUG&amp#27;[0;39m [           main] &amp#27;[36morg.hibernate.SQL                       &amp#27;[0;39m | 896c2a84 | 
    select
        u1_0.id,
        u1_0.is_active,
        u1_0.avatar_url,
        u1_0.is_banned,
        u1_0.bio,
        u1_0.created_at,
        u1_0.display_name,
        u1_0.email,
        u1_0.github_url,
        u1_0.location,
        u1_0.password_hash,
        u1_0.reputation_score,
        u1_0.role,
        u1_0.updated_at,
        u1_0.username,
        u1_0.website_url 
    from
        users u1_0 
    where
        u1_0.username=?
Hibernate: 
    select
        u1_0.id,
        u1_0.is_active,
        u1_0.avatar_url,
        u1_0.is_banned,
        u1_0.bio,
        u1_0.created_at,
        u1_0.display_name,
        u1_0.email,
        u1_0.github_url,
        u1_0.location,
        u1_0.password_hash,
        u1_0.reputation_score,
        u1_0.role,
        u1_0.updated_at,
        u1_0.username,
        u1_0.website_url 
    from
        users u1_0 
    where
        u1_0.username=?
18:23:34.257 &amp#27;[39mDEBUG&amp#27;[0;39m [           main] &amp#27;[36mo.s.security.web.FilterChainProxy       &amp#27;[0;39m | 896c2a84 | Secured POST /api/v1/posts
18:23:34.260 &amp#27;[39mDEBUG&amp#27;[0;39m [           main] &amp#27;[36morg.hibernate.SQL                       &amp#27;[0;39m | 896c2a84 | 
    select
        count(*) 
    from
        post_likes pl1_0 
    where
        (
            pl1_0.post_id, pl1_0.user_id
        )=(
            ?, ?
        )
Hibernate: 
    select
        count(*) 
    from
        post_likes pl1_0 
    where
        (
            pl1_0.post_id, pl1_0.user_id
        )=(
            ?, ?
        )
18:23:34.262 &amp#27;[39mDEBUG&amp#27;[0;39m [           main] &amp#27;[36morg.hibernate.SQL                       &amp#27;[0;39m | 896c2a84 | 
    select
        count(*) 
    from
        post_bookmarks pb1_0 
    where
        (
            pb1_0.post_id, pb1_0.user_id
        )=(
            ?, ?
        )
Hibernate: 
    select
        count(*) 
    from
        post_bookmarks pb1_0 
    where
        (
            pb1_0.post_id, pb1_0.user_id
        )=(
            ?, ?
        )
18:23:34.264 &amp#27;[39mDEBUG&amp#27;[0;39m [           main] &amp#27;[36morg.hibernate.SQL                       &amp#27;[0;39m | 896c2a84 | 
    insert 
    into
        posts
        (author_id, comments_count, content, cover_url, created_at, likes_count, is_pinned, preview, status, title, updated_at, views_count, id) 
    values
        (?, ?, ?, ?, ?, ?, ?, ?, ?, ?, ?, ?, ?)
Hibernate: 
    insert 
    into
        posts
        (author_id, comments_count, content, cover_url, created_at, likes_count, is_pinned, preview, status, title, updated_at, views_count, id) 
    values
        (?, ?, ?, ?, ?, ?, ?, ?, ?, ?, ?, ?, ?)
18:23:34.270 &amp#27;[34mINFO &amp#27;[0;39m [           main] &amp#27;[36mcom.synora.config.RequestLoggingFilter  &amp#27;[0;39m | 896c2a84 | POST /api/v1/posts 201 21ms
18:23:34.270 &amp#27;[39mDEBUG&amp#27;[0;39m [           main] &amp#27;[36mo.s.security.web.FilterChainProxy       &amp#27;[0;39m | 83863499 | Securing GET /api/v1/posts/a5faa7a7-76da-44d2-8856-ff88bfb46760
18:23:34.272 &amp#27;[39mDEBUG&amp#27;[0;39m [           main] &amp#27;[36morg.hibernate.SQL                       &amp#27;[0;39m | 83863499 | 
    select
        u1_0.id,
        u1_0.is_active,
        u1_0.avatar_url,
        u1_0.is_banned,
        u1_0.bio,
        u1_0.created_at,
        u1_0.display_name,
        u1_0.email,
        u1_0.github_url,
        u1_0.location,
        u1_0.password_hash,
        u1_0.reputation_score,
        u1_0.role,
        u1_0.updated_at,
        u1_0.username,
        u1_0.website_url 
    from
        users u1_0 
    where
        u1_0.username=?
Hibernate: 
    select
        u1_0.id,
        u1_0.is_active,
        u1_0.avatar_url,
        u1_0.is_banned,
        u1_0.bio,
        u1_0.created_at,
        u1_0.display_name,
        u1_0.email,
        u1_0.github_url,
        u1_0.location,
        u1_0.password_hash,
        u1_0.reputation_score,
        u1_0.role,
        u1_0.updated_at,
        u1_0.username,
        u1_0.website_url 
    from
        users u1_0 
    where
        u1_0.username=?
18:23:34.277 &amp#27;[39mDEBUG&amp#27;[0;39m [           main] &amp#27;[36mo.s.security.web.FilterChainProxy       &amp#27;[0;39m | 83863499 | Secured GET /api/v1/posts/a5faa7a7-76da-44d2-8856-ff88bfb46760
18:23:34.278 &amp#27;[39mDEBUG&amp#27;[0;39m [           main] &amp#27;[36morg.hibernate.SQL                       &amp#27;[0;39m | 83863499 | 
    select
        p1_0.id,
        p1_0.author_id,
        p1_0.comments_count,
        p1_0.content,
        p1_0.cover_url,
        p1_0.created_at,
        p1_0.likes_count,
        p1_0.is_pinned,
        p1_0.preview,
        p1_0.status,
        p1_0.title,
        p1_0.updated_at,
        p1_0.views_count 
    from
        posts p1_0 
    where
        p1_0.id=?
Hibernate: 
    select
        p1_0.id,
        p1_0.author_id,
        p1_0.comments_count,
        p1_0.content,
        p1_0.cover_url,
        p1_0.created_at,
        p1_0.likes_count,
        p1_0.is_pinned,
        p1_0.preview,
        p1_0.status,
        p1_0.title,
        p1_0.updated_at,
        p1_0.views_count 
    from
        posts p1_0 
    where
        p1_0.id=?
18:23:34.282 &amp#27;[39mDEBUG&amp#27;[0;39m [           main] &amp#27;[36morg.hibernate.SQL                       &amp#27;[0;39m | 83863499 | 
    update
        posts p1_0 
    set
        views_count=(p1_0.views_count+1) 
    where
        p1_0.id=?
Hibernate: 
    update
        posts p1_0 
    set
        views_count=(p1_0.views_count+1) 
    where
        p1_0.id=?
18:23:34.285 &amp#27;[39mDEBUG&amp#27;[0;39m [           main] &amp#27;[36morg.hibernate.SQL                       &amp#27;[0;39m | 83863499 | 
    select
        count(*) 
    from
        post_likes pl1_0 
    where
        (
            pl1_0.post_id, pl1_0.user_id
        )=(
            ?, ?
        )
Hibernate: 
    select
        count(*) 
    from
        post_likes pl1_0 
    where
        (
            pl1_0.post_id, pl1_0.user_id
        )=(
            ?, ?
        )
18:23:34.287 &amp#27;[39mDEBUG&amp#27;[0;39m [           main] &amp#27;[36morg.hibernate.SQL                       &amp#27;[0;39m | 83863499 | 
    select
        count(*) 
    from
        post_bookmarks pb1_0 
    where
        (
            pb1_0.post_id, pb1_0.user_id
        )=(
            ?, ?
        )
Hibernate: 
    select
        count(*) 
    from
        post_bookmarks pb1_0 
    where
        (
            pb1_0.post_id, pb1_0.user_id
        )=(
            ?, ?
        )
18:23:34.289 &amp#27;[39mDEBUG&amp#27;[0;39m [           main] &amp#27;[36morg.hibernate.SQL                       &amp#27;[0;39m | 83863499 | 
    select
        u1_0.id,
        u1_0.is_active,
        u1_0.avatar_url,
        u1_0.is_banned,
        u1_0.bio,
        u1_0.created_at,
        u1_0.display_name,
        u1_0.email,
        u1_0.github_url,
        u1_0.location,
        u1_0.password_hash,
        u1_0.reputation_score,
        u1_0.role,
        u1_0.updated_at,
        u1_0.username,
        u1_0.website_url 
    from
        users u1_0 
    where
        u1_0.id=?
Hibernate: 
    select
        u1_0.id,
        u1_0.is_active,
        u1_0.avatar_url,
        u1_0.is_banned,
        u1_0.bio,
        u1_0.created_at,
        u1_0.display_name,
        u1_0.email,
        u1_0.github_url,
        u1_0.location,
        u1_0.password_hash,
        u1_0.reputation_score,
        u1_0.role,
        u1_0.updated_at,
        u1_0.username,
        u1_0.website_url 
    from
        users u1_0 
    where
        u1_0.id=?
18:23:34.292 &amp#27;[39mDEBUG&amp#27;[0;39m [           main] &amp#27;[36morg.hibernate.SQL                       &amp#27;[0;39m | 83863499 | 
    select
        t1_0.post_id,
        t1_1.id,
        t1_1.color,
        t1_1.name,
        t1_1.usage_count 
    from
        post_tags t1_0 
    join
        tags t1_1 
            on t1_1.id=t1_0.tag_id 
    where
        t1_0.post_id=?
Hibernate: 
    select
        t1_0.post_id,
        t1_1.id,
        t1_1.color,
        t1_1.name,
        t1_1.usage_count 
    from
        post_tags t1_0 
    join
        tags t1_1 
            on t1_1.id=t1_0.tag_id 
    where
        t1_0.post_id=?
18:23:34.296 &amp#27;[34mINFO &amp#27;[0;39m [           main] &amp#27;[36mcom.synora.config.RequestLoggingFilter  &amp#27;[0;39m | 83863499 | GET /api/v1/posts/a5faa7a7-76da-44d2-8856-ff88bfb46760 200 26ms
]]></system-out>
  </testcase>
  <testcase name="createPost_blankTitle_returns400" classname="com.synora.modules.post.PostControllerTest" time="0.245">
    <system-out><![CDATA[18:23:34.300 &amp#27;[39mDEBUG&amp#27;[0;39m [           main] &amp#27;[36mo.s.security.web.FilterChainProxy       &amp#27;[0;39m | a993dcbb | Securing POST /api/v1/auth/register
18:23:34.301 &amp#27;[39mDEBUG&amp#27;[0;39m [           main] &amp#27;[36mo.s.s.w.a.AnonymousAuthenticationFilter &amp#27;[0;39m | a993dcbb | Set SecurityContextHolder to anonymous SecurityContext
18:23:34.301 &amp#27;[39mDEBUG&amp#27;[0;39m [           main] &amp#27;[36mo.s.security.web.FilterChainProxy       &amp#27;[0;39m | a993dcbb | Secured POST /api/v1/auth/register
18:23:34.302 &amp#27;[39mDEBUG&amp#27;[0;39m [           main] &amp#27;[36morg.hibernate.SQL                       &amp#27;[0;39m | a993dcbb | 
    select
        u1_0.id 
    from
        users u1_0 
    where
        u1_0.username=? 
    fetch
        first ? rows only
Hibernate: 
    select
        u1_0.id 
    from
        users u1_0 
    where
        u1_0.username=? 
    fetch
        first ? rows only
18:23:34.304 &amp#27;[39mDEBUG&amp#27;[0;39m [           main] &amp#27;[36morg.hibernate.SQL                       &amp#27;[0;39m | a993dcbb | 
    select
        u1_0.id 
    from
        users u1_0 
    where
        u1_0.email=? 
    fetch
        first ? rows only
Hibernate: 
    select
        u1_0.id 
    from
        users u1_0 
    where
        u1_0.email=? 
    fetch
        first ? rows only
18:23:34.516 &amp#27;[39mDEBUG&amp#27;[0;39m [           main] &amp#27;[36morg.hibernate.SQL                       &amp#27;[0;39m | a993dcbb | 
    insert 
    into
        users
        (is_active, avatar_url, is_banned, bio, created_at, display_name, email, github_url, location, password_hash, reputation_score, role, updated_at, username, website_url, id) 
    values
        (?, ?, ?, ?, ?, ?, ?, ?, ?, ?, ?, ?, ?, ?, ?, ?)
Hibernate: 
    insert 
    into
        users
        (is_active, avatar_url, is_banned, bio, created_at, display_name, email, github_url, location, password_hash, reputation_score, role, updated_at, username, website_url, id) 
    values
        (?, ?, ?, ?, ?, ?, ?, ?, ?, ?, ?, ?, ?, ?, ?, ?)
18:23:34.530 &amp#27;[39mDEBUG&amp#27;[0;39m [           main] &amp#27;[36morg.hibernate.SQL                       &amp#27;[0;39m | a993dcbb | 
    insert 
    into
        refresh_tokens
        (created_at, expires_at, token, user_id) 
    values
        (?, ?, ?, ?) 
    returning id
Hibernate: 
    insert 
    into
        refresh_tokens
        (created_at, expires_at, token, user_id) 
    values
        (?, ?, ?, ?) 
    returning id
18:23:34.534 &amp#27;[34mINFO &amp#27;[0;39m [           main] &amp#27;[36mcom.synora.config.RequestLoggingFilter  &amp#27;[0;39m | a993dcbb | POST /api/v1/auth/register 201 234ms
18:23:34.535 &amp#27;[39mDEBUG&amp#27;[0;39m [           main] &amp#27;[36mo.s.security.web.FilterChainProxy       &amp#27;[0;39m | 58dff7a7 | Securing POST /api/v1/posts
18:23:34.538 &amp#27;[39mDEBUG&amp#27;[0;39m [           main] &amp#27;[36morg.hibernate.SQL                       &amp#27;[0;39m | 58dff7a7 | 
    select
        u1_0.id,
        u1_0.is_active,
        u1_0.avatar_url,
        u1_0.is_banned,
        u1_0.bio,
        u1_0.created_at,
        u1_0.display_name,
        u1_0.email,
        u1_0.github_url,
        u1_0.location,
        u1_0.password_hash,
        u1_0.reputation_score,
        u1_0.role,
        u1_0.updated_at,
        u1_0.username,
        u1_0.website_url 
    from
        users u1_0 
    where
        u1_0.username=?
Hibernate: 
    select
        u1_0.id,
        u1_0.is_active,
        u1_0.avatar_url,
        u1_0.is_banned,
        u1_0.bio,
        u1_0.created_at,
        u1_0.display_name,
        u1_0.email,
        u1_0.github_url,
        u1_0.location,
        u1_0.password_hash,
        u1_0.reputation_score,
        u1_0.role,
        u1_0.updated_at,
        u1_0.username,
        u1_0.website_url 
    from
        users u1_0 
    where
        u1_0.username=?
18:23:34.541 &amp#27;[39mDEBUG&amp#27;[0;39m [           main] &amp#27;[36mo.s.security.web.FilterChainProxy       &amp#27;[0;39m | 58dff7a7 | Secured POST /api/v1/posts
18:23:34.544 &amp#27;[34mINFO &amp#27;[0;39m [           main] &amp#27;[36mcom.synora.config.RequestLoggingFilter  &amp#27;[0;39m | 58dff7a7 | POST /api/v1/posts 400 9ms
]]></system-out>
  </testcase>
</testsuite>