<?xml version="1.0" encoding="UTF-8"?>
<testsuite xmlns:xsi="http://www.w3.org/2001/XMLSchema-instance" xsi:noNamespaceSchemaLocation="https://maven.apache.org/surefire/maven-surefire-plugin/xsd/surefire-test-report-3.0.xsd" version="3.0" name="com.synora.modules.post.PostControllerTest" time="5.2" tests="9" errors="0" skipped="0" failures="0">
  <properties>
[...]
</properties>
  <testcase name="deletePost_byOwner_succeeds" classname="com.synora.modules.post.PostControllerTest" time="0.816">
    <system-out><![CDATA[14:02:28.266 &amp#27;[34mINFO &amp#27;[0;39m [           main] &amp#27;[36mt.c.s.AnnotationConfigContextLoaderUtils&amp#27;[0;39m | none | Could not detect default configuration classes for test class [com.synora.modules.post.PostControllerTest]: PostControllerTest does not declare any static, non-private, non-final, nested classes annotated with @Configuration.
14:02:28.302 &amp#27;[34mINFO &amp#27;[0;39m [           main] &amp#27;[36m.b.t.c.SpringBootTestContextBootstrapper&amp#27;[0;39m | none | Found @SpringBootConfiguration com.synora.SynoraApplication for test class com.synora.modules.post.PostControllerTest
14:02:28.322 &amp#27;[39mDEBUG&amp#27;[0;39m [           main] &amp#27;[36mo.s.security.web.FilterChainProxy       &amp#27;[0;39m | 07c484bd | Securing POST /api/v1/auth/register
14:02:28.322 &amp#27;[39mDEBUG&amp#27;[0;39m [           main] &amp#27;[36mo.s.s.w.a.AnonymousAuthenticationFilter &amp#27;[0;39m | 07c484bd | Set SecurityContextHolder to anonymous SecurityContext
14:02:28.325 &amp#27;[39mDEBUG&amp#27;[0;39m [           main] &amp#27;[36mo.s.security.web.FilterChainProxy       &amp#27;[0;39m | 07c484bd | Secured POST /api/v1/auth/register
14:02:28.330 &amp#27;[39mDEBUG&amp#27;[0;39m [           main] &amp#27;[36morg.hibernate.SQL                       &amp#27;[0;39m | 07c484bd | 
    select
        u1_0.id 
    from
        users u1_0 
    where
        u1_0.username=? 
    fetch
        first ? rows only
Hibernate: 
    select
        u1_0.id 
    from
        users u1_0 
    where
        u1_0.username=? 
    fetch
        first ? rows only
14:02:28.341 &amp#27;[39mDEBUG&amp#27;[0;39m [           main] &amp#27;[36morg.hibernate.SQL                       &amp#27;[0;39m | 07c484bd | 
    select
        u1_0.id 
    from
        users u1_0 
    where
        u1_0.email=? 
    fetch
        first ? rows only
Hibernate: 
    select
        u1_0.id 
    from
        users u1_0 
    where
        u1_0.email=? 
    fetch
        first ? rows only
14:02:28.836 &amp#27;[39mDEBUG&amp#27;[0;39m [           main] &amp#27;[36morg.hibernate.SQL                       &amp#27;[0;39m | 07c484bd | 
    insert 
    into
        users
        (is_active, avatar_url, is_banned, bio, created_at, display_name, email, github_url, location, password_hash, reputation_score, role, updated_at, username, website_url, id) 
    values
        (?, ?, ?, ?, ?, ?, ?, ?, ?, ?, ?, ?, ?, ?, ?, ?)
Hibernate: 
    insert 
    into
        users
        (is_active, avatar_url, is_banned, bio, created_at, display_name, email, github_url, location, password_hash, reputation_score, role, updated_at, username, website_url, id) 
    values
        (?, ?, ?, ?, ?, ?, ?, ?, ?, ?, ?, ?, ?, ?, ?, ?)
14:02:28.844 &amp#27;[39mDEBUG&amp#27;[0;39m [           main] &amp#27;[36morg.hibernate.SQL                       &amp#27;[0;39m | 07c484bd | 
    insert 
    into
        refresh_tokens
        (created_at, expires_at, token, user_id) 
    values
        (?, ?, ?, ?) 
    returning id
Hibernate: 
    insert 
    into
        refresh_tokens
        (created_at, expires_at, token, user_id) 
    values
        (?, ?, ?, ?) 
    returning id
14:02:28.855 &amp#27;[34mINFO &amp#27;[0;39m [           main] &amp#27;[36mcom.synora.config.RequestLoggingFilter  &amp#27;[0;39m | 07c484bd | POST /api/v1/auth/register 201 533ms
14:02:28.860 &amp#27;[39mDEBUG&amp#27;[0;39m [           main] &amp#27;[36mo.s.security.web.FilterChainProxy       &amp#27;[0;39m | 83502d66 | Securing POST /api/v1/posts
14:02:28.865 &amp#27;[39mDEBUG&amp#27;[0;39m [           main] &amp#27;[36morg.hibernate.SQL                       &amp#27;[0;39m | 83502d66 | 
    select
        u1_0.id,
        u1_0.is_active,
        u1_0.avatar_url,
        u1_0.is_banned,
        u1_0.bio,
        u1_0.created_at,
        u1_0.display_name,
        u1_0.email,
        u1_0.github_url,
        u1_0.location,
        u1_0.password_hash,
        u1_0.reputation_score,
        u1_0.role,
        u1_0.updated_at,
        u1_0.username,
        u1_0.website_url 
    from
        users u1_0 
    where
        u1_0.username=?
Hibernate: 
    select
        u1_0.id,
        u1_0.is_active,
        u1_0.avatar_url,
        u1_0.is_banned,
        u1_0.bio,
        u1_0.created_at,
        u1_0.display_name,
        u1_0.email,
        u1_0.github_url,
        u1_0.location,
        u1_0.password_hash,
        u1_0.reputation_score,
        u1_0.role,
        u1_0.updated_at,
        u1_0.username,
        u1_0.website_url 
    from
        users u1_0 
    where
        u1_0.username=?
14:02:28.877 &amp#27;[39mDEBUG&amp#27;[0;39m [           main] &amp#27;[36mo.s.security.web.FilterChainProxy       &amp#27;[0;39m | 83502d66 | Secured POST /api/v1/posts
14:02:28.961 &amp#27;[39mDEBUG&amp#27;[0;39m [           main] &amp#27;[36morg.hibernate.SQL                       &amp#27;[0;39m | 83502d66 | 
    select
        count(*) 
    from
        post_likes pl1_0 
    where
        (
            pl1_0.post_id, pl1_0.user_id
        )=(
            ?, ?
        )
Hibernate: 
    select
        count(*) 
    from
        post_likes pl1_0 
    where
        (
            pl1_0.post_id, pl1_0.user_id
        )=(
            ?, ?
        )
14:02:28.973 &amp#27;[39mDEBUG&amp#27;[0;39m [           main] &amp#27;[36morg.hibernate.SQL                       &amp#27;[0;39m | 83502d66 | 
    select
        count(*) 
    from
        post_bookmarks pb1_0 
    where
        (
            pb1_0.post_id, pb1_0.user_id
        )=(
            ?, ?
        )
Hibernate: 
    select
        count(*) 
    from
        post_bookmarks pb1_0 
    where
        (
            pb1_0.post_id, pb1_0.user_id
        )=(
            ?, ?
        )
14:02:28.983 &amp#27;[39mDEBUG&amp#27;[0;39m [           main] &amp#27;[36morg.hibernate.SQL                       &amp#27;[0;39m | 83502d66 | 
    insert 
    into
        posts
        (author_id, comments_count, content, cover_url, created_at, likes_count, is_pinned, preview, status, title, updated_at, views_count, id) 
    values
        (?, ?, ?, ?, ?, ?, ?, ?, ?, ?, ?, ?, ?)
Hibernate: 
    insert 
    into
        posts
        (author_id, comments_count, content, cover_url, created_at, likes_count, is_pinned, preview, status, title, updated_at, views_count, id) 
    values
        (?, ?, ?, ?, ?, ?, ?, ?, ?, ?, ?, ?, ?)
14:02:29.024 &amp#27;[34mINFO &amp#27;[0;39m [           main] &amp#27;[36mcom.synora.config.RequestLoggingFilter  &amp#27;[0;39m | 83502d66 | POST /api/v1/posts 201 165ms
14:02:29.028 &amp#27;[39mDEBUG&amp#27;[0;39m [           main] &amp#27;[36mo.s.security.web.FilterChainProxy       &amp#27;[0;39m | 35aad645 | Securing DELETE /api/v1/posts/ab91f434-dc56-4e5e-afa9-a6799368d395
14:02:29.029 &amp#27;[39mDEBUG&amp#27;[0;39m [           main] &amp#27;[36morg.hibernate.SQL                       &amp#27;[0;39m | 35aad645 | 
    select
        u1_0.id,
        u1_0.is_active,
        u1_0.avatar_url,
        u1_0.is_banned,
        u1_0.bio,
        u1_0.created_at,
        u1_0.display_name,
        u1_0.email,
        u1_0.github_url,
        u1_0.location,
        u1_0.password_hash,
        u1_0.reputation_score,
        u1_0.role,
        u1_0.updated_at,
        u1_0.username,
        u1_0.website_url 
    from
        users u1_0 
    where
        u1_0.username=?
Hibernate: 
    select
        u1_0.id,
        u1_0.is_active,
        u1_0.avatar_url,
        u1_0.is_banned,
        u1_0.bio,
        u1_0.created_at,
        u1_0.display_name,
        u1_0.email,
        u1_0.github_url,
        u1_0.location,
        u1_0.password_hash,
        u1_0.reputation_score,
        u1_0.role,
        u1_0.updated_at,
        u1_0.username,
        u1_0.website_url 
    from
        users u1_0 
    where
        u1_0.username=?
14:02:29.045 &amp#27;[39mDEBUG&amp#27;[0;39m [           main] &amp#27;[36mo.s.security.web.FilterChainProxy       &amp#27;[0;39m | 35aad645 | Secured DELETE /api/v1/posts/ab91f434-dc56-4e5e-afa9-a6799368d395
14:02:29.049 &amp#27;[39mDEBUG&amp#27;[0;39m [           main] &amp#27;[36morg.hibernate.SQL                       &amp#27;[0;39m | 35aad645 | 
    select
        p1_0.id,
        p1_0.author_id,
        p1_0.comments_count,
        p1_0.content,
        p1_0.cover_url,
        p1_0.created_at,
        p1_0.likes_count,
        p1_0.is_pinned,
        p1_0.preview,
        p1_0.status,
        p1_0.title,
        p1_0.updated_at,
        p1_0.views_count 
    from
        posts p1_0 
    where
        p1_0.id=?
Hibernate: 
    select
        p1_0.id,
        p1_0.author_id,
        p1_0.comments_count,
        p1_0.content,
        p1_0.cover_url,
        p1_0.created_at,
        p1_0.likes_count,
        p1_0.is_pinned,
        p1_0.preview,
        p1_0.status,
        p1_0.title,
        p1_0.updated_at,
        p1_0.views_count 
    from
        posts p1_0 
    where
        p1_0.id=?
14:02:29.082 &amp#27;[39mDEBUG&amp#27;[0;39m [           main] &amp#27;[36morg.hibernate.SQL                       &amp#27;[0;39m | 35aad645 | 
    delete 
    from
        post_tags 
    where
        post_id=?
Hibernate: 
    delete 
    from
        post_tags 
    where
        post_id=?
14:02:29.089 &amp#27;[39mDEBUG&amp#27;[0;39m [           main] &amp#27;[36morg.hibernate.SQL                       &amp#27;[0;39m | 35aad645 | 
    delete 
    from
        posts 
    where
        id=?
Hibernate: 
    delete 
    from
        posts 
    where
        id=?
14:02:29.100 &amp#27;[34mINFO &amp#27;[0;39m [           main] &amp#27;[36mcom.synora.config.RequestLoggingFilter  &amp#27;[0;39m | 35aad645 | DELETE /api/v1/posts/ab91f434-dc56-4e5e-afa9-a6799368d395 200 74ms
14:02:29.103 &amp#27;[39mDEBUG&amp#27;[0;39m [           main] &amp#27;[36mo.s.security.web.FilterChainProxy       &amp#27;[0;39m | 8d6972d5 | Securing GET /api/v1/posts/ab91f434-dc56-4e5e-afa9-a6799368d395
14:02:29.106 &amp#27;[39mDEBUG&amp#27;[0;39m [           main] &amp#27;[36morg.hibernate.SQL                       &amp#27;[0;39m | 8d6972d5 | 
    select
        u1_0.id,
        u1_0.is_active,
        u1_0.avatar_url,
        u1_0.is_banned,
        u1_0.bio,
        u1_0.created_at,
        u1_0.display_name,
        u1_0.email,
        u1_0.github_url,
        u1_0.location,
        u1_0.password_hash,
        u1_0.reputation_score,
        u1_0.role,
        u1_0.updated_at,
        u1_0.username,
        u1_0.website_url 
    from
        users u1_0 
    where
        u1_0.username=?
Hibernate: 
    select
        u1_0.id,
        u1_0.is_active,
        u1_0.avatar_url,
        u1_0.is_banned,
        u1_0.bio,
        u1_0.created_at,
        u1_0.display_name,
        u1_0.email,
        u1_0.github_url,
        u1_0.location,
        u1_0.password_hash,
        u1_0.reputation_score,
        u1_0.role,
        u1_0.updated_at,
        u1_0.username,
        u1_0.website_url 
    from
        users u1_0 
    where
        u1_0.username=?
14:02:29.115 &amp#27;[39mDEBUG&amp#27;[0;39m [           main] &amp#27;[36mo.s.security.web.FilterChainProxy       &amp#27;[0;39m | 8d6972d5 | Secured GET /api/v1/posts/ab91f434-dc56-4e5e-afa9-a6799368d395
14:02:29.118 &amp#27;[39mDEBUG&amp#27;[0;39m [           main] &amp#27;[36morg.hibernate.SQL                       &amp#27;[0;39m | 8d6972d5 | 
    select
        p1_0.id,
        p1_0.author_id,
        p1_0.comments_count,
        p1_0.content,
        p1_0.cover_url,
        p1_0.created_at,
        p1_0.likes_count,
        p1_0.is_pinned,
        p1_0.preview,
        p1_0.status,
        p1_0.title,
        p1_0.updated_at,
        p1_0.views_count 
    from
        posts p1_0 
    where
        p1_0.id=?
Hibernate: 
    select
        p1_0.id,
        p1_0.author_id,
        p1_0.comments_count,
        p1_0.content,
        p1_0.cover_url,
        p1_0.created_at,
        p1_0.likes_count,
        p1_0.is_pinned,
        p1_0.preview,
        p1_0.status,
        p1_0.title,
        p1_0.updated_at,
        p1_0.views_count 
    from
        posts p1_0 
    where
        p1_0.id=?
14:02:29.125 &amp#27;[31mWARN &amp#27;[0;39m [           main] &amp#27;[36mc.s.s.exception.GlobalExceptionHandler  &amp#27;[0;39m | 8d6972d5 | AppException [NOT_FOUND]: Post not found: ab91f434-dc56-4e5e-afa9-a6799368d395
14:02:29.127 &amp#27;[34mINFO &amp#27;[0;39m [           main] &amp#27;[36mcom.synora.config.RequestLoggingFilter  &amp#27;[0;39m | 8d6972d5 | GET /api/v1/posts/ab91f434-dc56-4e5e-afa9-a6799368d395 404 26ms
]]></system-out>
  </testcase>
  <testcase name="createPost_authenticated_returns201" classname="com.synora.modules.post.PostControllerTest" time="0.542">
    <system-out><![CDATA[14:02:29.136 &amp#27;[39mDEBUG&amp#27;[0;39m [           main] &amp#27;[36mo.s.security.web.FilterChainProxy       &amp#27;[0;39m | 6c61806b | Securing POST /api/v1/auth/register
14:02:29.138 &amp#27;[39mDEBUG&amp#27;[0;39m [           main] &amp#27;[36mo.s.s.w.a.AnonymousAuthenticationFilter &amp#27;[0;39m | 6c61806b | Set SecurityContextHolder to anonymous SecurityContext
14:02:29.138 &amp#27;[39mDEBUG&amp#27;[0;39m [           main] &amp#27;[36mo.s.security.web.FilterChainProxy       &amp#27;[0;39m | 6c61806b | Secured POST /api/v1/auth/register
14:02:29.138 &amp#27;[39mDEBUG&amp#27;[0;39m [           main] &amp#27;[36morg.hibernate.SQL                       &amp#27;[0;39m | 6c61806b | 
    select
        u1_0.id 
    from
        users u1_0 
    where
        u1_0.username=? 
    fetch
        first ? rows only
Hibernate: 
    select
        u1_0.id 
    from
        users u1_0 
    where
        u1_0.username=? 
    fetch
        first ? rows only
14:02:29.146 &amp#27;[39mDEBUG&amp#27;[0;39m [           main] &amp#27;[36morg.hibernate.SQL                       &amp#27;[0;39m | 6c61806b | 
    select
        u1_0.id 
    from
        users u1_0 
    where
        u1_0.email=? 
    fetch
        first ? rows only
Hibernate: 
    select
        u1_0.id 
    from
        users u1_0 
    where
        u1_0.email=? 
    fetch
        first ? rows only
14:02:29.550 &amp#27;[39mDEBUG&amp#27;[0;39m [           main] &amp#27;[36morg.hibernate.SQL                       &amp#27;[0;39m | 6c61806b | 
    insert 
    into
        users
        (is_active, avatar_url, is_banned, bio, created_at, display_name, email, github_url, location, password_hash, reputation_score, role, updated_at, username, website_url, id) 
    values
        (?, ?, ?, ?, ?, ?, ?, ?, ?, ?, ?, ?, ?, ?, ?, ?)
Hibernate: 
    insert 
    into
        users
        (is_active, avatar_url, is_banned, bio, created_at, display_name, email, github_url, location, password_hash, reputation_score, role, updated_at, username, website_url, id) 
    values
        (?, ?, ?, ?, ?, ?, ?, ?, ?, ?, ?, ?, ?, ?, ?, ?)
14:02:29.571 &amp#27;[39mDEBUG&amp#27;[0;39m [           main] &amp#27;[36morg.hibernate.SQL                       &amp#27;[0;39m | 6c61806b | 
    insert 
    into
        refresh_tokens
        (created_at, expires_at, token, user_id) 
    values
        (?, ?, ?, ?) 
    returning id
Hibernate: 
    insert 
    into
        refresh_tokens
        (created_at, expires_at, token, user_id) 
    values
        (?, ?, ?, ?) 
    returning id
14:02:29.634 &amp#27;[34mINFO &amp#27;[0;39m [           main] &amp#27;[36mcom.synora.config.RequestLoggingFilter  &amp#27;[0;39m | 6c61806b | POST /api/v1/auth/register 201 498ms
14:02:29.639 &amp#27;[39mDEBUG&amp#27;[0;39m [           main] &amp#27;[36mo.s.security.web.FilterChainProxy       &amp#27;[0;39m | 9df87a0a | Securing POST /api/v1/posts
14:02:29.639 &amp#27;[39mDEBUG&amp#27;[0;39m [           main] &amp#27;[36morg.hibernate.SQL                       &amp#27;[0;39m | 9df87a0a | 
    select
        u1_0.id,
        u1_0.is_active,
        u1_0.avatar_url,
        u1_0.is_banned,
        u1_0.bio,
        u1_0.created_at,
        u1_0.display_name,
        u1_0.email,
        u1_0.github_url,
        u1_0.location,
        u1_0.password_hash,
        u1_0.reputation_score,
        u1_0.role,
        u1_0.updated_at,
        u1_0.username,
        u1_0.website_url 
    from
        users u1_0 
    where
        u1_0.username=?
Hibernate: 
    select
        u1_0.id,
        u1_0.is_active,
        u1_0.avatar_url,
        u1_0.is_banned,
        u1_0.bio,
        u1_0.created_at,
        u1_0.display_name,
        u1_0.email,
        u1_0.github_url,
        u1_0.location,
        u1_0.password_hash,
        u1_0.reputation_score,
        u1_0.role,
        u1_0.updated_at,
        u1_0.username,
        u1_0.website_url 
    from
        users u1_0 
    where
        u1_0.username=?
14:02:29.652 &amp#27;[39mDEBUG&amp#27;[0;39m [           main] &amp#27;[36mo.s.security.web.FilterChainProxy       &amp#27;[0;39m | 9df87a0a | Secured POST /api/v1/posts
14:02:29.655 &amp#27;[39mDEBUG&amp#27;[0;39m [           main] &amp#27;[36morg.hibernate.SQL                       &amp#27;[0;39m | 9df87a0a | 
    select
        count(*) 
    from
        post_likes pl1_0 
    where
        (
            pl1_0.post_id, pl1_0.user_id
        )=(
            ?, ?
        )
Hibernate: 
    select
        count(*) 
    from
        post_likes pl1_0 
    where
        (
            pl1_0.post_id, pl1_0.user_id
        )=(
            ?, ?
        )
14:02:29.660 &amp#27;[39mDEBUG&amp#27;[0;39m [           main] &amp#27;[36morg.hibernate.SQL                       &amp#27;[0;39m | 9df87a0a | 
    select
        count(*) 
    from
        post_bookmarks pb1_0 
    where
        (
            pb1_0.post_id, pb1_0.user_id
        )=(
            ?, ?
        )
Hibernate: 
    select
        count(*) 
    from
        post_bookmarks pb1_0 
    where
        (
            pb1_0.post_id, pb1_0.user_id
        )=(
            ?, ?
        )
14:02:29.664 &amp#27;[39mDEBUG&amp#27;[0;39m [           main] &amp#27;[36morg.hibernate.SQL                       &amp#27;[0;39m | 9df87a0a | 
    insert 
    into
        posts
        (author_id, comments_count, content, cover_url, created_at, likes_count, is_pinned, preview, status, title, updated_at, views_count, id) 
    values
        (?, ?, ?, ?, ?, ?, ?, ?, ?, ?, ?, ?, ?)
Hibernate: 
    insert 
    into
        posts
        (author_id, comments_count, content, cover_url, created_at, likes_count, is_pinned, preview, status, title, updated_at, views_count, id) 
    values
        (?, ?, ?, ?, ?, ?, ?, ?, ?, ?, ?, ?, ?)
14:02:29.670 &amp#27;[34mINFO &amp#27;[0;39m [           main] &amp#27;[36mcom.synora.config.RequestLoggingFilter  &amp#27;[0;39m | 9df87a0a | POST /api/v1/posts 201 31ms
]]></system-out>
  </testcase>
  <testcase name="toggleLike_togglesTwice" classname="com.synora.modules.post.PostControllerTest" time="0.679">
    <system-out><![CDATA[14:02:29.679 &amp#27;[39mDEBUG&amp#27;[0;39m [           main] &amp#27;[36mo.s.security.web.FilterChainProxy       &amp#27;[0;39m | 537cad40 | Securing POST /api/v1/auth/register
14:02:29.679 &amp#27;[39mDEBUG&amp#27;[0;39m [           main] &amp#27;[36mo.s.s.w.a.AnonymousAuthenticationFilter &amp#27;[0;39m | 537cad40 | Set SecurityContextHolder to anonymous SecurityContext
14:02:29.679 &amp#27;[39mDEBUG&amp#27;[0;39m [           main] &amp#27;[36mo.s.security.web.FilterChainProxy       &amp#27;[0;39m | 537cad40 | Secured POST /api/v1/auth/register
14:02:29.681 &amp#27;[39mDEBUG&amp#27;[0;39m [           main] &amp#27;[36morg.hibernate.SQL                       &amp#27;[0;39m | 537cad40 | 
    select
        u1_0.id 
    from
        users u1_0 
    where
        u1_0.username=? 
    fetch
        first ? rows only
Hibernate: 
    select
        u1_0.id 
    from
        users u1_0 
    where
        u1_0.username=? 
    fetch
        first ? rows only
14:02:29.689 &amp#27;[39mDEBUG&amp#27;[0;39m [           main] &amp#27;[36morg.hibernate.SQL                       &amp#27;[0;39m | 537cad40 | 
    select
        u1_0.id 
    from
        users u1_0 
    where
        u1_0.email=? 
    fetch
        first ? rows only
Hibernate: 
    select
        u1_0.id 
    from
        users u1_0 
    where
        u1_0.email=? 
    fetch
        first ? rows only
14:02:30.117 &amp#27;[39mDEBUG&amp#27;[0;39m [           main] &amp#27;[36morg.hibernate.SQL                       &amp#27;[0;39m | 537cad40 | 
    insert 
    into
        users
        (is_active, avatar_url, is_banned, bio, created_at, display_name, email, github_url, location, password_hash, reputation_score, role, updated_at, username, website_url, id) 
    values
        (?, ?, ?, ?, ?, ?, ?, ?, ?, ?, ?, ?, ?, ?, ?, ?)
Hibernate: 
    insert 
    into
        users
        (is_active, avatar_url, is_banned, bio, created_at, display_name, email, github_url, location, password_hash, reputation_score, role, updated_at, username, website_url, id) 
    values
        (?, ?, ?, ?, ?, ?, ?, ?, ?, ?, ?, ?, ?, ?, ?, ?)
14:02:30.122 &amp#27;[39mDEBUG&amp#27;[0;39m [           main] &amp#27;[36morg.hibernate.SQL                       &amp#27;[0;39m | 537cad40 | 
    insert 
    into
        refresh_tokens
        (created_at, expires_at, token, user_id) 
    values
        (?, ?, ?, ?) 
    returning id
Hibernate: 
    insert 
    into
        refresh_tokens
        (created_at, expires_at, token, user_id) 
    values
        (?, ?, ?, ?) 
    returning id
14:02:30.134 &amp#27;[34mINFO &amp#27;[0;39m [           main] &amp#27;[36mcom.synora.config.RequestLoggingFilter  &amp#27;[0;39m | 537cad40 | POST /api/v1/auth/register 201 456ms
14:02:30.137 &amp#27;[39mDEBUG&amp#27;[0;39m [           main] &amp#27;[36mo.s.security.web.FilterChainProxy       &amp#27;[0;39m | 5297e311 | Securing POST /api/v1/posts
14:02:30.137 &amp#27;[39mDEBUG&amp#27;[0;39m [           main] &amp#27;[36morg.hibernate.SQL                       &amp#27;[0;39m | 5297e311 | 
    select
        u1_0.id,
        u1_0.is_active,
        u1_0.avatar_url,
        u1_0.is_banned,
        u1_0.bio,
        u1_0.created_at,
        u1_0.display_name,
        u1_0.email,
        u1_0.github_url,
        u1_0.location,
        u1_0.password_hash,
        u1_0.reputation_score,
        u1_0.role,
        u1_0.updated_at,
        u1_0.username,
        u1_0.website_url 
    from
        users u1_0 
    where
        u1_0.username=?
Hibernate: 
    select
        u1_0.id,
        u1_0.is_active,
        u1_0.avatar_url,
        u1_0.is_banned,
        u1_0.bio,
        u1_0.created_at,
        u1_0.display_name,
        u1_0.email,
        u1_0.github_url,
        u1_0.location,
        u1_0.password_hash,
        u1_0.reputation_score,
        u1_0.role,
        u1_0.updated_at,
        u1_0.username,
        u1_0.website_url 
    from
        users u1_0 
    where
        u1_0.username=?
14:02:30.148 &amp#27;[39mDEBUG&amp#27;[0;39m [           main] &amp#27;[36mo.s.security.web.FilterChainProxy       &amp#27;[0;39m | 5297e311 | Secured POST /api/v1/posts
14:02:30.153 &amp#27;[39mDEBUG&amp#27;[0;39m [           main] &amp#27;[36morg.hibernate.SQL                       &amp#27;[0;39m | 5297e311 | 
    select
        count(*) 
    from
        post_likes pl1_0 
    where
        (
            pl1_0.post_id, pl1_0.user_id
        )=(
            ?, ?
        )
Hibernate: 
    select
        count(*) 
    from
        post_likes pl1_0 
    where
        (
            pl1_0.post_id, pl1_0.user_id
        )=(
            ?, ?
        )
14:02:30.158 &amp#27;[39mDEBUG&amp#27;[0;39m [           main] &amp#27;[36morg.hibernate.SQL                       &amp#27;[0;39m | 5297e311 | 
    select
        count(*) 
    from
        post_bookmarks pb1_0 
    where
        (
            pb1_0.post_id, pb1_0.user_id
        )=(
            ?, ?
        )
Hibernate: 
    select
        count(*) 
    from
        post_bookmarks pb1_0 
    where
        (
            pb1_0.post_id, pb1_0.user_id
        )=(
            ?, ?
        )
14:02:30.163 &amp#27;[39mDEBUG&amp#27;[0;39m [           main] &amp#27;[36morg.hibernate.SQL                       &amp#27;[0;39m | 5297e311 | 
    insert 
    into
        posts
        (author_id, comments_count, content, cover_url, created_at, likes_count, is_pinned, preview, status, title, updated_at, views_count, id) 
    values
        (?, ?, ?, ?, ?, ?, ?, ?, ?, ?, ?, ?, ?)
Hibernate: 
    insert 
    into
        posts
        (author_id, comments_count, content, cover_url, created_at, likes_count, is_pinned, preview, status, title, updated_at, views_count, id) 
    values
        (?, ?, ?, ?, ?, ?, ?, ?, ?, ?, ?, ?, ?)
14:02:30.173 &amp#27;[34mINFO &amp#27;[0;39m [           main] &amp#27;[36mcom.synora.config.RequestLoggingFilter  &amp#27;[0;39m | 5297e311 | POST /api/v1/posts 201 39ms
14:02:30.175 &amp#27;[39mDEBUG&amp#27;[0;39m [           main] &amp#27;[36mo.s.security.web.FilterChainProxy       &amp#27;[0;39m | d4f05b94 | Securing POST /api/v1/posts/417c0e1f-621f-4830-ad24-8d5f71fb84f2/like
14:02:30.179 &amp#27;[39mDEBUG&amp#27;[0;39m [           main] &amp#27;[36morg.hibernate.SQL                       &amp#27;[0;39m | d4f05b94 | 
    select
        u1_0.id,
        u1_0.is_active,
        u1_0.avatar_url,
        u1_0.is_banned,
        u1_0.bio,
        u1_0.created_at,
        u1_0.display_name,
        u1_0.email,
        u1_0.github_url,
        u1_0.location,
        u1_0.password_hash,
        u1_0.reputation_score,
        u1_0.role,
        u1_0.updated_at,
        u1_0.username,
        u1_0.website_url 
    from
        users u1_0 
    where
        u1_0.username=?
Hibernate: 
    select
        u1_0.id,
        u1_0.is_active,
        u1_0.avatar_url,
        u1_0.is_banned,
        u1_0.bio,
        u1_0.created_at,
        u1_0.display_name,
        u1_0.email,
        u1_0.github_url,
        u1_0.location,
        u1_0.password_hash,
        u1_0.reputation_score,
        u1_0.role,
        u1_0.updated_at,
        u1_0.username,
        u1_0.website_url 
    from
        users u1_0 
    where
        u1_0.username=?
14:02:30.196 &amp#27;[39mDEBUG&amp#27;[0;39m [           main] &amp#27;[36mo.s.security.web.FilterChainProxy       &amp#27;[0;39m | d4f05b94 | Secured POST /api/v1/posts/417c0e1f-621f-4830-ad24-8d5f71fb84f2/like
14:02:30.196 &amp#27;[39mDEBUG&amp#27;[0;39m [           main] &amp#27;[36morg.hibernate.SQL                       &amp#27;[0;39m | d4f05b94 | 
    select
        p1_0.id,
        p1_0.author_id,
        p1_0.comments_count,
        p1_0.content,
        p1_0.cover_url,
        p1_0.created_at,
        p1_0.likes_count,
        p1_0.is_pinned,
        p1_0.preview,
        p1_0.status,
        p1_0.title,
        p1_0.updated_at,
        p1_0.views_count 
    from
        posts p1_0 
    where
        p1_0.id=?
Hibernate: 
    select
        p1_0.id,
        p1_0.author_id,
        p1_0.comments_count,
        p1_0.content,
        p1_0.cover_url,
        p1_0.created_at,
        p1_0.likes_count,
        p1_0.is_pinned,
        p1_0.preview,
        p1_0.status,
        p1_0.title,
        p1_0.updated_at,
        p1_0.views_count 
    from
        posts p1_0 
    where
        p1_0.id=?
14:02:30.213 &amp#27;[39mDEBUG&amp#27;[0;39m [           main] &amp#27;[36morg.hibernate.SQL                       &amp#27;[0;39m | d4f05b94 | 
    select
        count(*) 
    from
        post_likes pl1_0 
    where
        (
            pl1_0.post_id, pl1_0.user_id
        )=(
            ?, ?
        )
Hibernate: 
    select
        count(*) 
    from
        post_likes pl1_0 
    where
        (
            pl1_0.post_id, pl1_0.user_id
        )=(
            ?, ?
        )
14:02:30.233 &amp#27;[39mDEBUG&amp#27;[0;39m [           main] &amp#27;[36morg.hibernate.SQL                       &amp#27;[0;39m | d4f05b94 | 
    select
        pl1_0.post_id,
        pl1_0.user_id,
        pl1_0.created_at 
    from
        post_likes pl1_0 
    where
        (
            pl1_0.post_id, pl1_0.user_id
        ) in ((?, ?))
Hibernate: 
    select
        pl1_0.post_id,
        pl1_0.user_id,
        pl1_0.created_at 
    from
        post_likes pl1_0 
    where
        (
            pl1_0.post_id, pl1_0.user_id
        ) in ((?, ?))
14:02:30.260 &amp#27;[39mDEBUG&amp#27;[0;39m [           main] &amp#27;[36morg.hibernate.SQL                       &amp#27;[0;39m | d4f05b94 | 
    update
        posts p1_0 
    set
        likes_count=(p1_0.likes_count+?) 
    where
        p1_0.id=?
Hibernate: 
    update
        posts p1_0 
    set
        likes_count=(p1_0.likes_count+?) 
    where
        p1_0.id=?
14:02:30.270 &amp#27;[39mDEBUG&amp#27;[0;39m [           main] &amp#27;[36morg.hibernate.SQL                       &amp#27;[0;39m | d4f05b94 | 
    insert 
    into
        post_likes
        (created_at, post_id, user_id) 
    values
        (?, ?, ?)
Hibernate: 
    insert 
    into
        post_likes
        (created_at, post_id, user_id) 
    values
        (?, ?, ?)
14:02:30.291 &amp#27;[34mINFO &amp#27;[0;39m [           main] &amp#27;[36mcom.synora.config.RequestLoggingFilter  &amp#27;[0;39m | d4f05b94 | POST /api/v1/posts/417c0e1f-621f-4830-ad24-8d5f71fb84f2/like 200 116ms
14:02:30.294 &amp#27;[39mDEBUG&amp#27;[0;39m [           main] &amp#27;[36mo.s.security.web.FilterChainProxy       &amp#27;[0;39m | 6317bdc6 | Securing POST /api/v1/posts/417c0e1f-621f-4830-ad24-8d5f71fb84f2/like
14:02:30.297 &amp#27;[39mDEBUG&amp#27;[0;39m [           main] &amp#27;[36morg.hibernate.SQL                       &amp#27;[0;39m | 6317bdc6 | 
    select
        u1_0.id,
        u1_0.is_active,
        u1_0.avatar_url,
        u1_0.is_banned,
        u1_0.bio,
        u1_0.created_at,
        u1_0.display_name,
        u1_0.email,
        u1_0.github_url,
        u1_0.location,
        u1_0.password_hash,
        u1_0.reputation_score,
        u1_0.role,
        u1_0.updated_at,
        u1_0.username,
        u1_0.website_url 
    from
        users u1_0 
    where
        u1_0.username=?
Hibernate: 
    select
        u1_0.id,
        u1_0.is_active,
        u1_0.avatar_url,
        u1_0.is_banned,
        u1_0.bio,
        u1_0.created_at,
        u1_0.display_name,
        u1_0.email,
        u1_0.github_url,
        u1_0.location,
        u1_0.password_hash,
        u1_0.reputation_score,
        u1_0.role,
        u1_0.updated_at,
        u1_0.username,
        u1_0.website_url 
    from
        users u1_0 
    where
        u1_0.username=?
14:02:30.315 &amp#27;[39mDEBUG&amp#27;[0;39m [           main] &amp#27;[36mo.s.security.web.FilterChainProxy       &amp#27;[0;39m | 6317bdc6 | Secured POST /api/v1/posts/417c0e1f-621f-4830-ad24-8d5f71fb84f2/like
14:02:30.319 &amp#27;[39mDEBUG&amp#27;[0;39m [           main] &amp#27;[36morg.hibernate.SQL                       &amp#27;[0;39m | 6317bdc6 | 
    select
        p1_0.id,
        p1_0.author_id,
        p1_0.comments_count,
        p1_0.content,
        p1_0.cover_url,
        p1_0.created_at,
        p1_0.likes_count,
        p1_0.is_pinned,
        p1_0.preview,
        p1_0.status,
        p1_0.title,
        p1_0.updated_at,
        p1_0.views_count 
    from
        posts p1_0 
    where
        p1_0.id=?
Hibernate: 
    select
        p1_0.id,
        p1_0.author_id,
        p1_0.comments_count,
        p1_0.content,
        p1_0.cover_url,
        p1_0.created_at,
        p1_0.likes_count,
        p1_0.is_pinned,
        p1_0.preview,
        p1_0.status,
        p1_0.title,
        p1_0.updated_at,
        p1_0.views_count 
    from
        posts p1_0 
    where
        p1_0.id=?
14:02:30.326 &amp#27;[39mDEBUG&amp#27;[0;39m [           main] &amp#27;[36morg.hibernate.SQL                       &amp#27;[0;39m | 6317bdc6 | 
    select
        count(*) 
    from
        post_likes pl1_0 
    where
        (
            pl1_0.post_id, pl1_0.user_id
        )=(
            ?, ?
        )
Hibernate: 
    select
        count(*) 
    from
        post_likes pl1_0 
    where
        (
            pl1_0.post_id, pl1_0.user_id
        )=(
            ?, ?
        )
14:02:30.334 &amp#27;[39mDEBUG&amp#27;[0;39m [           main] &amp#27;[36morg.hibernate.SQL                       &amp#27;[0;39m | 6317bdc6 | 
    select
        pl1_0.post_id,
        pl1_0.user_id,
        pl1_0.created_at 
    from
        post_likes pl1_0 
    where
        (
            pl1_0.post_id, pl1_0.user_id
        ) in ((?, ?))
Hibernate: 
    select
        pl1_0.post_id,
        pl1_0.user_id,
        pl1_0.created_at 
    from
        post_likes pl1_0 
    where
        (
            pl1_0.post_id, pl1_0.user_id
        ) in ((?, ?))
14:02:30.342 &amp#27;[39mDEBUG&amp#27;[0;39m [           main] &amp#27;[36morg.hibernate.SQL                       &amp#27;[0;39m | 6317bdc6 | 
    update
        posts p1_0 
    set
        likes_count=(p1_0.likes_count+?) 
    where
        p1_0.id=?
Hibernate: 
    update
        posts p1_0 
    set
        likes_count=(p1_0.likes_count+?) 
    where
        p1_0.id=?
14:02:30.346 &amp#27;[39mDEBUG&amp#27;[0;39m [           main] &amp#27;[36morg.hibernate.SQL                       &amp#27;[0;39m | 6317bdc6 | 
    delete 
    from
        post_likes 
    where
        post_id=? 
        and user_id=?
Hibernate: 
    delete 
    from
        post_likes 
    where
        post_id=? 
        and user_id=?
14:02:30.351 &amp#27;[34mINFO &amp#27;[0;39m [           main] &amp#27;[36mcom.synora.config.RequestLoggingFilter  &amp#27;[0;39m | 6317bdc6 | POST /api/v1/posts/417c0e1f-621f-4830-ad24-8d5f71fb84f2/like 200 60ms
]]></system-out>
  </testcase>
  <testcase name="getFeed_returnsPagedPosts" classname="com.synora.modules.post.PostControllerTest" time="0.562">
    <system-out><![CDATA[14:02:30.357 &amp#27;[39mDEBUG&amp#27;[0;39m [           main] &amp#27;[36mo.s.security.web.FilterChainProxy       &amp#27;[0;39m | 7830f90b | Securing POST /api/v1/auth/register
14:02:30.357 &amp#27;[39mDEBUG&amp#27;[0;39m [           main] &amp#27;[36mo.s.s.w.a.AnonymousAuthenticationFilter &amp#27;[0;39m | 7830f90b | Set SecurityContextHolder to anonymous SecurityContext
14:02:30.359 &amp#27;[39mDEBUG&amp#27;[0;39m [           main] &amp#27;[36mo.s.security.web.FilterChainProxy       &amp#27;[0;39m | 7830f90b | Secured POST /api/v1/auth/register
14:02:30.360 &amp#27;[39mDEBUG&amp#27;[0;39m [           main] &amp#27;[36morg.hibernate.SQL                       &amp#27;[0;39m | 7830f90b | 
    select
        u1_0.id 
    from
        users u1_0 
    where
        u1_0.username=? 
    fetch
        first ? rows only
Hibernate: 
    select
        u1_0.id 
    from
        users u1_0 
    where
        u1_0.username=? 
    fetch
        first ? rows only
14:02:30.371 &amp#27;[39mDEBUG&amp#27;[0;39m [           main] &amp#27;[36morg.hibernate.SQL                       &amp#27;[0;39m | 7830f90b | 
    select
        u1_0.id 
    from
        users u1_0 
    where
        u1_0.email=? 
    fetch
        first ? rows only
Hibernate: 
    select
        u1_0.id 
    from
        users u1_0 
    where
        u1_0.email=? 
    fetch
        first ? rows only
14:02:30.769 &amp#27;[39mDEBUG&amp#27;[0;39m [           main] &amp#27;[36morg.hibernate.SQL                       &amp#27;[0;39m | 7830f90b | 
    insert 
    into
        users
        (is_active, avatar_url, is_banned, bio, created_at, display_name, email, github_url, location, password_hash, reputation_score, role, updated_at, username, website_url, id) 
    values
        (?, ?, ?, ?, ?, ?, ?, ?, ?, ?, ?, ?, ?, ?, ?, ?)
Hibernate: 
    insert 
    into
        users
        (is_active, avatar_url, is_banned, bio, created_at, display_name, email, github_url, location, password_hash, reputation_score, role, updated_at, username, website_url, id) 
    values
        (?, ?, ?, ?, ?, ?, ?, ?, ?, ?, ?, ?, ?, ?, ?, ?)
14:02:30.773 &amp#27;[39mDEBUG&amp#27;[0;39m [           main] &amp#27;[36morg.hibernate.SQL                       &amp#27;[0;39m | 7830f90b | 
    insert 
    into
        refresh_tokens
        (created_at, expires_at, token, user_id) 
    values
        (?, ?, ?, ?) 
    returning id
Hibernate: 
    insert 
    into
        refresh_tokens
        (created_at, expires_at, token, user_id) 
    values
        (?, ?, ?, ?) 
    returning id
14:02:30.780 &amp#27;[34mINFO &amp#27;[0;39m [           main] &amp#27;[36mcom.synora.config.RequestLoggingFilter  &amp#27;[0;39m | 7830f90b | POST /api/v1/auth/register 201 423ms
14:02:30.783 &amp#27;[39mDEBUG&amp#27;[0;39m [           main] &amp#27;[36mo.s.security.web.FilterChainProxy       &amp#27;[0;39m | 5a3c55bc | Securing POST /api/v1/posts
14:02:30.787 &amp#27;[39mDEBUG&amp#27;[0;39m [           main] &amp#27;[36morg.hibernate.SQL                       &amp#27;[0;39m | 5a3c55bc | 
    select
        u1_0.id,
        u1_0.is_active,
        u1_0.avatar_url,
        u1_0.is_banned,
        u1_0.bio,
        u1_0.created_at,
        u1_0.display_name,
        u1_0.email,
        u1_0.github_url,
        u1_0.location,
        u1_0.password_hash,
        u1_0.reputation_score,
        u1_0.role,
        u1_0.updated_at,
        u1_0.username,
        u1_0.website_url 
    from
        users u1_0 
    where
        u1_0.username=?
Hibernate: 
    select
        u1_0.id,
        u1_0.is_active,
        u1_0.avatar_url,
        u1_0.is_banned,
        u1_0.bio,
        u1_0.created_at,
        u1_0.display_name,
        u1_0.email,
        u1_0.github_url,
        u1_0.location,
        u1_0.password_hash,
        u1_0.reputation_score,
        u1_0.role,
        u1_0.updated_at,
        u1_0.username,
        u1_0.website_url 
    from
        users u1_0 
    where
        u1_0.username=?
14:02:30.795 &amp#27;[39mDEBUG&amp#27;[0;39m [           main] &amp#27;[36mo.s.security.web.FilterChainProxy       &amp#27;[0;39m | 5a3c55bc | Secured POST /api/v1/posts
14:02:30.799 &amp#27;[39mDEBUG&amp#27;[0;39m [           main] &amp#27;[36morg.hibernate.SQL                       &amp#27;[0;39m | 5a3c55bc | 
    select
        count(*) 
    from
        post_likes pl1_0 
    where
        (
            pl1_0.post_id, pl1_0.user_id
        )=(
            ?, ?
        )
Hibernate: 
    select
        count(*) 
    from
        post_likes pl1_0 
    where
        (
            pl1_0.post_id, pl1_0.user_id
        )=(
            ?, ?
        )
14:02:30.802 &amp#27;[39mDEBUG&amp#27;[0;39m [           main] &amp#27;[36morg.hibernate.SQL                       &amp#27;[0;39m | 5a3c55bc | 
    select
        count(*) 
    from
        post_bookmarks pb1_0 
    where
        (
            pb1_0.post_id, pb1_0.user_id
        )=(
            ?, ?
        )
Hibernate: 
    select
        count(*) 
    from
        post_bookmarks pb1_0 
    where
        (
            pb1_0.post_id, pb1_0.user_id
        )=(
            ?, ?
        )
14:02:30.806 &amp#27;[39mDEBUG&amp#27;[0;39m [           main] &amp#27;[36morg.hibernate.SQL                       &amp#27;[0;39m | 5a3c55bc | 
    insert 
    into
        posts
        (author_id, comments_count, content, cover_url, created_at, likes_count, is_pinned, preview, status, title, updated_at, views_count, id) 
    values
        (?, ?, ?, ?, ?, ?, ?, ?, ?, ?, ?, ?, ?)
Hibernate: 
    insert 
    into
        posts
        (author_id, comments_count, content, cover_url, created_at, likes_count, is_pinned, preview, status, title, updated_at, views_count, id) 
    values
        (?, ?, ?, ?, ?, ?, ?, ?, ?, ?, ?, ?, ?)
14:02:30.812 &amp#27;[34mINFO &amp#27;[0;39m [           main] &amp#27;[36mcom.synora.config.RequestLoggingFilter  &amp#27;[0;39m | 5a3c55bc | POST /api/v1/posts 201 29ms
14:02:30.814 &amp#27;[39mDEBUG&amp#27;[0;39m [           main] &amp#27;[36mo.s.security.web.FilterChainProxy       &amp#27;[0;39m | 979b962d | Securing POST /api/v1/posts
14:02:30.817 &amp#27;[39mDEBUG&amp#27;[0;39m [           main] &amp#27;[36morg.hibernate.SQL                       &amp#27;[0;39m | 979b962d | 
    select
        u1_0.id,
        u1_0.is_active,
        u1_0.avatar_url,
        u1_0.is_banned,
        u1_0.bio,
        u1_0.created_at,
        u1_0.display_name,
        u1_0.email,
        u1_0.github_url,
        u1_0.location,
        u1_0.password_hash,
        u1_0.reputation_score,
        u1_0.role,
        u1_0.updated_at,
        u1_0.username,
        u1_0.website_url 
    from
        users u1_0 
    where
        u1_0.username=?
Hibernate: 
    select
        u1_0.id,
        u1_0.is_active,
        u1_0.avatar_url,
        u1_0.is_banned,
        u1_0.bio,
        u1_0.created_at,
        u1_0.display_name,
        u1_0.email,
        u1_0.github_url,
        u1_0.location,
        u1_0.password_hash,
        u1_0.reputation_score,
        u1_0.role,
        u1_0.updated_at,
        u1_0.username,
        u1_0.website_url 
    from
        users u1_0 
    where
        u1_0.username=?
14:02:30.822 &amp#27;[39mDEBUG&amp#27;[0;39m [           main] &amp#27;[36mo.s.security.web.FilterChainProxy       &amp#27;[0;39m | 979b962d | Secured POST /api/v1/posts
14:02:30.825 &amp#27;[39mDEBUG&amp#27;[0;39m [           main] &amp#27;[36morg.hibernate.SQL                       &amp#27;[0;39m | 979b962d | 
    select
        count(*) 
    from
        post_likes pl1_0 
    where
        (
            pl1_0.post_id, pl1_0.user_id
        )=(
            ?, ?
        )
Hibernate: 
    select
        count(*) 
    from
        post_likes pl1_0 
    where
        (
            pl1_0.post_id, pl1_0.user_id
        )=(
            ?, ?
        )
14:02:30.830 &amp#27;[39mDEBUG&amp#27;[0;39m [           main] &amp#27;[36morg.hibernate.SQL                       &amp#27;[0;39m | 979b962d | 
    select
        count(*) 
    from
        post_bookmarks pb1_0 
    where
        (
            pb1_0.post_id, pb1_0.user_id
        )=(
            ?, ?
        )
Hibernate: 
    select
        count(*) 
    from
        post_bookmarks pb1_0 
    where
        (
            pb1_0.post_id, pb1_0.user_id
        )=(
            ?, ?
        )
14:02:30.833 &amp#27;[39mDEBUG&amp#27;[0;39m [           main] &amp#27;[36morg.hibernate.SQL                       &amp#27;[0;39m | 979b962d | 
    insert 
    into
        posts
        (author_id, comments_count, content, cover_url, created_at, likes_count, is_pinned, preview, status, title, updated_at, views_count, id) 
    values
        (?, ?, ?, ?, ?, ?, ?, ?, ?, ?, ?, ?, ?)
Hibernate: 
    insert 
    into
        posts
        (author_id, comments_count, content, cover_url, created_at, likes_count, is_pinned, preview, status, title, updated_at, views_count, id) 
    values
        (?, ?, ?, ?, ?, ?, ?, ?, ?, ?, ?, ?, ?)
14:02:30.838 &amp#27;[34mINFO &amp#27;[0;39m [           main] &amp#27;[36mcom.synora.config.RequestLoggingFilter  &amp#27;[0;39m | 979b962d | POST /api/v1/posts 201 25ms
14:02:30.840 &amp#27;[39mDEBUG&amp#27;[0;39m [           main] &amp#27;[36mo.s.security.web.FilterChainProxy       &amp#27;[0;39m | 5cd25b8b | Securing GET /api/v1/posts
14:02:30.840 &amp#27;[39mDEBUG&amp#27;[0;39m [           main] &amp#27;[36mo.s.s.w.a.AnonymousAuthenticationFilter &amp#27;[0;39m | 5cd25b8b | Set SecurityContextHolder to anonymous SecurityContext
14:02:30.841 &amp#27;[39mDEBUG&amp#27;[0;39m [           main] &amp#27;[36mo.s.security.web.FilterChainProxy       &amp#27;[0;39m | 5cd25b8b | Secured GET /api/v1/posts
14:02:30.853 &amp#27;[39mDEBUG&amp#27;[0;39m [           main] &amp#27;[36morg.hibernate.SQL                       &amp#27;[0;39m | 5cd25b8b | 
    select
        p1_0.id,
        p1_0.author_id,
        p1_0.comments_count,
        p1_0.content,
        p1_0.cover_url,
        p1_0.created_at,
        p1_0.likes_count,
        p1_0.is_pinned,
        p1_0.preview,
        p1_0.status,
        p1_0.title,
        p1_0.updated_at,
        p1_0.views_count 
    from
        posts p1_0 
    where
        p1_0.status=? 
    order by
        p1_0.created_at desc 
    offset
        ? rows 
    fetch
        first ? rows only
Hibernate: 
    select
        p1_0.id,
        p1_0.author_id,
        p1_0.comments_count,
        p1_0.content,
        p1_0.cover_url,
        p1_0.created_at,
        p1_0.likes_count,
        p1_0.is_pinned,
        p1_0.preview,
        p1_0.status,
        p1_0.title,
        p1_0.updated_at,
        p1_0.views_count 
    from
        posts p1_0 
    where
        p1_0.status=? 
    order by
        p1_0.created_at desc 
    offset
        ? rows 
    fetch
        first ? rows only
14:02:30.865 &amp#27;[39mDEBUG&amp#27;[0;39m [           main] &amp#27;[36morg.hibernate.SQL                       &amp#27;[0;39m | 5cd25b8b | 
    select
        u1_0.id,
        u1_0.is_active,
        u1_0.avatar_url,
        u1_0.is_banned,
        u1_0.bio,
        u1_0.created_at,
        u1_0.display_name,
        u1_0.email,
        u1_0.github_url,
        u1_0.location,
        u1_0.password_hash,
        u1_0.reputation_score,
        u1_0.role,
        u1_0.updated_at,
        u1_0.username,
        u1_0.website_url 
    from
        users u1_0 
    where
        u1_0.id = any (?)
Hibernate: 
    select
        u1_0.id,
        u1_0.is_active,
        u1_0.avatar_url,
        u1_0.is_banned,
        u1_0.bio,
        u1_0.created_at,
        u1_0.display_name,
        u1_0.email,
        u1_0.github_url,
        u1_0.location,
        u1_0.password_hash,
        u1_0.reputation_score,
        u1_0.role,
        u1_0.updated_at,
        u1_0.username,
        u1_0.website_url 
    from
        users u1_0 
    where
        u1_0.id = any (?)
14:02:30.883 &amp#27;[39mDEBUG&amp#27;[0;39m [           main] &amp#27;[36morg.hibernate.SQL                       &amp#27;[0;39m | 5cd25b8b | 
    select
        t1_0.post_id,
        t1_1.id,
        t1_1.color,
        t1_1.name,
        t1_1.usage_count 
    from
        post_tags t1_0 
    join
        tags t1_1 
            on t1_1.id=t1_0.tag_id 
    where
        t1_0.post_id = any (?)
Hibernate: 
    select
        t1_0.post_id,
        t1_1.id,
        t1_1.color,
        t1_1.name,
        t1_1.usage_count 
    from
        post_tags t1_0 
    join
        tags t1_1 
            on t1_1.id=t1_0.tag_id 
    where
        t1_0.post_id = any (?)
14:02:30.900 &amp#27;[34mINFO &amp#27;[0;39m [           main] &amp#27;[36mcom.synora.config.RequestLoggingFilter  &amp#27;[0;39m | 5cd25b8b | GET /api/v1/posts 200 61ms
]]></system-out>
  </testcase>
  <testcase name="createPost_unauthenticated_returns401" classname="com.synora.modules.post.PostControllerTest" time="0.011">
    <system-out><![CDATA[14:02:30.924 &amp#27;[39mDEBUG&amp#27;[0;39m [           main] &amp#27;[36mo.s.security.web.FilterChainProxy       &amp#27;[0;39m | a71e0b76 | Securing POST /api/v1/posts
14:02:30.924 &amp#27;[39mDEBUG&amp#27;[0;39m [           main] &amp#27;[36mo.s.s.w.a.AnonymousAuthenticationFilter &amp#27;[0;39m | a71e0b76 | Set SecurityContextHolder to anonymous SecurityContext
14:02:30.926 &amp#27;[34mINFO &amp#27;[0;39m [           main] &amp#27;[36mcom.synora.config.RequestLoggingFilter  &amp#27;[0;39m | a71e0b76 | POST /api/v1/posts 401 3ms
]]></system-out>
  </testcase>
  <testcase name="toggleBookmark_togglesTwice" classname="com.synora.modules.post.PostControllerTest" time="0.579">
    <system-out><![CDATA[14:02:30.930 &amp#27;[39mDEBUG&amp#27;[0;39m [           main] &amp#27;[36mo.s.security.web.FilterChainProxy       &amp#27;[0;39m | 9faf04e6 | Securing POST /api/v1/auth/register
14:02:30.930 &amp#27;[39mDEBUG&amp#27;[0;39m [           main] &amp#27;[36mo.s.s.w.a.AnonymousAuthenticationFilter &amp#27;[0;39m | 9faf04e6 | Set SecurityContextHolder to anonymous SecurityContext
14:02:30.930 &amp#27;[39mDEBUG&amp#27;[0;39m [           main] &amp#27;[36mo.s.security.web.FilterChainProxy       &amp#27;[0;39m | 9faf04e6 | Secured POST /api/v1/auth/register
14:02:30.930 &amp#27;[39mDEBUG&amp#27;[0;39m [           main] &amp#27;[36morg.hibernate.SQL                       &amp#27;[0;39m | 9faf04e6 | 
    select
        u1_0.id 
    from
        users u1_0 
    where
        u1_0.username=? 
    fetch
        first ? rows only
Hibernate: 
    select
        u1_0.id 
    from
        users u1_0 
    where
        u1_0.username=? 
    fetch
        first ? rows only
14:02:30.946 &amp#27;[39mDEBUG&amp#27;[0;39m [           main] &amp#27;[36morg.hibernate.SQL                       &amp#27;[0;39m | 9faf04e6 | 
    select
        u1_0.id 
    from
        users u1_0 
    where
        u1_0.email=? 
    fetch
        first ? rows only
Hibernate: 
    select
        u1_0.id 
    from
        users u1_0 
    where
        u1_0.email=? 
    fetch
        first ? rows only
14:02:31.310 &amp#27;[39mDEBUG&amp#27;[0;39m [           main] &amp#27;[36morg.hibernate.SQL                       &amp#27;[0;39m | 9faf04e6 | 
    insert 
    into
        users
        (is_active, avatar_url, is_banned, bio, created_at, display_name, email, github_url, location, password_hash, reputation_score, role, updated_at, username, website_url, id) 
    values
        (?, ?, ?, ?, ?, ?, ?, ?, ?, ?, ?, ?, ?, ?, ?, ?)
Hibernate: 
    insert 
    into
        users
        (is_active, avatar_url, is_banned, bio, created_at, display_name, email, github_url, location, password_hash, reputation_score, role, updated_at, username, website_url, id) 
    values
        (?, ?, ?, ?, ?, ?, ?, ?, ?, ?, ?, ?, ?, ?, ?, ?)
14:02:31.316 &amp#27;[39mDEBUG&amp#27;[0;39m [           main] &amp#27;[36morg.hibernate.SQL                       &amp#27;[0;39m | 9faf04e6 | 
    insert 
    into
        refresh_tokens
        (created_at, expires_at, token, user_id) 
    values
        (?, ?, ?, ?) 
    returning id
Hibernate: 
    insert 
    into
        refresh_tokens
        (created_at, expires_at, token, user_id) 
    values
        (?, ?, ?, ?) 
    returning id
14:02:31.325 &amp#27;[34mINFO &amp#27;[0;39m [           main] &amp#27;[36mcom.synora.config.RequestLoggingFilter  &amp#27;[0;39m | 9faf04e6 | POST /api/v1/auth/register 201 395ms
14:02:31.327 &amp#27;[39mDEBUG&amp#27;[0;39m [           main] &amp#27;[36mo.s.security.web.FilterChainProxy       &amp#27;[0;39m | 4d0da8c3 | Securing POST /api/v1/posts
14:02:31.330 &amp#27;[39mDEBUG&amp#27;[0;39m [           main] &amp#27;[36morg.hibernate.SQL                       &amp#27;[0;39m | 4d0da8c3 | 
    select
        u1_0.id,
        u1_0.is_active,
        u1_0.avatar_url,
        u1_0.is_banned,
        u1_0.bio,
        u1_0.created_at,
        u1_0.display_name,
        u1_0.email,
        u1_0.github_url,
        u1_0.location,
        u1_0.password_hash,
        u1_0.reputation_score,
        u1_0.role,
        u1_0.updated_at,
        u1_0.username,
        u1_0.website_url 
    from
        users u1_0 
    where
        u1_0.username=?
Hibernate: 
    select
        u1_0.id,
        u1_0.is_active,
        u1_0.avatar_url,
        u1_0.is_banned,
        u1_0.bio,
        u1_0.created_at,
        u1_0.display_name,
        u1_0.email,
        u1_0.github_url,
        u1_0.location,
        u1_0.password_hash,
        u1_0.reputation_score,
        u1_0.role,
        u1_0.updated_at,
        u1_0.username,
        u1_0.website_url 
    from
        users u1_0 
    where
        u1_0.username=?
14:02:31.340 &amp#27;[39mDEBUG&amp#27;[0;39m [           main] &amp#27;[36mo.s.security.web.FilterChainProxy       &amp#27;[0;39m | 4d0da8c3 | Secured POST /api/v1/posts
14:02:31.345 &amp#27;[39mDEBUG&amp#27;[0;39m [           main] &amp#27;[36morg.hibernate.SQL                       &amp#27;[0;39m | 4d0da8c3 | 
    select
        count(*) 
    from
        post_likes pl1_0 
    where
        (
            pl1_0.post_id, pl1_0.user_id
        )=(
            ?, ?
        )
Hibernate: 
    select
        count(*) 
    from
        post_likes pl1_0 
    where
        (
            pl1_0.post_id, pl1_0.user_id
        )=(
            ?, ?
        )
14:02:31.349 &amp#27;[39mDEBUG&amp#27;[0;39m [           main] &amp#27;[36morg.hibernate.SQL                       &amp#27;[0;39m | 4d0da8c3 | 
    select
        count(*) 
    from
        post_bookmarks pb1_0 
    where
        (
            pb1_0.post_id, pb1_0.user_id
        )=(
            ?, ?
        )
Hibernate: 
    select
        count(*) 
    from
        post_bookmarks pb1_0 
    where
        (
            pb1_0.post_id, pb1_0.user_id
        )=(
            ?, ?
        )
14:02:31.352 &amp#27;[39mDEBUG&amp#27;[0;39m [           main] &amp#27;[36morg.hibernate.SQL                       &amp#27;[0;39m | 4d0da8c3 | 
    insert 
    into
        posts
        (author_id, comments_count, content, cover_url, created_at, likes_count, is_pinned, preview, status, title, updated_at, views_count, id) 
    values
        (?, ?, ?, ?, ?, ?, ?, ?, ?, ?, ?, ?, ?)
Hibernate: 
    insert 
    into
        posts
        (author_id, comments_count, content, cover_url, created_at, likes_count, is_pinned, preview, status, title, updated_at, views_count, id) 
    values
        (?, ?, ?, ?, ?, ?, ?, ?, ?, ?, ?, ?, ?)
14:02:31.359 &amp#27;[34mINFO &amp#27;[0;39m [           main] &amp#27;[36mcom.synora.config.RequestLoggingFilter  &amp#27;[0;39m | 4d0da8c3 | POST /api/v1/posts 201 33ms
14:02:31.361 &amp#27;[39mDEBUG&amp#27;[0;39m [           main] &amp#27;[36mo.s.security.web.FilterChainProxy       &amp#27;[0;39m | da0410d7 | Securing POST /api/v1/posts/7aa1a6c0-df88-4268-9e0b-da6ef68b4536/bookmark
14:02:31.365 &amp#27;[39mDEBUG&amp#27;[0;39m [           main] &amp#27;[36morg.hibernate.SQL                       &amp#27;[0;39m | da0410d7 | 
    select
        u1_0.id,
        u1_0.is_active,
        u1_0.avatar_url,
        u1_0.is_banned,
        u1_0.bio,
        u1_0.created_at,
        u1_0.display_name,
        u1_0.email,
        u1_0.github_url,
        u1_0.location,
        u1_0.password_hash,
        u1_0.reputation_score,
        u1_0.role,
        u1_0.updated_at,
        u1_0.username,
        u1_0.website_url 
    from
        users u1_0 
    where
        u1_0.username=?
Hibernate: 
    select
        u1_0.id,
        u1_0.is_active,
        u1_0.avatar_url,
        u1_0.is_banned,
        u1_0.bio,
        u1_0.created_at,
        u1_0.display_name,
        u1_0.email,
        u1_0.github_url,
        u1_0.location,
        u1_0.password_hash,
        u1_0.reputation_score,
        u1_0.role,
        u1_0.updated_at,
        u1_0.username,
        u1_0.website_url 
    from
        users u1_0 
    where
        u1_0.username=?
14:02:31.372 &amp#27;[39mDEBUG&amp#27;[0;39m [           main] &amp#27;[36mo.s.security.web.FilterChainProxy       &amp#27;[0;39m | da0410d7 | Secured POST /api/v1/posts/7aa1a6c0-df88-4268-9e0b-da6ef68b4536/bookmark
14:02:31.374 &amp#27;[39mDEBUG&amp#27;[0;39m [           main] &amp#27;[36morg.hibernate.SQL                       &amp#27;[0;39m | da0410d7 | 
    select
        p1_0.id,
        p1_0.author_id,
        p1_0.comments_count,
        p1_0.content,
        p1_0.cover_url,
        p1_0.created_at,
        p1_0.likes_count,
        p1_0.is_pinned,
        p1_0.preview,
        p1_0.status,
        p1_0.title,
        p1_0.updated_at,
        p1_0.views_count 
    from
        posts p1_0 
    where
        p1_0.id=?
Hibernate: 
    select
        p1_0.id,
        p1_0.author_id,
        p1_0.comments_count,
        p1_0.content,
        p1_0.cover_url,
        p1_0.created_at,
        p1_0.likes_count,
        p1_0.is_pinned,
        p1_0.preview,
        p1_0.status,
        p1_0.title,
        p1_0.updated_at,
        p1_0.views_count 
    from
        posts p1_0 
    where
        p1_0.id=?
14:02:31.386 &amp#27;[39mDEBUG&amp#27;[0;39m [           main] &amp#27;[36morg.hibernate.SQL                       &amp#27;[0;39m | da0410d7 | 
    select
        count(*) 
    from
        post_bookmarks pb1_0 
    where
        (
            pb1_0.post_id, pb1_0.user_id
        )=(
            ?, ?
        )
Hibernate: 
    select
        count(*) 
    from
        post_bookmarks pb1_0 
    where
        (
            pb1_0.post_id, pb1_0.user_id
        )=(
            ?, ?
        )
14:02:31.396 &amp#27;[39mDEBUG&amp#27;[0;39m [           main] &amp#27;[36morg.hibernate.SQL                       &amp#27;[0;39m | da0410d7 | 
    select
        pb1_0.post_id,
        pb1_0.user_id,
        pb1_0.created_at 
    from
        post_bookmarks pb1_0 
    where
        (
            pb1_0.post_id, pb1_0.user_id
        ) in ((?, ?))
Hibernate: 
    select
        pb1_0.post_id,
        pb1_0.user_id,
        pb1_0.created_at 
    from
        post_bookmarks pb1_0 
    where
        (
            pb1_0.post_id, pb1_0.user_id
        ) in ((?, ?))
14:02:31.410 &amp#27;[39mDEBUG&amp#27;[0;39m [           main] &amp#27;[36morg.hibernate.SQL                       &amp#27;[0;39m | da0410d7 | 
    insert 
    into
        post_bookmarks
        (created_at, post_id, user_id) 
    values
        (?, ?, ?)
Hibernate: 
    insert 
    into
        post_bookmarks
        (created_at, post_id, user_id) 
    values
        (?, ?, ?)
14:02:31.435 &amp#27;[34mINFO &amp#27;[0;39m [           main] &amp#27;[36mcom.synora.config.RequestLoggingFilter  &amp#27;[0;39m | da0410d7 | POST /api/v1/posts/7aa1a6c0-df88-4268-9e0b-da6ef68b4536/bookmark 200 75ms
14:02:31.435 &amp#27;[39mDEBUG&amp#27;[0;39m [           main] &amp#27;[36mo.s.security.web.FilterChainProxy       &amp#27;[0;39m | e1dacac8 | Securing POST /api/v1/posts/7aa1a6c0-df88-4268-9e0b-da6ef68b4536/bookmark
14:02:31.443 &amp#27;[39mDEBUG&amp#27;[0;39m [           main] &amp#27;[36morg.hibernate.SQL                       &amp#27;[0;39m | e1dacac8 | 
    select
        u1_0.id,
        u1_0.is_active,
        u1_0.avatar_url,
        u1_0.is_banned,
        u1_0.bio,
        u1_0.created_at,
        u1_0.display_name,
        u1_0.email,
        u1_0.github_url,
        u1_0.location,
        u1_0.password_hash,
        u1_0.reputation_score,
        u1_0.role,
        u1_0.updated_at,
        u1_0.username,
        u1_0.website_url 
    from
        users u1_0 
    where
        u1_0.username=?
Hibernate: 
    select
        u1_0.id,
        u1_0.is_active,
        u1_0.avatar_url,
        u1_0.is_banned,
        u1_0.bio,
        u1_0.created_at,
        u1_0.display_name,
        u1_0.email,
        u1_0.github_url,
        u1_0.location,
        u1_0.password_hash,
        u1_0.reputation_score,
        u1_0.role,
        u1_0.updated_at,
        u1_0.username,
        u1_0.website_url 
    from
        users u1_0 
    where
        u1_0.username=?
14:02:31.451 &amp#27;[39mDEBUG&amp#27;[0;39m [           main] &amp#27;[36mo.s.security.web.FilterChainProxy       &amp#27;[0;39m | e1dacac8 | Secured POST /api/v1/posts/7aa1a6c0-df88-4268-9e0b-da6ef68b4536/bookmark
14:02:31.451 &amp#27;[39mDEBUG&amp#27;[0;39m [           main] &amp#27;[36morg.hibernate.SQL                       &amp#27;[0;39m | e1dacac8 | 
    select
        p1_0.id,
        p1_0.author_id,
        p1_0.comments_count,
        p1_0.content,
        p1_0.cover_url,
        p1_0.created_at,
        p1_0.likes_count,
        p1_0.is_pinned,
        p1_0.preview,
        p1_0.status,
        p1_0.title,
        p1_0.updated_at,
        p1_0.views_count 
    from
        posts p1_0 
    where
        p1_0.id=?
Hibernate: 
    select
        p1_0.id,
        p1_0.author_id,
        p1_0.comments_count,
        p1_0.content,
        p1_0.cover_url,
        p1_0.created_at,
        p1_0.likes_count,
        p1_0.is_pinned,
        p1_0.preview,
        p1_0.status,
        p1_0.title,
        p1_0.updated_at,
        p1_0.views_count 
    from
        posts p1_0 
    where
        p1_0.id=?
14:02:31.459 &amp#27;[39mDEBUG&amp#27;[0;39m [           main] &amp#27;[36morg.hibernate.SQL                       &amp#27;[0;39m | e1dacac8 | 
    select
        count(*) 
    from
        post_bookmarks pb1_0 
    where
        (
            pb1_0.post_id, pb1_0.user_id
        )=(
            ?, ?
        )
Hibernate: 
    select
        count(*) 
    from
        post_bookmarks pb1_0 
    where
        (
            pb1_0.post_id, pb1_0.user_id
        )=(
            ?, ?
        )
14:02:31.465 &amp#27;[39mDEBUG&amp#27;[0;39m [           main] &amp#27;[36morg.hibernate.SQL                       &amp#27;[0;39m | e1dacac8 | 
    select
        pb1_0.post_id,
        pb1_0.user_id,
        pb1_0.created_at 
    from
        post_bookmarks pb1_0 
    where
        (
            pb1_0.post_id, pb1_0.user_id
        ) in ((?, ?))
Hibernate: 
    select
        pb1_0.post_id,
        pb1_0.user_id,
        pb1_0.created_at 
    from
        post_bookmarks pb1_0 
    where
        (
            pb1_0.post_id, pb1_0.user_id
        ) in ((?, ?))
14:02:31.470 &amp#27;[39mDEBUG&amp#27;[0;39m [           main] &amp#27;[36morg.hibernate.SQL                       &amp#27;[0;39m | e1dacac8 | 
    delete 
    from
        post_bookmarks 
    where
        post_id=? 
        and user_id=?
Hibernate: 
    delete 
    from
        post_bookmarks 
    where
        post_id=? 
        and user_id=?
14:02:31.504 &amp#27;[34mINFO &amp#27;[0;39m [           main] &amp#27;[36mcom.synora.config.RequestLoggingFilter  &amp#27;[0;39m | e1dacac8 | POST /api/v1/posts/7aa1a6c0-df88-4268-9e0b-da6ef68b4536/bookmark 200 69ms
]]></system-out>
  </testcase>
  <testcase name="deletePost_byOtherUser_returns403" classname="com.synora.modules.post.PostControllerTest" time="0.972">
    <system-out><![CDATA[14:02:31.513 &amp#27;[39mDEBUG&amp#27;[0;39m [           main] &amp#27;[36mo.s.security.web.FilterChainProxy       &amp#27;[0;39m | 0f85b4ea | Securing POST /api/v1/auth/register
14:02:31.513 &amp#27;[39mDEBUG&amp#27;[0;39m [           main] &amp#27;[36mo.s.s.w.a.AnonymousAuthenticationFilter &amp#27;[0;39m | 0f85b4ea | Set SecurityContextHolder to anonymous SecurityContext
14:02:31.513 &amp#27;[39mDEBUG&amp#27;[0;39m [           main] &amp#27;[36mo.s.security.web.FilterChainProxy       &amp#27;[0;39m | 0f85b4ea | Secured POST /api/v1/auth/register
14:02:31.516 &amp#27;[39mDEBUG&amp#27;[0;39m [           main] &amp#27;[36morg.hibernate.SQL                       &amp#27;[0;39m | 0f85b4ea | 
    select
        u1_0.id 
    from
        users u1_0 
    where
        u1_0.username=? 
    fetch
        first ? rows only
Hibernate: 
    select
        u1_0.id 
    from
        users u1_0 
    where
        u1_0.username=? 
    fetch
        first ? rows only
14:02:31.522 &amp#27;[39mDEBUG&amp#27;[0;39m [           main] &amp#27;[36morg.hibernate.SQL                       &amp#27;[0;39m | 0f85b4ea | 
    select
        u1_0.id 
    from
        users u1_0 
    where
        u1_0.email=? 
    fetch
        first ? rows only
Hibernate: 
    select
        u1_0.id 
    from
        users u1_0 
    where
        u1_0.email=? 
    fetch
        first ? rows only
14:02:31.885 &amp#27;[39mDEBUG&amp#27;[0;39m [           main] &amp#27;[36morg.hibernate.SQL                       &amp#27;[0;39m | 0f85b4ea | 
    insert 
    into
        users
        (is_active, avatar_url, is_banned, bio, created_at, display_name, email, github_url, location, password_hash, reputation_score, role, updated_at, username, website_url, id) 
    values
        (?, ?, ?, ?, ?, ?, ?, ?, ?, ?, ?, ?, ?, ?, ?, ?)
Hibernate: 
    insert 
    into
        users
        (is_active, avatar_url, is_banned, bio, created_at, display_name, email, github_url, location, password_hash, reputation_score, role, updated_at, username, website_url, id) 
    values
        (?, ?, ?, ?, ?, ?, ?, ?, ?, ?, ?, ?, ?, ?, ?, ?)
14:02:31.891 &amp#27;[39mDEBUG&amp#27;[0;39m [           main] &amp#27;[36morg.hibernate.SQL                       &amp#27;[0;39m | 0f85b4ea | 
    insert 
    into
        refresh_tokens
        (created_at, expires_at, token, user_id) 
    values
        (?, ?, ?, ?) 
    returning id
Hibernate: 
    insert 
    into
        refresh_tokens
        (created_at, expires_at, token, user_id) 
    values
        (?, ?, ?, ?) 
    returning id
14:02:31.898 &amp#27;[34mINFO &amp#27;[0;39m [           main] &amp#27;[36mcom.synora.config.RequestLoggingFilter  &amp#27;[0;39m | 0f85b4ea | POST /api/v1/auth/register 201 385ms
14:02:31.899 &amp#27;[39mDEBUG&amp#27;[0;39m [           main] &amp#27;[36mo.s.security.web.FilterChainProxy       &amp#27;[0;39m | 2b1b3190 | Securing POST /api/v1/auth/register
14:02:31.900 &amp#27;[39mDEBUG&amp#27;[0;39m [           main] &amp#27;[36mo.s.s.w.a.AnonymousAuthenticationFilter &amp#27;[0;39m | 2b1b3190 | Set SecurityContextHolder to anonymous SecurityContext
14:02:31.900 &amp#27;[39mDEBUG&amp#27;[0;39m [           main] &amp#27;[36mo.s.security.web.FilterChainProxy       &amp#27;[0;39m | 2b1b3190 | Secured POST /api/v1/auth/register
14:02:31.903 &amp#27;[39mDEBUG&amp#27;[0;39m [           main] &amp#27;[36morg.hibernate.SQL                       &amp#27;[0;39m | 2b1b3190 | 
    select
        u1_0.id 
    from
        users u1_0 
    where
        u1_0.username=? 
    fetch
        first ? rows only
Hibernate: 
    select
        u1_0.id 
    from
        users u1_0 
    where
        u1_0.username=? 
    fetch
        first ? rows only
14:02:31.907 &amp#27;[39mDEBUG&amp#27;[0;39m [           main] &amp#27;[36morg.hibernate.SQL                       &amp#27;[0;39m | 2b1b3190 | 
    select
        u1_0.id 
    from
        users u1_0 
    where
        u1_0.email=? 
    fetch
        first ? rows only
Hibernate: 
    select
        u1_0.id 
    from
        users u1_0 
    where
        u1_0.email=? 
    fetch
        first ? rows only
14:02:32.327 &amp#27;[39mDEBUG&amp#27;[0;39m [           main] &amp#27;[36morg.hibernate.SQL                       &amp#27;[0;39m | 2b1b3190 | 
    insert 
    into
        users
        (is_active, avatar_url, is_banned, bio, created_at, display_name, email, github_url, location, password_hash, reputation_score, role, updated_at, username, website_url, id) 
    values
        (?, ?, ?, ?, ?, ?, ?, ?, ?, ?, ?, ?, ?, ?, ?, ?)
Hibernate: 
    insert 
    into
        users
        (is_active, avatar_url, is_banned, bio, created_at, display_name, email, github_url, location, password_hash, reputation_score, role, updated_at, username, website_url, id) 
    values
        (?, ?, ?, ?, ?, ?, ?, ?, ?, ?, ?, ?, ?, ?, ?, ?)
14:02:32.332 &amp#27;[39mDEBUG&amp#27;[0;39m [           main] &amp#27;[36morg.hibernate.SQL                       &amp#27;[0;39m | 2b1b3190 | 
    insert 
    into
        refresh_tokens
        (created_at, expires_at, token, user_id) 
    values
        (?, ?, ?, ?) 
    returning id
Hibernate: 
    insert 
    into
        refresh_tokens
        (created_at, expires_at, token, user_id) 
    values
        (?, ?, ?, ?) 
    returning id
14:02:32.343 &amp#27;[34mINFO &amp#27;[0;39m [           main] &amp#27;[36mcom.synora.config.RequestLoggingFilter  &amp#27;[0;39m | 2b1b3190 | POST /api/v1/auth/register 201 444ms
14:02:32.346 &amp#27;[39mDEBUG&amp#27;[0;39m [           main] &amp#27;[36mo.s.security.web.FilterChainProxy       &amp#27;[0;39m | 6ab55b77 | Securing POST /api/v1/posts
14:02:32.348 &amp#27;[39mDEBUG&amp#27;[0;39m [           main] &amp#27;[36morg.hibernate.SQL                       &amp#27;[0;39m | 6ab55b77 | 
    select
        u1_0.id,
        u1_0.is_active,
        u1_0.avatar_url,
        u1_0.is_banned,
        u1_0.bio,
        u1_0.created_at,
        u1_0.display_name,
        u1_0.email,
        u1_0.github_url,
        u1_0.location,
        u1_0.password_hash,
        u1_0.reputation_score,
        u1_0.role,
        u1_0.updated_at,
        u1_0.username,
        u1_0.website_url 
    from
        users u1_0 
    where
        u1_0.username=?
Hibernate: 
    select
        u1_0.id,
        u1_0.is_active,
        u1_0.avatar_url,
        u1_0.is_banned,
        u1_0.bio,
        u1_0.created_at,
        u1_0.display_name,
        u1_0.email,
        u1_0.github_url,
        u1_0.location,
        u1_0.password_hash,
        u1_0.reputation_score,
        u1_0.role,
        u1_0.updated_at,
        u1_0.username,
        u1_0.website_url 
    from
        users u1_0 
    where
        u1_0.username=?
14:02:32.379 &amp#27;[39mDEBUG&amp#27;[0;39m [           main] &amp#27;[36mo.s.security.web.FilterChainProxy       &amp#27;[0;39m | 6ab55b77 | Secured POST /api/v1/posts
14:02:32.385 &amp#27;[39mDEBUG&amp#27;[0;39m [           main] &amp#27;[36morg.hibernate.SQL                       &amp#27;[0;39m | 6ab55b77 | 
    select
        count(*) 
    from
        post_likes pl1_0 
    where
        (
            pl1_0.post_id, pl1_0.user_id
        )=(
            ?, ?
        )
Hibernate: 
    select
        count(*) 
    from
        post_likes pl1_0 
    where
        (
            pl1_0.post_id, pl1_0.user_id
        )=(
            ?, ?
        )
14:02:32.408 &amp#27;[39mDEBUG&amp#27;[0;39m [           main] &amp#27;[36morg.hibernate.SQL                       &amp#27;[0;39m | 6ab55b77 | 
    select
        count(*) 
    from
        post_bookmarks pb1_0 
    where
        (
            pb1_0.post_id, pb1_0.user_id
        )=(
            ?, ?
        )
Hibernate: 
    select
        count(*) 
    from
        post_bookmarks pb1_0 
    where
        (
            pb1_0.post_id, pb1_0.user_id
        )=(
            ?, ?
        )
14:02:32.428 &amp#27;[39mDEBUG&amp#27;[0;39m [           main] &amp#27;[36morg.hibernate.SQL                       &amp#27;[0;39m | 6ab55b77 | 
    insert 
    into
        posts
        (author_id, comments_count, content, cover_url, created_at, likes_count, is_pinned, preview, status, title, updated_at, views_count, id) 
    values
        (?, ?, ?, ?, ?, ?, ?, ?, ?, ?, ?, ?, ?)
Hibernate: 
    insert 
    into
        posts
        (author_id, comments_count, content, cover_url, created_at, likes_count, is_pinned, preview, status, title, updated_at, views_count, id) 
    values
        (?, ?, ?, ?, ?, ?, ?, ?, ?, ?, ?, ?, ?)
14:02:32.450 &amp#27;[34mINFO &amp#27;[0;39m [           main] &amp#27;[36mcom.synora.config.RequestLoggingFilter  &amp#27;[0;39m | 6ab55b77 | POST /api/v1/posts 201 105ms
14:02:32.451 &amp#27;[39mDEBUG&amp#27;[0;39m [           main] &amp#27;[36mo.s.security.web.FilterChainProxy       &amp#27;[0;39m | ea8d24da | Securing DELETE /api/v1/posts/66d5e761-76f5-4f15-abb5-598fc4b6080b
14:02:32.455 &amp#27;[39mDEBUG&amp#27;[0;39m [           main] &amp#27;[36morg.hibernate.SQL                       &amp#27;[0;39m | ea8d24da | 
    select
        u1_0.id,
        u1_0.is_active,
        u1_0.avatar_url,
        u1_0.is_banned,
        u1_0.bio,
        u1_0.created_at,
        u1_0.display_name,
        u1_0.email,
        u1_0.github_url,
        u1_0.location,
        u1_0.password_hash,
        u1_0.reputation_score,
        u1_0.role,
        u1_0.updated_at,
        u1_0.username,
        u1_0.website_url 
    from
        users u1_0 
    where
        u1_0.username=?
Hibernate: 
    select
        u1_0.id,
        u1_0.is_active,
        u1_0.avatar_url,
        u1_0.is_banned,
        u1_0.bio,
        u1_0.created_at,
        u1_0.display_name,
        u1_0.email,
        u1_0.github_url,
        u1_0.location,
        u1_0.password_hash,
        u1_0.reputation_score,
        u1_0.role,
        u1_0.updated_at,
        u1_0.username,
        u1_0.website_url 
    from
        users u1_0 
    where
        u1_0.username=?
14:02:32.466 &amp#27;[39mDEBUG&amp#27;[0;39m [           main] &amp#27;[36mo.s.security.web.FilterChainProxy       &amp#27;[0;39m | ea8d24da | Secured DELETE /api/v1/posts/66d5e761-76f5-4f15-abb5-598fc4b6080b
14:02:32.469 &amp#27;[39mDEBUG&amp#27;[0;39m [           main] &amp#27;[36morg.hibernate.SQL                       &amp#27;[0;39m | ea8d24da | 
    select
        p1_0.id,
        p1_0.author_id,
        p1_0.comments_count,
        p1_0.content,
        p1_0.cover_url,
        p1_0.created_at,
        p1_0.likes_count,
        p1_0.is_pinned,
        p1_0.preview,
        p1_0.status,
        p1_0.title,
        p1_0.updated_at,
        p1_0.views_count 
    from
        posts p1_0 
    where
        p1_0.id=?
Hibernate: 
    select
        p1_0.id,
        p1_0.author_id,
        p1_0.comments_count,
        p1_0.content,
        p1_0.cover_url,
        p1_0.created_at,
        p1_0.likes_count,
        p1_0.is_pinned,
        p1_0.preview,
        p1_0.status,
        p1_0.title,
        p1_0.updated_at,
        p1_0.views_count 
    from
        posts p1_0 
    where
        p1_0.id=?
14:02:32.477 &amp#27;[31mWARN &amp#27;[0;39m [           main] &amp#27;[36mc.s.s.exception.GlobalExceptionHandler  &amp#27;[0;39m | ea8d24da | AppException [FORBIDDEN]: Access denied
14:02:32.479 &amp#27;[34mINFO &amp#27;[0;39m [           main] &amp#27;[36mcom.synora.config.RequestLoggingFilter  &amp#27;[0;39m | ea8d24da | DELETE /api/v1/posts/66d5e761-76f5-4f15-abb5-598fc4b6080b 403 28ms
]]></system-out>
  </testcase>
  <testcase name="getPost_existingId_returnsPost" classname="com.synora.modules.post.PostControllerTest" time="0.485">
    <system-out><![CDATA[14:02:32.483 &amp#27;[39mDEBUG&amp#27;[0;39m [           main] &amp#27;[36mo.s.security.web.FilterChainProxy       &amp#27;[0;39m | 51608c0c | Securing POST /api/v1/auth/register
14:02:32.483 &amp#27;[39mDEBUG&amp#27;[0;39m [           main] &amp#27;[36mo.s.s.w.a.AnonymousAuthenticationFilter &amp#27;[0;39m | 51608c0c | Set SecurityContextHolder to anonymous SecurityContext
14:02:32.483 &amp#27;[39mDEBUG&amp#27;[0;39m [           main] &amp#27;[36mo.s.security.web.FilterChainProxy       &amp#27;[0;39m | 51608c0c | Secured POST /api/v1/auth/register
14:02:32.483 &amp#27;[39mDEBUG&amp#27;[0;39m [           main] &amp#27;[36morg.hibernate.SQL                       &amp#27;[0;39m | 51608c0c | 
    select
        u1_0.id 
    from
        users u1_0 
    where
        u1_0.username=? 
    fetch
        first ? rows only
Hibernate: 
    select
        u1_0.id 
    from
        users u1_0 
    where
        u1_0.username=? 
    fetch
        first ? rows only
14:02:32.494 &amp#27;[39mDEBUG&amp#27;[0;39m [           main] &amp#27;[36morg.hibernate.SQL                       &amp#27;[0;39m | 51608c0c | 
    select
        u1_0.id 
    from
        users u1_0 
    where
        u1_0.email=? 
    fetch
        first ? rows only
Hibernate: 
    select
        u1_0.id 
    from
        users u1_0 
    where
        u1_0.email=? 
    fetch
        first ? rows only
14:02:32.871 &amp#27;[39mDEBUG&amp#27;[0;39m [           main] &amp#27;[36morg.hibernate.SQL                       &amp#27;[0;39m | 51608c0c | 
    insert 
    into
        users
        (is_active, avatar_url, is_banned, bio, created_at, display_name, email, github_url, location, password_hash, reputation_score, role, updated_at, username, website_url, id) 
    values
        (?, ?, ?, ?, ?, ?, ?, ?, ?, ?, ?, ?, ?, ?, ?, ?)
Hibernate: 
    insert 
    into
        users
        (is_active, avatar_url, is_banned, bio, created_at, display_name, email, github_url, location, password_hash, reputation_score, role, updated_at, username, website_url, id) 
    values
        (?, ?, ?, ?, ?, ?, ?, ?, ?, ?, ?, ?, ?, ?, ?, ?)
14:02:32.874 &amp#27;[39mDEBUG&amp#27;[0;39m [           main] &amp#27;[36morg.hibernate.SQL                       &amp#27;[0;39m | 51608c0c | 
    insert 
    into
        refresh_tokens
        (created_at, expires_at, token, user_id) 
    values
        (?, ?, ?, ?) 
    returning id
Hibernate: 
    insert 
    into
        refresh_tokens
        (created_at, expires_at, token, user_id) 
    values
        (?, ?, ?, ?) 
    returning id
14:02:32.881 &amp#27;[34mINFO &amp#27;[0;39m [           main] &amp#27;[36mcom.synora.config.RequestLoggingFilter  &amp#27;[0;39m | 51608c0c | POST /api/v1/auth/register 201 398ms
14:02:32.882 &amp#27;[39mDEBUG&amp#27;[0;39m [           main] &amp#27;[36mo.s.security.web.FilterChainProxy       &amp#27;[0;39m | af40e7b7 | Securing POST /api/v1/posts
14:02:32.886 &amp#27;[39mDEBUG&amp#27;[0;39m [           main] &amp#27;[36morg.hibernate.SQL                       &amp#27;[0;39m | af40e7b7 | 
    select
        u1_0.id,
        u1_0.is_active,
        u1_0.avatar_url,
        u1_0.is_banned,
        u1_0.bio,
        u1_0.created_at,
        u1_0.display_name,
        u1_0.email,
        u1_0.github_url,
        u1_0.location,
        u1_0.password_hash,
        u1_0.reputation_score,
        u1_0.role,
        u1_0.updated_at,
        u1_0.username,
        u1_0.website_url 
    from
        users u1_0 
    where
        u1_0.username=?
Hibernate: 
    select
        u1_0.id,
        u1_0.is_active,
        u1_0.avatar_url,
        u1_0.is_banned,
        u1_0.bio,
        u1_0.created_at,
        u1_0.display_name,
        u1_0.email,
        u1_0.github_url,
        u1_0.location,
        u1_0.password_hash,
        u1_0.reputation_score,
        u1_0.role,
        u1_0.updated_at,
        u1_0.username,
        u1_0.website_url 
    from
        users u1_0 
    where
        u1_0.username=?
14:02:32.894 &amp#27;[39mDEBUG&amp#27;[0;39m [           main] &amp#27;[36mo.s.security.web.FilterChainProxy       &amp#27;[0;39m | af40e7b7 | Secured POST /api/v1/posts
14:02:32.897 &amp#27;[39mDEBUG&amp#27;[0;39m [           main] &amp#27;[36morg.hibernate.SQL                       &amp#27;[0;39m | af40e7b7 | 
    select
        count(*) 
    from
        post_likes pl1_0 
    where
        (
            pl1_0.post_id, pl1_0.user_id
        )=(
            ?, ?
        )
Hibernate: 
    select
        count(*) 
    from
        post_likes pl1_0 
    where
        (
            pl1_0.post_id, pl1_0.user_id
        )=(
            ?, ?
        )
14:02:32.901 &amp#27;[39mDEBUG&amp#27;[0;39m [           main] &amp#27;[36morg.hibernate.SQL                       &amp#27;[0;39m | af40e7b7 | 
    select
        count(*) 
    from
        post_bookmarks pb1_0 
    where
        (
            pb1_0.post_id, pb1_0.user_id
        )=(
            ?, ?
        )
Hibernate: 
    select
        count(*) 
    from
        post_bookmarks pb1_0 
    where
        (
            pb1_0.post_id, pb1_0.user_id
        )=(
            ?, ?
        )
14:02:32.904 &amp#27;[39mDEBUG&amp#27;[0;39m [           main] &amp#27;[36morg.hibernate.SQL                       &amp#27;[0;39m | af40e7b7 | 
    insert 
    into
        posts
        (author_id, comments_count, content, cover_url, created_at, likes_count, is_pinned, preview, status, title, updated_at, views_count, id) 
    values
        (?, ?, ?, ?, ?, ?, ?, ?, ?, ?, ?, ?, ?)
Hibernate: 
    insert 
    into
        posts
        (author_id, comments_count, content, cover_url, created_at, likes_count, is_pinned, preview, status, title, updated_at, views_count, id) 
    values
        (?, ?, ?, ?, ?, ?, ?, ?, ?, ?, ?, ?, ?)
14:02:32.919 &amp#27;[34mINFO &amp#27;[0;39m [           main] &amp#27;[36mcom.synora.config.RequestLoggingFilter  &amp#27;[0;39m | af40e7b7 | POST /api/v1/posts 201 37ms
14:02:32.919 &amp#27;[39mDEBUG&amp#27;[0;39m [           main] &amp#27;[36mo.s.security.web.FilterChainProxy       &amp#27;[0;39m | 947a2b6e | Securing GET /api/v1/posts/483b5042-5a9e-4636-8d98-af26080a29a7
14:02:32.919 &amp#27;[39mDEBUG&amp#27;[0;39m [           main] &amp#27;[36morg.hibernate.SQL                       &amp#27;[0;39m | 947a2b6e | 
    select
        u1_0.id,
        u1_0.is_active,
        u1_0.avatar_url,
        u1_0.is_banned,
        u1_0.bio,
        u1_0.created_at,
        u1_0.display_name,
        u1_0.email,
        u1_0.github_url,
        u1_0.location,
        u1_0.password_hash,
        u1_0.reputation_score,
        u1_0.role,
        u1_0.updated_at,
        u1_0.username,
        u1_0.website_url 
    from
        users u1_0 
    where
        u1_0.username=?
Hibernate: 
    select
        u1_0.id,
        u1_0.is_active,
        u1_0.avatar_url,
        u1_0.is_banned,
        u1_0.bio,
        u1_0.created_at,
        u1_0.display_name,
        u1_0.email,
        u1_0.github_url,
        u1_0.location,
        u1_0.password_hash,
        u1_0.reputation_score,
        u1_0.role,
        u1_0.updated_at,
        u1_0.username,
        u1_0.website_url 
    from
        users u1_0 
    where
        u1_0.username=?
14:02:32.932 &amp#27;[39mDEBUG&amp#27;[0;39m [           main] &amp#27;[36mo.s.security.web.FilterChainProxy       &amp#27;[0;39m | 947a2b6e | Secured GET /api/v1/posts/483b5042-5a9e-4636-8d98-af26080a29a7
14:02:32.932 &amp#27;[39mDEBUG&amp#27;[0;39m [           main] &amp#27;[36morg.hibernate.SQL                       &amp#27;[0;39m | 947a2b6e | 
    select
        p1_0.id,
        p1_0.author_id,
        p1_0.comments_count,
        p1_0.content,
        p1_0.cover_url,
        p1_0.created_at,
        p1_0.likes_count,
        p1_0.is_pinned,
        p1_0.preview,
        p1_0.status,
        p1_0.title,
        p1_0.updated_at,
        p1_0.views_count 
    from
        posts p1_0 
    where
        p1_0.id=?
Hibernate: 
    select
        p1_0.id,
        p1_0.author_id,
        p1_0.comments_count,
        p1_0.content,
        p1_0.cover_url,
        p1_0.created_at,
        p1_0.likes_count,
        p1_0.is_pinned,
        p1_0.preview,
        p1_0.status,
        p1_0.title,
        p1_0.updated_at,
        p1_0.views_count 
    from
        posts p1_0 
    where
        p1_0.id=?
14:02:32.944 &amp#27;[39mDEBUG&amp#27;[0;39m [           main] &amp#27;[36morg.hibernate.SQL                       &amp#27;[0;39m | 947a2b6e | 
    update
        posts p1_0 
    set
        views_count=(p1_0.views_count+1) 
    where
        p1_0.id=?
Hibernate: 
    update
        posts p1_0 
    set
        views_count=(p1_0.views_count+1) 
    where
        p1_0.id=?
14:02:32.948 &amp#27;[39mDEBUG&amp#27;[0;39m [           main] &amp#27;[36morg.hibernate.SQL                       &amp#27;[0;39m | 947a2b6e | 
    select
        count(*) 
    from
        post_likes pl1_0 
    where
        (
            pl1_0.post_id, pl1_0.user_id
        )=(
            ?, ?
        )
Hibernate: 
    select
        count(*) 
    from
        post_likes pl1_0 
    where
        (
            pl1_0.post_id, pl1_0.user_id
        )=(
            ?, ?
        )
14:02:32.952 &amp#27;[39mDEBUG&amp#27;[0;39m [           main] &amp#27;[36morg.hibernate.SQL                       &amp#27;[0;39m | 947a2b6e | 
    select
        count(*) 
    from
        post_bookmarks pb1_0 
    where
        (
            pb1_0.post_id, pb1_0.user_id
        )=(
            ?, ?
        )
Hibernate: 
    select
        count(*) 
    from
        post_bookmarks pb1_0 
    where
        (
            pb1_0.post_id, pb1_0.user_id
        )=(
            ?, ?
        )
14:02:32.956 &amp#27;[39mDEBUG&amp#27;[0;39m [           main] &amp#27;[36morg.hibernate.SQL                       &amp#27;[0;39m | 947a2b6e | 
    select
        u1_0.id,
        u1_0.is_active,
        u1_0.avatar_url,
        u1_0.is_banned,
        u1_0.bio,
        u1_0.created_at,
        u1_0.display_name,
        u1_0.email,
        u1_0.github_url,
        u1_0.location,
        u1_0.password_hash,
        u1_0.reputation_score,
        u1_0.role,
        u1_0.updated_at,
        u1_0.username,
        u1_0.website_url 
    from
        users u1_0 
    where
        u1_0.id=?
Hibernate: 
    select
        u1_0.id,
        u1_0.is_active,
        u1_0.avatar_url,
        u1_0.is_banned,
        u1_0.bio,
        u1_0.created_at,
        u1_0.display_name,
        u1_0.email,
        u1_0.github_url,
        u1_0.location,
        u1_0.password_hash,
        u1_0.reputation_score,
        u1_0.role,
        u1_0.updated_at,
        u1_0.username,
        u1_0.website_url 
    from
        users u1_0 
    where
        u1_0.id=?
14:02:32.961 &amp#27;[39mDEBUG&amp#27;[0;39m [           main] &amp#27;[36morg.hibernate.SQL                       &amp#27;[0;39m | 947a2b6e | 
    select
        t1_0.post_id,
        t1_1.id,
        t1_1.color,
        t1_1.name,
        t1_1.usage_count 
    from
        post_tags t1_0 
    join
        tags t1_1 
            on t1_1.id=t1_0.tag_id 
    where
        t1_0.post_id=?
Hibernate: 
    select
        t1_0.post_id,
        t1_1.id,
        t1_1.color,
        t1_1.name,
        t1_1.usage_count 
    from
        post_tags t1_0 
    join
        tags t1_1 
            on t1_1.id=t1_0.tag_id 
    where
        t1_0.post_id=?
14:02:32.968 &amp#27;[34mINFO &amp#27;[0;39m [           main] &amp#27;[36mcom.synora.config.RequestLoggingFilter  &amp#27;[0;39m | 947a2b6e | GET /api/v1/posts/483b5042-5a9e-4636-8d98-af26080a29a7 200 49ms
]]></system-out>
  </testcase>
  <testcase name="createPost_blankTitle_returns400" classname="com.synora.modules.post.PostControllerTest" time="0.494">
    <system-out><![CDATA[14:02:32.977 &amp#27;[39mDEBUG&amp#27;[0;39m [           main] &amp#27;[36mo.s.security.web.FilterChainProxy       &amp#27;[0;39m | 7581c017 | Securing POST /api/v1/auth/register
14:02:32.977 &amp#27;[39mDEBUG&amp#27;[0;39m [           main] &amp#27;[36mo.s.s.w.a.AnonymousAuthenticationFilter &amp#27;[0;39m | 7581c017 | Set SecurityContextHolder to anonymous SecurityContext
14:02:32.977 &amp#27;[39mDEBUG&amp#27;[0;39m [           main] &amp#27;[36mo.s.security.web.FilterChainProxy       &amp#27;[0;39m | 7581c017 | Secured POST /api/v1/auth/register
14:02:32.977 &amp#27;[39mDEBUG&amp#27;[0;39m [           main] &amp#27;[36morg.hibernate.SQL                       &amp#27;[0;39m | 7581c017 | 
    select
        u1_0.id 
    from
        users u1_0 
    where
        u1_0.username=? 
    fetch
        first ? rows only
Hibernate: 
    select
        u1_0.id 
    from
        users u1_0 
    where
        u1_0.username=? 
    fetch
        first ? rows only
14:02:33.029 &amp#27;[39mDEBUG&amp#27;[0;39m [           main] &amp#27;[36morg.hibernate.SQL                       &amp#27;[0;39m | 7581c017 | 
    select
        u1_0.id 
    from
        users u1_0 
    where
        u1_0.email=? 
    fetch
        first ? rows only
Hibernate: 
    select
        u1_0.id 
    from
        users u1_0 
    where
        u1_0.email=? 
    fetch
        first ? rows only
14:02:33.410 &amp#27;[39mDEBUG&amp#27;[0;39m [           main] &amp#27;[36morg.hibernate.SQL                       &amp#27;[0;39m | 7581c017 | 
    insert 
    into
        users
        (is_active, avatar_url, is_banned, bio, created_at, display_name, email, github_url, location, password_hash, reputation_score, role, updated_at, username, website_url, id) 
    values
        (?, ?, ?, ?, ?, ?, ?, ?, ?, ?, ?, ?, ?, ?, ?, ?)
Hibernate: 
    insert 
    into
        users
        (is_active, avatar_url, is_banned, bio, created_at, display_name, email, github_url, location, password_hash, reputation_score, role, updated_at, username, website_url, id) 
    values
        (?, ?, ?, ?, ?, ?, ?, ?, ?, ?, ?, ?, ?, ?, ?, ?)
14:02:33.417 &amp#27;[39mDEBUG&amp#27;[0;39m [           main] &amp#27;[36morg.hibernate.SQL                       &amp#27;[0;39m | 7581c017 | 
    insert 
    into
        refresh_tokens
        (created_at, expires_at, token, user_id) 
    values
        (?, ?, ?, ?) 
    returning id
Hibernate: 
    insert 
    into
        refresh_tokens
        (created_at, expires_at, token, user_id) 
    values
        (?, ?, ?, ?) 
    returning id
14:02:33.424 &amp#27;[34mINFO &amp#27;[0;39m [           main] &amp#27;[36mcom.synora.config.RequestLoggingFilter  &amp#27;[0;39m | 7581c017 | POST /api/v1/auth/register 201 449ms
14:02:33.426 &amp#27;[39mDEBUG&amp#27;[0;39m [           main] &amp#27;[36mo.s.security.web.FilterChainProxy       &amp#27;[0;39m | 31158c46 | Securing POST /api/v1/posts
14:02:33.429 &amp#27;[39mDEBUG&amp#27;[0;39m [           main] &amp#27;[36morg.hibernate.SQL                       &amp#27;[0;39m | 31158c46 | 
    select
        u1_0.id,
        u1_0.is_active,
        u1_0.avatar_url,
        u1_0.is_banned,
        u1_0.bio,
        u1_0.created_at,
        u1_0.display_name,
        u1_0.email,
        u1_0.github_url,
        u1_0.location,
        u1_0.password_hash,
        u1_0.reputation_score,
        u1_0.role,
        u1_0.updated_at,
        u1_0.username,
        u1_0.website_url 
    from
        users u1_0 
    where
        u1_0.username=?
Hibernate: 
    select
        u1_0.id,
        u1_0.is_active,
        u1_0.avatar_url,
        u1_0.is_banned,
        u1_0.bio,
        u1_0.created_at,
        u1_0.display_name,
        u1_0.email,
        u1_0.github_url,
        u1_0.location,
        u1_0.password_hash,
        u1_0.reputation_score,
        u1_0.role,
        u1_0.updated_at,
        u1_0.username,
        u1_0.website_url 
    from
        users u1_0 
    where
        u1_0.username=?
14:02:33.436 &amp#27;[39mDEBUG&amp#27;[0;39m [           main] &amp#27;[36mo.s.security.web.FilterChainProxy       &amp#27;[0;39m | 31158c46 | Secured POST /api/v1/posts
14:02:33.439 &amp#27;[34mINFO &amp#27;[0;39m [           main] &amp#27;[36mcom.synora.config.RequestLoggingFilter  &amp#27;[0;39m | 31158c46 | POST /api/v1/posts 400 14ms
]]></system-out>
  </testcase>
</testsuite>