<?xml version="1.0" encoding="UTF-8"?>
<testsuite xmlns:xsi="http://www.w3.org/2001/XMLSchema-instance" xsi:noNamespaceSchemaLocation="https://maven.apache.org/surefire/maven-surefire-plugin/xsd/surefire-test-report-3.0.xsd" version="3.0" name="com.synora.modules.user.UserFollowControllerTest" time="2.669" tests="6" errors="0" skipped="0" failures="0">
  <properties>
[...]
</properties>
  <testcase name="getProfile_existingUser_returnsProfile" classname="com.synora.modules.user.UserFollowControllerTest" time="0.249">
    <system-out><![CDATA[18:23:37.616 &amp#27;[34mINFO &amp#27;[0;39m [           main] &amp#27;[36mt.c.s.AnnotationConfigContextLoaderUtils&amp#27;[0;39m | none | Could not detect default configuration classes for test class [com.synora.modules.user.UserFollowControllerTest]: UserFollowControllerTest does not declare any static, non-private, non-final, nested classes annotated with @Configuration.
18:23:37.629 &amp#27;[34mINFO &amp#27;[0;39m [           main] &amp#27;[36m.b.t.c.SpringBootTestContextBootstrapper&amp#27;[0;39m | none | Found @SpringBootConfiguration com.synora.SynoraApplication for test class com.synora.modules.user.UserFollowControllerTest
18:23:37.632 &amp#27;[39mDEBUG&amp#27;[0;39m [           main] &amp#27;[36mo.s.security.web.FilterChainProxy       &amp#27;[0;39m | b3f3c633 | Securing POST /api/v1/auth/register
18:23:37.632 &amp#27;[39mDEBUG&amp#27;[0;39m [           main] &amp#27;[36mo.s.s.w.a.AnonymousAuthenticationFilter &amp#27;[0;39m | b3f3c633 | Set SecurityContextHolder to anonymous SecurityContext
18:23:37.632 &amp#27;[39mDEBUG&amp#27;[0;39m [           main] &amp#27;[36mo.s.security.web.FilterChainProxy       &amp#27;[0;39m | b3f3c633 | Secured POST /api/v1/auth/register
18:23:37.633 &amp#27;[39mDEBUG&amp#27;[0;39m [           main] &amp#27;[36morg.hibernate.SQL                       &amp#27;[0;39m | b3f3c633 | 
    select
        u1_0.id 
    from
        users u1_0 
    where
        u1_0.username=? 
    fetch
        first ? rows only
Hibernate: 
    select
        u1_0.id 
    from
        users u1_0 
    where
        u1_0.username=? 
    fetch
        first ? rows only
18:23:37.639 &amp#27;[39mDEBUG&amp#27;[0;39m [           main] &amp#27;[36morg.hibernate.SQL                       &amp#27;[0;39m | b3f3c633 | 
    select
        u1_0.id 
    from
        users u1_0 
    where
        u1_0.email=? 
    fetch
        first ? rows only
Hibernate: 
    select
        u1_0.id 
    from
        users u1_0 
    where
        u1_0.email=? 
    fetch
        first ? rows only
18:23:37.865 &amp#27;[39mDEBUG&amp#27;[0;39m [           main] &amp#27;[36morg.hibernate.SQL                       &amp#27;[0;39m | b3f3c633 | 
    insert 
    into
        users
        (is_active, avatar_url, is_banned, bio, created_at, display_name, email, github_url, location, password_hash, reputation_score, role, updated_at, username, website_url, id) 
    values
        (?, ?, ?, ?, ?, ?, ?, ?, ?, ?, ?, ?, ?, ?, ?, ?)
Hibernate: 
    insert 
    into
        users
        (is_active, avatar_url, is_banned, bio, created_at, display_name, email, github_url, location, password_hash, reputation_score, role, updated_at, username, website_url, id) 
    values
        (?, ?, ?, ?, ?, ?, ?, ?, ?, ?, ?, ?, ?, ?, ?, ?)
18:23:37.867 &amp#27;[39mDEBUG&amp#27;[0;39m [           main] &amp#27;[36morg.hibernate.SQL                       &amp#27;[0;39m | b3f3c633 | 
    insert 
    into
        refresh_tokens
        (created_at, expires_at, token, user_id) 
    values
        (?, ?, ?, ?) 
    returning id
Hibernate: 
    insert 
    into
        refresh_tokens
        (created_at, expires_at, token, user_id) 
    values
        (?, ?, ?, ?) 
    returning id
18:23:37.870 &amp#27;[34mINFO &amp#27;[0;39m [           main] &amp#27;[36mcom.synora.config.RequestLoggingFilter  &amp#27;[0;39m | b3f3c633 | POST /api/v1/auth/register 201 238ms
18:23:37.871 &amp#27;[39mDEBUG&amp#27;[0;39m [           main] &amp#27;[36mo.s.security.web.FilterChainProxy       &amp#27;[0;39m | 2531e1f5 | Securing GET /api/v1/users/user_e8c2016f/profile
18:23:37.871 &amp#27;[39mDEBUG&amp#27;[0;39m [           main] &amp#27;[36mo.s.s.w.a.AnonymousAuthenticationFilter &amp#27;[0;39m | 2531e1f5 | Set SecurityContextHolder to anonymous SecurityContext
18:23:37.872 &amp#27;[39mDEBUG&amp#27;[0;39m [           main] &amp#27;[36mo.s.security.web.FilterChainProxy       &amp#27;[0;39m | 2531e1f5 | Secured GET /api/v1/users/user_e8c2016f/profile
18:23:37.874 &amp#27;[39mDEBUG&amp#27;[0;39m [           main] &amp#27;[36morg.hibernate.SQL                       &amp#27;[0;39m | 2531e1f5 | 
    select
        u1_0.id,
        u1_0.is_active,
        u1_0.avatar_url,
        u1_0.is_banned,
        u1_0.bio,
        u1_0.created_at,
        u1_0.display_name,
        u1_0.email,
        u1_0.github_url,
        u1_0.location,
        u1_0.password_hash,
        u1_0.reputation_score,
        u1_0.role,
        u1_0.updated_at,
        u1_0.username,
        u1_0.website_url 
    from
        users u1_0 
    where
        u1_0.username=?
Hibernate: 
    select
        u1_0.id,
        u1_0.is_active,
        u1_0.avatar_url,
        u1_0.is_banned,
        u1_0.bio,
        u1_0.created_at,
        u1_0.display_name,
        u1_0.email,
        u1_0.github_url,
        u1_0.location,
        u1_0.password_hash,
        u1_0.reputation_score,
        u1_0.role,
        u1_0.updated_at,
        u1_0.username,
        u1_0.website_url 
    from
        users u1_0 
    where
        u1_0.username=?
18:23:37.877 &amp#27;[34mINFO &amp#27;[0;39m [           main] &amp#27;[36mcom.synora.config.RequestLoggingFilter  &amp#27;[0;39m | 2531e1f5 | GET /api/v1/users/user_e8c2016f/profile 200 6ms
]]></system-out>
  </testcase>
  <testcase name="getProfile_nonExistentUser_returns404" classname="com.synora.modules.user.UserFollowControllerTest" time="0.009">
    <system-out><![CDATA[18:23:37.881 &amp#27;[39mDEBUG&amp#27;[0;39m [           main] &amp#27;[36mo.s.security.web.FilterChainProxy       &amp#27;[0;39m | 3ec9e4a8 | Securing GET /api/v1/users/nonexistent_user_xyz/profile
18:23:37.881 &amp#27;[39mDEBUG&amp#27;[0;39m [           main] &amp#27;[36mo.s.s.w.a.AnonymousAuthenticationFilter &amp#27;[0;39m | 3ec9e4a8 | Set SecurityContextHolder to anonymous SecurityContext
18:23:37.881 &amp#27;[39mDEBUG&amp#27;[0;39m [           main] &amp#27;[36mo.s.security.web.FilterChainProxy       &amp#27;[0;39m | 3ec9e4a8 | Secured GET /api/v1/users/nonexistent_user_xyz/profile
18:23:37.881 &amp#27;[39mDEBUG&amp#27;[0;39m [           main] &amp#27;[36morg.hibernate.SQL                       &amp#27;[0;39m | 3ec9e4a8 | 
    select
        u1_0.id,
        u1_0.is_active,
        u1_0.avatar_url,
        u1_0.is_banned,
        u1_0.bio,
        u1_0.created_at,
        u1_0.display_name,
        u1_0.email,
        u1_0.github_url,
        u1_0.location,
        u1_0.password_hash,
        u1_0.reputation_score,
        u1_0.role,
        u1_0.updated_at,
        u1_0.username,
        u1_0.website_url 
    from
        users u1_0 
    where
        u1_0.username=?
Hibernate: 
    select
        u1_0.id,
        u1_0.is_active,
        u1_0.avatar_url,
        u1_0.is_banned,
        u1_0.bio,
        u1_0.created_at,
        u1_0.display_name,
        u1_0.email,
        u1_0.github_url,
        u1_0.location,
        u1_0.password_hash,
        u1_0.reputation_score,
        u1_0.role,
        u1_0.updated_at,
        u1_0.username,
        u1_0.website_url 
    from
        users u1_0 
    where
        u1_0.username=?
18:23:37.885 &amp#27;[31mWARN &amp#27;[0;39m [           main] &amp#27;[36mc.s.s.exception.GlobalExceptionHandler  &amp#27;[0;39m | 3ec9e4a8 | AppException [NOT_FOUND]: User not found: nonexistent_user_xyz
18:23:37.886 &amp#27;[34mINFO &amp#27;[0;39m [           main] &amp#27;[36mcom.synora.config.RequestLoggingFilter  &amp#27;[0;39m | 3ec9e4a8 | GET /api/v1/users/nonexistent_user_xyz/profile 404 5ms
]]></system-out>
  </testcase>
  <testcase name="getFollowers_returnsPaginatedList" classname="com.synora.modules.user.UserFollowControllerTest" time="1.126">
    <system-out><![CDATA[18:23:37.890 &amp#27;[39mDEBUG&amp#27;[0;39m [           main] &amp#27;[36mo.s.security.web.FilterChainProxy       &amp#27;[0;39m | 5cc42c69 | Securing POST /api/v1/auth/register
18:23:37.890 &amp#27;[39mDEBUG&amp#27;[0;39m [           main] &amp#27;[36mo.s.s.w.a.AnonymousAuthenticationFilter &amp#27;[0;39m | 5cc42c69 | Set SecurityContextHolder to anonymous SecurityContext
18:23:37.891 &amp#27;[39mDEBUG&amp#27;[0;39m [           main] &amp#27;[36mo.s.security.web.FilterChainProxy       &amp#27;[0;39m | 5cc42c69 | Secured POST /api/v1/auth/register
18:23:37.893 &amp#27;[39mDEBUG&amp#27;[0;39m [           main] &amp#27;[36morg.hibernate.SQL                       &amp#27;[0;39m | 5cc42c69 | 
    select
        u1_0.id 
    from
        users u1_0 
    where
        u1_0.username=? 
    fetch
        first ? rows only
Hibernate: 
    select
        u1_0.id 
    from
        users u1_0 
    where
        u1_0.username=? 
    fetch
        first ? rows only
18:23:37.895 &amp#27;[39mDEBUG&amp#27;[0;39m [           main] &amp#27;[36morg.hibernate.SQL                       &amp#27;[0;39m | 5cc42c69 | 
    select
        u1_0.id 
    from
        users u1_0 
    where
        u1_0.email=? 
    fetch
        first ? rows only
Hibernate: 
    select
        u1_0.id 
    from
        users u1_0 
    where
        u1_0.email=? 
    fetch
        first ? rows only
18:23:38.121 &amp#27;[39mDEBUG&amp#27;[0;39m [           main] &amp#27;[36morg.hibernate.SQL                       &amp#27;[0;39m | 5cc42c69 | 
    insert 
    into
        users
        (is_active, avatar_url, is_banned, bio, created_at, display_name, email, github_url, location, password_hash, reputation_score, role, updated_at, username, website_url, id) 
    values
        (?, ?, ?, ?, ?, ?, ?, ?, ?, ?, ?, ?, ?, ?, ?, ?)
Hibernate: 
    insert 
    into
        users
        (is_active, avatar_url, is_banned, bio, created_at, display_name, email, github_url, location, password_hash, reputation_score, role, updated_at, username, website_url, id) 
    values
        (?, ?, ?, ?, ?, ?, ?, ?, ?, ?, ?, ?, ?, ?, ?, ?)
18:23:38.125 &amp#27;[39mDEBUG&amp#27;[0;39m [           main] &amp#27;[36morg.hibernate.SQL                       &amp#27;[0;39m | 5cc42c69 | 
    insert 
    into
        refresh_tokens
        (created_at, expires_at, token, user_id) 
    values
        (?, ?, ?, ?) 
    returning id
Hibernate: 
    insert 
    into
        refresh_tokens
        (created_at, expires_at, token, user_id) 
    values
        (?, ?, ?, ?) 
    returning id
18:23:38.129 &amp#27;[34mINFO &amp#27;[0;39m [           main] &amp#27;[36mcom.synora.config.RequestLoggingFilter  &amp#27;[0;39m | 5cc42c69 | POST /api/v1/auth/register 201 239ms
18:23:38.129 &amp#27;[39mDEBUG&amp#27;[0;39m [           main] &amp#27;[36mo.s.security.web.FilterChainProxy       &amp#27;[0;39m | ea8f7786 | Securing GET /api/v1/users/user_66f4bf05/profile
18:23:38.129 &amp#27;[39mDEBUG&amp#27;[0;39m [           main] &amp#27;[36mo.s.s.w.a.AnonymousAuthenticationFilter &amp#27;[0;39m | ea8f7786 | Set SecurityContextHolder to anonymous SecurityContext
18:23:38.129 &amp#27;[39mDEBUG&amp#27;[0;39m [           main] &amp#27;[36mo.s.security.web.FilterChainProxy       &amp#27;[0;39m | ea8f7786 | Secured GET /api/v1/users/user_66f4bf05/profile
18:23:38.129 &amp#27;[39mDEBUG&amp#27;[0;39m [           main] &amp#27;[36morg.hibernate.SQL                       &amp#27;[0;39m | ea8f7786 | 
    select
        u1_0.id,
        u1_0.is_active,
        u1_0.avatar_url,
        u1_0.is_banned,
        u1_0.bio,
        u1_0.created_at,
        u1_0.display_name,
        u1_0.email,
        u1_0.github_url,
        u1_0.location,
        u1_0.password_hash,
        u1_0.reputation_score,
        u1_0.role,
        u1_0.updated_at,
        u1_0.username,
        u1_0.website_url 
    from
        users u1_0 
    where
        u1_0.username=?
Hibernate: 
    select
        u1_0.id,
        u1_0.is_active,
        u1_0.avatar_url,
        u1_0.is_banned,
        u1_0.bio,
        u1_0.created_at,
        u1_0.display_name,
        u1_0.email,
        u1_0.github_url,
        u1_0.location,
        u1_0.password_hash,
        u1_0.reputation_score,
        u1_0.role,
        u1_0.updated_at,
        u1_0.username,
        u1_0.website_url 
    from
        users u1_0 
    where
        u1_0.username=?
18:23:38.135 &amp#27;[34mINFO &amp#27;[0;39m [           main] &amp#27;[36mcom.synora.config.RequestLoggingFilter  &amp#27;[0;39m | ea8f7786 | GET /api/v1/users/user_66f4bf05/profile 200 6ms
18:23:38.136 &amp#27;[39mDEBUG&amp#27;[0;39m [           main] &amp#27;[36mo.s.security.web.FilterChainProxy       &amp#27;[0;39m | 1d2261d6 | Securing POST /api/v1/auth/register
18:23:38.136 &amp#27;[39mDEBUG&amp#27;[0;39m [           main] &amp#27;[36mo.s.s.w.a.AnonymousAuthenticationFilter &amp#27;[0;39m | 1d2261d6 | Set SecurityContextHolder to anonymous SecurityContext
18:23:38.137 &amp#27;[39mDEBUG&amp#27;[0;39m [           main] &amp#27;[36mo.s.security.web.FilterChainProxy       &amp#27;[0;39m | 1d2261d6 | Secured POST /api/v1/auth/register
18:23:38.138 &amp#27;[39mDEBUG&amp#27;[0;39m [           main] &amp#27;[36morg.hibernate.SQL                       &amp#27;[0;39m | 1d2261d6 | 
    select
        u1_0.id 
    from
        users u1_0 
    where
        u1_0.username=? 
    fetch
        first ? rows only
Hibernate: 
    select
        u1_0.id 
    from
        users u1_0 
    where
        u1_0.username=? 
    fetch
        first ? rows only
18:23:38.140 &amp#27;[39mDEBUG&amp#27;[0;39m [           main] &amp#27;[36morg.hibernate.SQL                       &amp#27;[0;39m | 1d2261d6 | 
    select
        u1_0.id 
    from
        users u1_0 
    where
        u1_0.email=? 
    fetch
        first ? rows only
Hibernate: 
    select
        u1_0.id 
    from
        users u1_0 
    where
        u1_0.email=? 
    fetch
        first ? rows only
18:23:38.370 &amp#27;[39mDEBUG&amp#27;[0;39m [           main] &amp#27;[36morg.hibernate.SQL                       &amp#27;[0;39m | 1d2261d6 | 
    insert 
    into
        users
        (is_active, avatar_url, is_banned, bio, created_at, display_name, email, github_url, location, password_hash, reputation_score, role, updated_at, username, website_url, id) 
    values
        (?, ?, ?, ?, ?, ?, ?, ?, ?, ?, ?, ?, ?, ?, ?, ?)
Hibernate: 
    insert 
    into
        users
        (is_active, avatar_url, is_banned, bio, created_at, display_name, email, github_url, location, password_hash, reputation_score, role, updated_at, username, website_url, id) 
    values
        (?, ?, ?, ?, ?, ?, ?, ?, ?, ?, ?, ?, ?, ?, ?, ?)
18:23:38.373 &amp#27;[39mDEBUG&amp#27;[0;39m [           main] &amp#27;[36morg.hibernate.SQL                       &amp#27;[0;39m | 1d2261d6 | 
    insert 
    into
        refresh_tokens
        (created_at, expires_at, token, user_id) 
    values
        (?, ?, ?, ?) 
    returning id
Hibernate: 
    insert 
    into
        refresh_tokens
        (created_at, expires_at, token, user_id) 
    values
        (?, ?, ?, ?) 
    returning id
18:23:38.378 &amp#27;[34mINFO &amp#27;[0;39m [           main] &amp#27;[36mcom.synora.config.RequestLoggingFilter  &amp#27;[0;39m | 1d2261d6 | POST /api/v1/auth/register 201 242ms
18:23:38.379 &amp#27;[39mDEBUG&amp#27;[0;39m [           main] &amp#27;[36mo.s.security.web.FilterChainProxy       &amp#27;[0;39m | e00d907f | Securing POST /api/v1/users/f8aee209-f75a-4270-a126-10a90a30bd83/follow
18:23:38.382 &amp#27;[39mDEBUG&amp#27;[0;39m [           main] &amp#27;[36morg.hibernate.SQL                       &amp#27;[0;39m | e00d907f | 
    select
        u1_0.id,
        u1_0.is_active,
        u1_0.avatar_url,
        u1_0.is_banned,
        u1_0.bio,
        u1_0.created_at,
        u1_0.display_name,
        u1_0.email,
        u1_0.github_url,
        u1_0.location,
        u1_0.password_hash,
        u1_0.reputation_score,
        u1_0.role,
        u1_0.updated_at,
        u1_0.username,
        u1_0.website_url 
    from
        users u1_0 
    where
        u1_0.username=?
Hibernate: 
    select
        u1_0.id,
        u1_0.is_active,
        u1_0.avatar_url,
        u1_0.is_banned,
        u1_0.bio,
        u1_0.created_at,
        u1_0.display_name,
        u1_0.email,
        u1_0.github_url,
        u1_0.location,
        u1_0.password_hash,
        u1_0.reputation_score,
        u1_0.role,
        u1_0.updated_at,
        u1_0.username,
        u1_0.website_url 
    from
        users u1_0 
    where
        u1_0.username=?
18:23:38.387 &amp#27;[39mDEBUG&amp#27;[0;39m [           main] &amp#27;[36mo.s.security.web.FilterChainProxy       &amp#27;[0;39m | e00d907f | Secured POST /api/v1/users/f8aee209-f75a-4270-a126-10a90a30bd83/follow
18:23:38.392 &amp#27;[39mDEBUG&amp#27;[0;39m [           main] &amp#27;[36morg.hibernate.SQL                       &amp#27;[0;39m | e00d907f | 
    select
        count(*) 
    from
        user_follows uf1_0 
    where
        (
            uf1_0.follower_id, uf1_0.following_id
        )=(
            ?, ?
        )
Hibernate: 
    select
        count(*) 
    from
        user_follows uf1_0 
    where
        (
            uf1_0.follower_id, uf1_0.following_id
        )=(
            ?, ?
        )
18:23:38.399 &amp#27;[39mDEBUG&amp#27;[0;39m [           main] &amp#27;[36morg.hibernate.SQL                       &amp#27;[0;39m | e00d907f | 
    select
        u1_0.id,
        u1_0.is_active,
        u1_0.avatar_url,
        u1_0.is_banned,
        u1_0.bio,
        u1_0.created_at,
        u1_0.display_name,
        u1_0.email,
        u1_0.github_url,
        u1_0.location,
        u1_0.password_hash,
        u1_0.reputation_score,
        u1_0.role,
        u1_0.updated_at,
        u1_0.username,
        u1_0.website_url 
    from
        users u1_0 
    where
        u1_0.id=?
Hibernate: 
    select
        u1_0.id,
        u1_0.is_active,
        u1_0.avatar_url,
        u1_0.is_banned,
        u1_0.bio,
        u1_0.created_at,
        u1_0.display_name,
        u1_0.email,
        u1_0.github_url,
        u1_0.location,
        u1_0.password_hash,
        u1_0.reputation_score,
        u1_0.role,
        u1_0.updated_at,
        u1_0.username,
        u1_0.website_url 
    from
        users u1_0 
    where
        u1_0.id=?
18:23:38.409 &amp#27;[39mDEBUG&amp#27;[0;39m [           main] &amp#27;[36morg.hibernate.SQL                       &amp#27;[0;39m | e00d907f | 
    select
        uf1_0.follower_id,
        uf1_0.following_id,
        uf1_0.created_at 
    from
        user_follows uf1_0 
    where
        (
            uf1_0.follower_id, uf1_0.following_id
        ) in ((?, ?))
Hibernate: 
    select
        uf1_0.follower_id,
        uf1_0.following_id,
        uf1_0.created_at 
    from
        user_follows uf1_0 
    where
        (
            uf1_0.follower_id, uf1_0.following_id
        ) in ((?, ?))
18:23:38.443 &amp#27;[39mDEBUG&amp#27;[0;39m [           main] &amp#27;[36morg.hibernate.SQL                       &amp#27;[0;39m | e00d907f | 
    insert 
    into
        user_follows
        (created_at, follower_id, following_id) 
    values
        (?, ?, ?)
Hibernate: 
    insert 
    into
        user_follows
        (created_at, follower_id, following_id) 
    values
        (?, ?, ?)
18:23:38.456 &amp#27;[39mDEBUG&amp#27;[0;39m [           main] &amp#27;[36morg.hibernate.SQL                       &amp#27;[0;39m | e00d907f | 
    insert 
    into
        notifications
        (actor_id, created_at, entity_id, entity_type, payload, is_read, type, user_id, id) 
    values
        (?, ?, ?, ?, ?, ?, ?, ?, ?)
Hibernate: 
    insert 
    into
        notifications
        (actor_id, created_at, entity_id, entity_type, payload, is_read, type, user_id, id) 
    values
        (?, ?, ?, ?, ?, ?, ?, ?, ?)
18:23:38.463 &amp#27;[34mINFO &amp#27;[0;39m [           main] &amp#27;[36mcom.synora.config.RequestLoggingFilter  &amp#27;[0;39m | e00d907f | POST /api/v1/users/f8aee209-f75a-4270-a126-10a90a30bd83/follow 200 84ms
18:23:38.464 &amp#27;[39mDEBUG&amp#27;[0;39m [           main] &amp#27;[36mo.s.security.web.FilterChainProxy       &amp#27;[0;39m | 107f0279 | Securing POST /api/v1/auth/register
18:23:38.465 &amp#27;[39mDEBUG&amp#27;[0;39m [           main] &amp#27;[36mo.s.s.w.a.AnonymousAuthenticationFilter &amp#27;[0;39m | 107f0279 | Set SecurityContextHolder to anonymous SecurityContext
18:23:38.465 &amp#27;[39mDEBUG&amp#27;[0;39m [           main] &amp#27;[36mo.s.security.web.FilterChainProxy       &amp#27;[0;39m | 107f0279 | Secured POST /api/v1/auth/register
18:23:38.468 &amp#27;[39mDEBUG&amp#27;[0;39m [           main] &amp#27;[36morg.hibernate.SQL                       &amp#27;[0;39m | 107f0279 | 
    select
        u1_0.id 
    from
        users u1_0 
    where
        u1_0.username=? 
    fetch
        first ? rows only
Hibernate: 
    select
        u1_0.id 
    from
        users u1_0 
    where
        u1_0.username=? 
    fetch
        first ? rows only
18:23:38.472 &amp#27;[39mDEBUG&amp#27;[0;39m [           main] &amp#27;[36morg.hibernate.SQL                       &amp#27;[0;39m | 107f0279 | 
    select
        u1_0.id 
    from
        users u1_0 
    where
        u1_0.email=? 
    fetch
        first ? rows only
Hibernate: 
    select
        u1_0.id 
    from
        users u1_0 
    where
        u1_0.email=? 
    fetch
        first ? rows only
18:23:38.715 &amp#27;[39mDEBUG&amp#27;[0;39m [           main] &amp#27;[36morg.hibernate.SQL                       &amp#27;[0;39m | 107f0279 | 
    insert 
    into
        users
        (is_active, avatar_url, is_banned, bio, created_at, display_name, email, github_url, location, password_hash, reputation_score, role, updated_at, username, website_url, id) 
    values
        (?, ?, ?, ?, ?, ?, ?, ?, ?, ?, ?, ?, ?, ?, ?, ?)
Hibernate: 
    insert 
    into
        users
        (is_active, avatar_url, is_banned, bio, created_at, display_name, email, github_url, location, password_hash, reputation_score, role, updated_at, username, website_url, id) 
    values
        (?, ?, ?, ?, ?, ?, ?, ?, ?, ?, ?, ?, ?, ?, ?, ?)
18:23:38.721 &amp#27;[39mDEBUG&amp#27;[0;39m [           main] &amp#27;[36morg.hibernate.SQL                       &amp#27;[0;39m | 107f0279 | 
    insert 
    into
        refresh_tokens
        (created_at, expires_at, token, user_id) 
    values
        (?, ?, ?, ?) 
    returning id
Hibernate: 
    insert 
    into
        refresh_tokens
        (created_at, expires_at, token, user_id) 
    values
        (?, ?, ?, ?) 
    returning id
18:23:38.725 &amp#27;[34mINFO &amp#27;[0;39m [           main] &amp#27;[36mcom.synora.config.RequestLoggingFilter  &amp#27;[0;39m | 107f0279 | POST /api/v1/auth/register 201 261ms
18:23:38.725 &amp#27;[39mDEBUG&amp#27;[0;39m [           main] &amp#27;[36mo.s.security.web.FilterChainProxy       &amp#27;[0;39m | 5f792aaf | Securing POST /api/v1/users/f8aee209-f75a-4270-a126-10a90a30bd83/follow
18:23:38.727 &amp#27;[39mDEBUG&amp#27;[0;39m [           main] &amp#27;[36morg.hibernate.SQL                       &amp#27;[0;39m | 5f792aaf | 
    select
        u1_0.id,
        u1_0.is_active,
        u1_0.avatar_url,
        u1_0.is_banned,
        u1_0.bio,
        u1_0.created_at,
        u1_0.display_name,
        u1_0.email,
        u1_0.github_url,
        u1_0.location,
        u1_0.password_hash,
        u1_0.reputation_score,
        u1_0.role,
        u1_0.updated_at,
        u1_0.username,
        u1_0.website_url 
    from
        users u1_0 
    where
        u1_0.username=?
Hibernate: 
    select
        u1_0.id,
        u1_0.is_active,
        u1_0.avatar_url,
        u1_0.is_banned,
        u1_0.bio,
        u1_0.created_at,
        u1_0.display_name,
        u1_0.email,
        u1_0.github_url,
        u1_0.location,
        u1_0.password_hash,
        u1_0.reputation_score,
        u1_0.role,
        u1_0.updated_at,
        u1_0.username,
        u1_0.website_url 
    from
        users u1_0 
    where
        u1_0.username=?
18:23:38.730 &amp#27;[39mDEBUG&amp#27;[0;39m [           main] &amp#27;[36mo.s.security.web.FilterChainProxy       &amp#27;[0;39m | 5f792aaf | Secured POST /api/v1/users/f8aee209-f75a-4270-a126-10a90a30bd83/follow
18:23:38.731 &amp#27;[39mDEBUG&amp#27;[0;39m [           main] &amp#27;[36morg.hibernate.SQL                       &amp#27;[0;39m | 5f792aaf | 
    select
        count(*) 
    from
        user_follows uf1_0 
    where
        (
            uf1_0.follower_id, uf1_0.following_id
        )=(
            ?, ?
        )
Hibernate: 
    select
        count(*) 
    from
        user_follows uf1_0 
    where
        (
            uf1_0.follower_id, uf1_0.following_id
        )=(
            ?, ?
        )
18:23:38.732 &amp#27;[39mDEBUG&amp#27;[0;39m [           main] &amp#27;[36morg.hibernate.SQL                       &amp#27;[0;39m | 5f792aaf | 
    select
        u1_0.id,
        u1_0.is_active,
        u1_0.avatar_url,
        u1_0.is_banned,
        u1_0.bio,
        u1_0.created_at,
        u1_0.display_name,
        u1_0.email,
        u1_0.github_url,
        u1_0.location,
        u1_0.password_hash,
        u1_0.reputation_score,
        u1_0.role,
        u1_0.updated_at,
        u1_0.username,
        u1_0.website_url 
    from
        users u1_0 
    where
        u1_0.id=?
Hibernate: 
    select
        u1_0.id,
        u1_0.is_active,
        u1_0.avatar_url,
        u1_0.is_banned,
        u1_0.bio,
        u1_0.created_at,
        u1_0.display_name,
        u1_0.email,
        u1_0.github_url,
        u1_0.location,
        u1_0.password_hash,
        u1_0.reputation_score,
        u1_0.role,
        u1_0.updated_at,
        u1_0.username,
        u1_0.website_url 
    from
        users u1_0 
    where
        u1_0.id=?
18:23:38.734 &amp#27;[39mDEBUG&amp#27;[0;39m [           main] &amp#27;[36morg.hibernate.SQL                       &amp#27;[0;39m | 5f792aaf | 
    select
        uf1_0.follower_id,
        uf1_0.following_id,
        uf1_0.created_at 
    from
        user_follows uf1_0 
    where
        (
            uf1_0.follower_id, uf1_0.following_id
        ) in ((?, ?))
Hibernate: 
    select
        uf1_0.follower_id,
        uf1_0.following_id,
        uf1_0.created_at 
    from
        user_follows uf1_0 
    where
        (
            uf1_0.follower_id, uf1_0.following_id
        ) in ((?, ?))
18:23:38.736 &amp#27;[39mDEBUG&amp#27;[0;39m [           main] &amp#27;[36morg.hibernate.SQL                       &amp#27;[0;39m | 5f792aaf | 
    insert 
    into
        user_follows
        (created_at, follower_id, following_id) 
    values
        (?, ?, ?)
Hibernate: 
    insert 
    into
        user_follows
        (created_at, follower_id, following_id) 
    values
        (?, ?, ?)
18:23:38.737 &amp#27;[39mDEBUG&amp#27;[0;39m [           main] &amp#27;[36morg.hibernate.SQL                       &amp#27;[0;39m | 5f792aaf | 
    insert 
    into
        notifications
        (actor_id, created_at, entity_id, entity_type, payload, is_read, type, user_id, id) 
    values
        (?, ?, ?, ?, ?, ?, ?, ?, ?)
Hibernate: 
    insert 
    into
        notifications
        (actor_id, created_at, entity_id, entity_type, payload, is_read, type, user_id, id) 
    values
        (?, ?, ?, ?, ?, ?, ?, ?, ?)
18:23:38.740 &amp#27;[34mINFO &amp#27;[0;39m [           main] &amp#27;[36mcom.synora.config.RequestLoggingFilter  &amp#27;[0;39m | 5f792aaf | POST /api/v1/users/f8aee209-f75a-4270-a126-10a90a30bd83/follow 200 15ms
18:23:38.740 &amp#27;[39mDEBUG&amp#27;[0;39m [           main] &amp#27;[36mo.s.security.web.FilterChainProxy       &amp#27;[0;39m | 8d05beae | Securing POST /api/v1/auth/register
18:23:38.740 &amp#27;[39mDEBUG&amp#27;[0;39m [           main] &amp#27;[36mo.s.s.w.a.AnonymousAuthenticationFilter &amp#27;[0;39m | 8d05beae | Set SecurityContextHolder to anonymous SecurityContext
18:23:38.740 &amp#27;[39mDEBUG&amp#27;[0;39m [           main] &amp#27;[36mo.s.security.web.FilterChainProxy       &amp#27;[0;39m | 8d05beae | Secured POST /api/v1/auth/register
18:23:38.740 &amp#27;[39mDEBUG&amp#27;[0;39m [           main] &amp#27;[36morg.hibernate.SQL                       &amp#27;[0;39m | 8d05beae | 
    select
        u1_0.id 
    from
        users u1_0 
    where
        u1_0.username=? 
    fetch
        first ? rows only
Hibernate: 
    select
        u1_0.id 
    from
        users u1_0 
    where
        u1_0.username=? 
    fetch
        first ? rows only
18:23:38.745 &amp#27;[39mDEBUG&amp#27;[0;39m [           main] &amp#27;[36morg.hibernate.SQL                       &amp#27;[0;39m | 8d05beae | 
    select
        u1_0.id 
    from
        users u1_0 
    where
        u1_0.email=? 
    fetch
        first ? rows only
Hibernate: 
    select
        u1_0.id 
    from
        users u1_0 
    where
        u1_0.email=? 
    fetch
        first ? rows only
18:23:38.968 &amp#27;[39mDEBUG&amp#27;[0;39m [           main] &amp#27;[36morg.hibernate.SQL                       &amp#27;[0;39m | 8d05beae | 
    insert 
    into
        users
        (is_active, avatar_url, is_banned, bio, created_at, display_name, email, github_url, location, password_hash, reputation_score, role, updated_at, username, website_url, id) 
    values
        (?, ?, ?, ?, ?, ?, ?, ?, ?, ?, ?, ?, ?, ?, ?, ?)
Hibernate: 
    insert 
    into
        users
        (is_active, avatar_url, is_banned, bio, created_at, display_name, email, github_url, location, password_hash, reputation_score, role, updated_at, username, website_url, id) 
    values
        (?, ?, ?, ?, ?, ?, ?, ?, ?, ?, ?, ?, ?, ?, ?, ?)
18:23:38.974 &amp#27;[39mDEBUG&amp#27;[0;39m [           main] &amp#27;[36morg.hibernate.SQL                       &amp#27;[0;39m | 8d05beae | 
    insert 
    into
        refresh_tokens
        (created_at, expires_at, token, user_id) 
    values
        (?, ?, ?, ?) 
    returning id
Hibernate: 
    insert 
    into
        refresh_tokens
        (created_at, expires_at, token, user_id) 
    values
        (?, ?, ?, ?) 
    returning id
18:23:38.978 &amp#27;[34mINFO &amp#27;[0;39m [           main] &amp#27;[36mcom.synora.config.RequestLoggingFilter  &amp#27;[0;39m | 8d05beae | POST /api/v1/auth/register 201 238ms
18:23:38.979 &amp#27;[39mDEBUG&amp#27;[0;39m [           main] &amp#27;[36mo.s.security.web.FilterChainProxy       &amp#27;[0;39m | 74085421 | Securing POST /api/v1/users/f8aee209-f75a-4270-a126-10a90a30bd83/follow
18:23:38.980 &amp#27;[39mDEBUG&amp#27;[0;39m [           main] &amp#27;[36morg.hibernate.SQL                       &amp#27;[0;39m | 74085421 | 
    select
        u1_0.id,
        u1_0.is_active,
        u1_0.avatar_url,
        u1_0.is_banned,
        u1_0.bio,
        u1_0.created_at,
        u1_0.display_name,
        u1_0.email,
        u1_0.github_url,
        u1_0.location,
        u1_0.password_hash,
        u1_0.reputation_score,
        u1_0.role,
        u1_0.updated_at,
        u1_0.username,
        u1_0.website_url 
    from
        users u1_0 
    where
        u1_0.username=?
Hibernate: 
    select
        u1_0.id,
        u1_0.is_active,
        u1_0.avatar_url,
        u1_0.is_banned,
        u1_0.bio,
        u1_0.created_at,
        u1_0.display_name,
        u1_0.email,
        u1_0.github_url,
        u1_0.location,
        u1_0.password_hash,
        u1_0.reputation_score,
        u1_0.role,
        u1_0.updated_at,
        u1_0.username,
        u1_0.website_url 
    from
        users u1_0 
    where
        u1_0.username=?
18:23:38.985 &amp#27;[39mDEBUG&amp#27;[0;39m [           main] &amp#27;[36mo.s.security.web.FilterChainProxy       &amp#27;[0;39m | 74085421 | Secured POST /api/v1/users/f8aee209-f75a-4270-a126-10a90a30bd83/follow
18:23:38.986 &amp#27;[39mDEBUG&amp#27;[0;39m [           main] &amp#27;[36morg.hibernate.SQL                       &amp#27;[0;39m | 74085421 | 
    select
        count(*) 
    from
        user_follows uf1_0 
    where
        (
            uf1_0.follower_id, uf1_0.following_id
        )=(
            ?, ?
        )
Hibernate: 
    select
        count(*) 
    from
        user_follows uf1_0 
    where
        (
            uf1_0.follower_id, uf1_0.following_id
        )=(
            ?, ?
        )
18:23:38.988 &amp#27;[39mDEBUG&amp#27;[0;39m [           main] &amp#27;[36morg.hibernate.SQL                       &amp#27;[0;39m | 74085421 | 
    select
        u1_0.id,
        u1_0.is_active,
        u1_0.avatar_url,
        u1_0.is_banned,
        u1_0.bio,
        u1_0.created_at,
        u1_0.display_name,
        u1_0.email,
        u1_0.github_url,
        u1_0.location,
        u1_0.password_hash,
        u1_0.reputation_score,
        u1_0.role,
        u1_0.updated_at,
        u1_0.username,
        u1_0.website_url 
    from
        users u1_0 
    where
        u1_0.id=?
Hibernate: 
    select
        u1_0.id,
        u1_0.is_active,
        u1_0.avatar_url,
        u1_0.is_banned,
        u1_0.bio,
        u1_0.created_at,
        u1_0.display_name,
        u1_0.email,
        u1_0.github_url,
        u1_0.location,
        u1_0.password_hash,
        u1_0.reputation_score,
        u1_0.role,
        u1_0.updated_at,
        u1_0.username,
        u1_0.website_url 
    from
        users u1_0 
    where
        u1_0.id=?
18:23:38.990 &amp#27;[39mDEBUG&amp#27;[0;39m [           main] &amp#27;[36morg.hibernate.SQL                       &amp#27;[0;39m | 74085421 | 
    select
        uf1_0.follower_id,
        uf1_0.following_id,
        uf1_0.created_at 
    from
        user_follows uf1_0 
    where
        (
            uf1_0.follower_id, uf1_0.following_id
        ) in ((?, ?))
Hibernate: 
    select
        uf1_0.follower_id,
        uf1_0.following_id,
        uf1_0.created_at 
    from
        user_follows uf1_0 
    where
        (
            uf1_0.follower_id, uf1_0.following_id
        ) in ((?, ?))
18:23:38.993 &amp#27;[39mDEBUG&amp#27;[0;39m [           main] &amp#27;[36morg.hibernate.SQL                       &amp#27;[0;39m | 74085421 | 
    insert 
    into
        user_follows
        (created_at, follower_id, following_id) 
    values
        (?, ?, ?)
Hibernate: 
    insert 
    into
        user_follows
        (created_at, follower_id, following_id) 
    values
        (?, ?, ?)
18:23:38.995 &amp#27;[39mDEBUG&amp#27;[0;39m [           main] &amp#27;[36morg.hibernate.SQL                       &amp#27;[0;39m | 74085421 | 
    insert 
    into
        notifications
        (actor_id, created_at, entity_id, entity_type, payload, is_read, type, user_id, id) 
    values
        (?, ?, ?, ?, ?, ?, ?, ?, ?)
Hibernate: 
    insert 
    into
        notifications
        (actor_id, created_at, entity_id, entity_type, payload, is_read, type, user_id, id) 
    values
        (?, ?, ?, ?, ?, ?, ?, ?, ?)
18:23:38.998 &amp#27;[34mINFO &amp#27;[0;39m [           main] &amp#27;[36mcom.synora.config.RequestLoggingFilter  &amp#27;[0;39m | 74085421 | POST /api/v1/users/f8aee209-f75a-4270-a126-10a90a30bd83/follow 200 19ms
18:23:38.999 &amp#27;[39mDEBUG&amp#27;[0;39m [           main] &amp#27;[36mo.s.security.web.FilterChainProxy       &amp#27;[0;39m | 0201b61f | Securing GET /api/v1/users/f8aee209-f75a-4270-a126-10a90a30bd83/followers
18:23:38.999 &amp#27;[39mDEBUG&amp#27;[0;39m [           main] &amp#27;[36mo.s.s.w.a.AnonymousAuthenticationFilter &amp#27;[0;39m | 0201b61f | Set SecurityContextHolder to anonymous SecurityContext
18:23:38.999 &amp#27;[39mDEBUG&amp#27;[0;39m [           main] &amp#27;[36mo.s.security.web.FilterChainProxy       &amp#27;[0;39m | 0201b61f | Secured GET /api/v1/users/f8aee209-f75a-4270-a126-10a90a30bd83/followers
18:23:39.003 &amp#27;[39mDEBUG&amp#27;[0;39m [           main] &amp#27;[36morg.hibernate.SQL                       &amp#27;[0;39m | 0201b61f | 
    select
        uf1_0.follower_id,
        uf1_0.following_id,
        uf1_0.created_at 
    from
        user_follows uf1_0 
    where
        uf1_0.following_id=? 
    order by
        uf1_0.created_at desc 
    offset
        ? rows 
    fetch
        first ? rows only
Hibernate: 
    select
        uf1_0.follower_id,
        uf1_0.following_id,
        uf1_0.created_at 
    from
        user_follows uf1_0 
    where
        uf1_0.following_id=? 
    order by
        uf1_0.created_at desc 
    offset
        ? rows 
    fetch
        first ? rows only
18:23:39.008 &amp#27;[39mDEBUG&amp#27;[0;39m [           main] &amp#27;[36morg.hibernate.SQL                       &amp#27;[0;39m | 0201b61f | 
    select
        u1_0.id,
        u1_0.is_active,
        u1_0.avatar_url,
        u1_0.is_banned,
        u1_0.bio,
        u1_0.created_at,
        u1_0.display_name,
        u1_0.email,
        u1_0.github_url,
        u1_0.location,
        u1_0.password_hash,
        u1_0.reputation_score,
        u1_0.role,
        u1_0.updated_at,
        u1_0.username,
        u1_0.website_url 
    from
        users u1_0 
    where
        u1_0.id = any (?)
Hibernate: 
    select
        u1_0.id,
        u1_0.is_active,
        u1_0.avatar_url,
        u1_0.is_banned,
        u1_0.bio,
        u1_0.created_at,
        u1_0.display_name,
        u1_0.email,
        u1_0.github_url,
        u1_0.location,
        u1_0.password_hash,
        u1_0.reputation_score,
        u1_0.role,
        u1_0.updated_at,
        u1_0.username,
        u1_0.website_url 
    from
        users u1_0 
    where
        u1_0.id = any (?)
18:23:39.014 &amp#27;[34mINFO &amp#27;[0;39m [           main] &amp#27;[36mcom.synora.config.RequestLoggingFilter  &amp#27;[0;39m | 0201b61f | GET /api/v1/users/f8aee209-f75a-4270-a126-10a90a30bd83/followers 200 15ms
]]></system-out>
  </testcase>
  <testcase name="isFollowing_returnsCorrectState" classname="com.synora.modules.user.UserFollowControllerTest" time="0.51">
    <system-out><![CDATA[18:23:39.018 &amp#27;[39mDEBUG&amp#27;[0;39m [           main] &amp#27;[36mo.s.security.web.FilterChainProxy       &amp#27;[0;39m | 053df8d5 | Securing POST /api/v1/auth/register
18:23:39.018 &amp#27;[39mDEBUG&amp#27;[0;39m [           main] &amp#27;[36mo.s.s.w.a.AnonymousAuthenticationFilter &amp#27;[0;39m | 053df8d5 | Set SecurityContextHolder to anonymous SecurityContext
18:23:39.018 &amp#27;[39mDEBUG&amp#27;[0;39m [           main] &amp#27;[36mo.s.security.web.FilterChainProxy       &amp#27;[0;39m | 053df8d5 | Secured POST /api/v1/auth/register
18:23:39.019 &amp#27;[39mDEBUG&amp#27;[0;39m [           main] &amp#27;[36morg.hibernate.SQL                       &amp#27;[0;39m | 053df8d5 | 
    select
        u1_0.id 
    from
        users u1_0 
    where
        u1_0.username=? 
    fetch
        first ? rows only
Hibernate: 
    select
        u1_0.id 
    from
        users u1_0 
    where
        u1_0.username=? 
    fetch
        first ? rows only
18:23:39.022 &amp#27;[39mDEBUG&amp#27;[0;39m [           main] &amp#27;[36morg.hibernate.SQL                       &amp#27;[0;39m | 053df8d5 | 
    select
        u1_0.id 
    from
        users u1_0 
    where
        u1_0.email=? 
    fetch
        first ? rows only
Hibernate: 
    select
        u1_0.id 
    from
        users u1_0 
    where
        u1_0.email=? 
    fetch
        first ? rows only
18:23:39.231 &amp#27;[39mDEBUG&amp#27;[0;39m [           main] &amp#27;[36morg.hibernate.SQL                       &amp#27;[0;39m | 053df8d5 | 
    insert 
    into
        users
        (is_active, avatar_url, is_banned, bio, created_at, display_name, email, github_url, location, password_hash, reputation_score, role, updated_at, username, website_url, id) 
    values
        (?, ?, ?, ?, ?, ?, ?, ?, ?, ?, ?, ?, ?, ?, ?, ?)
Hibernate: 
    insert 
    into
        users
        (is_active, avatar_url, is_banned, bio, created_at, display_name, email, github_url, location, password_hash, reputation_score, role, updated_at, username, website_url, id) 
    values
        (?, ?, ?, ?, ?, ?, ?, ?, ?, ?, ?, ?, ?, ?, ?, ?)
18:23:39.242 &amp#27;[39mDEBUG&amp#27;[0;39m [           main] &amp#27;[36morg.hibernate.SQL                       &amp#27;[0;39m | 053df8d5 | 
    insert 
    into
        refresh_tokens
        (created_at, expires_at, token, user_id) 
    values
        (?, ?, ?, ?) 
    returning id
Hibernate: 
    insert 
    into
        refresh_tokens
        (created_at, expires_at, token, user_id) 
    values
        (?, ?, ?, ?) 
    returning id
18:23:39.245 &amp#27;[34mINFO &amp#27;[0;39m [           main] &amp#27;[36mcom.synora.config.RequestLoggingFilter  &amp#27;[0;39m | 053df8d5 | POST /api/v1/auth/register 201 228ms
18:23:39.246 &amp#27;[39mDEBUG&amp#27;[0;39m [           main] &amp#27;[36mo.s.security.web.FilterChainProxy       &amp#27;[0;39m | c6fcf57a | Securing POST /api/v1/auth/register
18:23:39.247 &amp#27;[39mDEBUG&amp#27;[0;39m [           main] &amp#27;[36mo.s.s.w.a.AnonymousAuthenticationFilter &amp#27;[0;39m | c6fcf57a | Set SecurityContextHolder to anonymous SecurityContext
18:23:39.247 &amp#27;[39mDEBUG&amp#27;[0;39m [           main] &amp#27;[36mo.s.security.web.FilterChainProxy       &amp#27;[0;39m | c6fcf57a | Secured POST /api/v1/auth/register
18:23:39.249 &amp#27;[39mDEBUG&amp#27;[0;39m [           main] &amp#27;[36morg.hibernate.SQL                       &amp#27;[0;39m | c6fcf57a | 
    select
        u1_0.id 
    from
        users u1_0 
    where
        u1_0.username=? 
    fetch
        first ? rows only
Hibernate: 
    select
        u1_0.id 
    from
        users u1_0 
    where
        u1_0.username=? 
    fetch
        first ? rows only
18:23:39.251 &amp#27;[39mDEBUG&amp#27;[0;39m [           main] &amp#27;[36morg.hibernate.SQL                       &amp#27;[0;39m | c6fcf57a | 
    select
        u1_0.id 
    from
        users u1_0 
    where
        u1_0.email=? 
    fetch
        first ? rows only
Hibernate: 
    select
        u1_0.id 
    from
        users u1_0 
    where
        u1_0.email=? 
    fetch
        first ? rows only
18:23:39.457 &amp#27;[39mDEBUG&amp#27;[0;39m [           main] &amp#27;[36morg.hibernate.SQL                       &amp#27;[0;39m | c6fcf57a | 
    insert 
    into
        users
        (is_active, avatar_url, is_banned, bio, created_at, display_name, email, github_url, location, password_hash, reputation_score, role, updated_at, username, website_url, id) 
    values
        (?, ?, ?, ?, ?, ?, ?, ?, ?, ?, ?, ?, ?, ?, ?, ?)
Hibernate: 
    insert 
    into
        users
        (is_active, avatar_url, is_banned, bio, created_at, display_name, email, github_url, location, password_hash, reputation_score, role, updated_at, username, website_url, id) 
    values
        (?, ?, ?, ?, ?, ?, ?, ?, ?, ?, ?, ?, ?, ?, ?, ?)
18:23:39.473 &amp#27;[39mDEBUG&amp#27;[0;39m [           main] &amp#27;[36morg.hibernate.SQL                       &amp#27;[0;39m | c6fcf57a | 
    insert 
    into
        refresh_tokens
        (created_at, expires_at, token, user_id) 
    values
        (?, ?, ?, ?) 
    returning id
Hibernate: 
    insert 
    into
        refresh_tokens
        (created_at, expires_at, token, user_id) 
    values
        (?, ?, ?, ?) 
    returning id
18:23:39.477 &amp#27;[34mINFO &amp#27;[0;39m [           main] &amp#27;[36mcom.synora.config.RequestLoggingFilter  &amp#27;[0;39m | c6fcf57a | POST /api/v1/auth/register 201 231ms
18:23:39.478 &amp#27;[39mDEBUG&amp#27;[0;39m [           main] &amp#27;[36mo.s.security.web.FilterChainProxy       &amp#27;[0;39m | 321406a7 | Securing GET /api/v1/users/user_7e4ac6ed/profile
18:23:39.478 &amp#27;[39mDEBUG&amp#27;[0;39m [           main] &amp#27;[36mo.s.s.w.a.AnonymousAuthenticationFilter &amp#27;[0;39m | 321406a7 | Set SecurityContextHolder to anonymous SecurityContext
18:23:39.479 &amp#27;[39mDEBUG&amp#27;[0;39m [           main] &amp#27;[36mo.s.security.web.FilterChainProxy       &amp#27;[0;39m | 321406a7 | Secured GET /api/v1/users/user_7e4ac6ed/profile
18:23:39.480 &amp#27;[39mDEBUG&amp#27;[0;39m [           main] &amp#27;[36morg.hibernate.SQL                       &amp#27;[0;39m | 321406a7 | 
    select
        u1_0.id,
        u1_0.is_active,
        u1_0.avatar_url,
        u1_0.is_banned,
        u1_0.bio,
        u1_0.created_at,
        u1_0.display_name,
        u1_0.email,
        u1_0.github_url,
        u1_0.location,
        u1_0.password_hash,
        u1_0.reputation_score,
        u1_0.role,
        u1_0.updated_at,
        u1_0.username,
        u1_0.website_url 
    from
        users u1_0 
    where
        u1_0.username=?
Hibernate: 
    select
        u1_0.id,
        u1_0.is_active,
        u1_0.avatar_url,
        u1_0.is_banned,
        u1_0.bio,
        u1_0.created_at,
        u1_0.display_name,
        u1_0.email,
        u1_0.github_url,
        u1_0.location,
        u1_0.password_hash,
        u1_0.reputation_score,
        u1_0.role,
        u1_0.updated_at,
        u1_0.username,
        u1_0.website_url 
    from
        users u1_0 
    where
        u1_0.username=?
18:23:39.484 &amp#27;[34mINFO &amp#27;[0;39m [           main] &amp#27;[36mcom.synora.config.RequestLoggingFilter  &amp#27;[0;39m | 321406a7 | GET /api/v1/users/user_7e4ac6ed/profile 200 7ms
18:23:39.484 &amp#27;[39mDEBUG&amp#27;[0;39m [           main] &amp#27;[36mo.s.security.web.FilterChainProxy       &amp#27;[0;39m | ee6fd1a8 | Securing GET /api/v1/users/ff055e9c-29e6-4a3a-a468-d726652c2f1a/is-following
18:23:39.486 &amp#27;[39mDEBUG&amp#27;[0;39m [           main] &amp#27;[36morg.hibernate.SQL                       &amp#27;[0;39m | ee6fd1a8 | 
    select
        u1_0.id,
        u1_0.is_active,
        u1_0.avatar_url,
        u1_0.is_banned,
        u1_0.bio,
        u1_0.created_at,
        u1_0.display_name,
        u1_0.email,
        u1_0.github_url,
        u1_0.location,
        u1_0.password_hash,
        u1_0.reputation_score,
        u1_0.role,
        u1_0.updated_at,
        u1_0.username,
        u1_0.website_url 
    from
        users u1_0 
    where
        u1_0.username=?
Hibernate: 
    select
        u1_0.id,
        u1_0.is_active,
        u1_0.avatar_url,
        u1_0.is_banned,
        u1_0.bio,
        u1_0.created_at,
        u1_0.display_name,
        u1_0.email,
        u1_0.github_url,
        u1_0.location,
        u1_0.password_hash,
        u1_0.reputation_score,
        u1_0.role,
        u1_0.updated_at,
        u1_0.username,
        u1_0.website_url 
    from
        users u1_0 
    where
        u1_0.username=?
18:23:39.491 &amp#27;[39mDEBUG&amp#27;[0;39m [           main] &amp#27;[36mo.s.security.web.FilterChainProxy       &amp#27;[0;39m | ee6fd1a8 | Secured GET /api/v1/users/ff055e9c-29e6-4a3a-a468-d726652c2f1a/is-following
18:23:39.492 &amp#27;[39mDEBUG&amp#27;[0;39m [           main] &amp#27;[36morg.hibernate.SQL                       &amp#27;[0;39m | ee6fd1a8 | 
    select
        count(*) 
    from
        user_follows uf1_0 
    where
        (
            uf1_0.follower_id, uf1_0.following_id
        )=(
            ?, ?
        )
Hibernate: 
    select
        count(*) 
    from
        user_follows uf1_0 
    where
        (
            uf1_0.follower_id, uf1_0.following_id
        )=(
            ?, ?
        )
18:23:39.495 &amp#27;[34mINFO &amp#27;[0;39m [           main] &amp#27;[36mcom.synora.config.RequestLoggingFilter  &amp#27;[0;39m | ee6fd1a8 | GET /api/v1/users/ff055e9c-29e6-4a3a-a468-d726652c2f1a/is-following 200 11ms
18:23:39.496 &amp#27;[39mDEBUG&amp#27;[0;39m [           main] &amp#27;[36mo.s.security.web.FilterChainProxy       &amp#27;[0;39m | c97a8749 | Securing POST /api/v1/users/ff055e9c-29e6-4a3a-a468-d726652c2f1a/follow
18:23:39.498 &amp#27;[39mDEBUG&amp#27;[0;39m [           main] &amp#27;[36morg.hibernate.SQL                       &amp#27;[0;39m | c97a8749 | 
    select
        u1_0.id,
        u1_0.is_active,
        u1_0.avatar_url,
        u1_0.is_banned,
        u1_0.bio,
        u1_0.created_at,
        u1_0.display_name,
        u1_0.email,
        u1_0.github_url,
        u1_0.location,
        u1_0.password_hash,
        u1_0.reputation_score,
        u1_0.role,
        u1_0.updated_at,
        u1_0.username,
        u1_0.website_url 
    from
        users u1_0 
    where
        u1_0.username=?
Hibernate: 
    select
        u1_0.id,
        u1_0.is_active,
        u1_0.avatar_url,
        u1_0.is_banned,
        u1_0.bio,
        u1_0.created_at,
        u1_0.display_name,
        u1_0.email,
        u1_0.github_url,
        u1_0.location,
        u1_0.password_hash,
        u1_0.reputation_score,
        u1_0.role,
        u1_0.updated_at,
        u1_0.username,
        u1_0.website_url 
    from
        users u1_0 
    where
        u1_0.username=?
18:23:39.501 &amp#27;[39mDEBUG&amp#27;[0;39m [           main] &amp#27;[36mo.s.security.web.FilterChainProxy       &amp#27;[0;39m | c97a8749 | Secured POST /api/v1/users/ff055e9c-29e6-4a3a-a468-d726652c2f1a/follow
18:23:39.502 &amp#27;[39mDEBUG&amp#27;[0;39m [           main] &amp#27;[36morg.hibernate.SQL                       &amp#27;[0;39m | c97a8749 | 
    select
        count(*) 
    from
        user_follows uf1_0 
    where
        (
            uf1_0.follower_id, uf1_0.following_id
        )=(
            ?, ?
        )
Hibernate: 
    select
        count(*) 
    from
        user_follows uf1_0 
    where
        (
            uf1_0.follower_id, uf1_0.following_id
        )=(
            ?, ?
        )
18:23:39.504 &amp#27;[39mDEBUG&amp#27;[0;39m [           main] &amp#27;[36morg.hibernate.SQL                       &amp#27;[0;39m | c97a8749 | 
    select
        u1_0.id,
        u1_0.is_active,
        u1_0.avatar_url,
        u1_0.is_banned,
        u1_0.bio,
        u1_0.created_at,
        u1_0.display_name,
        u1_0.email,
        u1_0.github_url,
        u1_0.location,
        u1_0.password_hash,
        u1_0.reputation_score,
        u1_0.role,
        u1_0.updated_at,
        u1_0.username,
        u1_0.website_url 
    from
        users u1_0 
    where
        u1_0.id=?
Hibernate: 
    select
        u1_0.id,
        u1_0.is_active,
        u1_0.avatar_url,
        u1_0.is_banned,
        u1_0.bio,
        u1_0.created_at,
        u1_0.display_name,
        u1_0.email,
        u1_0.github_url,
        u1_0.location,
        u1_0.password_hash,
        u1_0.reputation_score,
        u1_0.role,
        u1_0.updated_at,
        u1_0.username,
        u1_0.website_url 
    from
        users u1_0 
    where
        u1_0.id=?
18:23:39.506 &amp#27;[39mDEBUG&amp#27;[0;39m [           main] &amp#27;[36morg.hibernate.SQL                       &amp#27;[0;39m | c97a8749 | 
    select
        uf1_0.follower_id,
        uf1_0.following_id,
        uf1_0.created_at 
    from
        user_follows uf1_0 
    where
        (
            uf1_0.follower_id, uf1_0.following_id
        ) in ((?, ?))
Hibernate: 
    select
        uf1_0.follower_id,
        uf1_0.following_id,
        uf1_0.created_at 
    from
        user_follows uf1_0 
    where
        (
            uf1_0.follower_id, uf1_0.following_id
        ) in ((?, ?))
18:23:39.509 &amp#27;[39mDEBUG&amp#27;[0;39m [           main] &amp#27;[36morg.hibernate.SQL                       &amp#27;[0;39m | c97a8749 | 
    insert 
    into
        user_follows
        (created_at, follower_id, following_id) 
    values
        (?, ?, ?)
Hibernate: 
    insert 
    into
        user_follows
        (created_at, follower_id, following_id) 
    values
        (?, ?, ?)
18:23:39.510 &amp#27;[39mDEBUG&amp#27;[0;39m [           main] &amp#27;[36morg.hibernate.SQL                       &amp#27;[0;39m | c97a8749 | 
    insert 
    into
        notifications
        (actor_id, created_at, entity_id, entity_type, payload, is_read, type, user_id, id) 
    values
        (?, ?, ?, ?, ?, ?, ?, ?, ?)
Hibernate: 
    insert 
    into
        notifications
        (actor_id, created_at, entity_id, entity_type, payload, is_read, type, user_id, id) 
    values
        (?, ?, ?, ?, ?, ?, ?, ?, ?)
18:23:39.513 &amp#27;[34mINFO &amp#27;[0;39m [           main] &amp#27;[36mcom.synora.config.RequestLoggingFilter  &amp#27;[0;39m | c97a8749 | POST /api/v1/users/ff055e9c-29e6-4a3a-a468-d726652c2f1a/follow 200 17ms
18:23:39.514 &amp#27;[39mDEBUG&amp#27;[0;39m [           main] &amp#27;[36mo.s.security.web.FilterChainProxy       &amp#27;[0;39m | 639b3e00 | Securing GET /api/v1/users/ff055e9c-29e6-4a3a-a468-d726652c2f1a/is-following
18:23:39.516 &amp#27;[39mDEBUG&amp#27;[0;39m [           main] &amp#27;[36morg.hibernate.SQL                       &amp#27;[0;39m | 639b3e00 | 
    select
        u1_0.id,
        u1_0.is_active,
        u1_0.avatar_url,
        u1_0.is_banned,
        u1_0.bio,
        u1_0.created_at,
        u1_0.display_name,
        u1_0.email,
        u1_0.github_url,
        u1_0.location,
        u1_0.password_hash,
        u1_0.reputation_score,
        u1_0.role,
        u1_0.updated_at,
        u1_0.username,
        u1_0.website_url 
    from
        users u1_0 
    where
        u1_0.username=?
Hibernate: 
    select
        u1_0.id,
        u1_0.is_active,
        u1_0.avatar_url,
        u1_0.is_banned,
        u1_0.bio,
        u1_0.created_at,
        u1_0.display_name,
        u1_0.email,
        u1_0.github_url,
        u1_0.location,
        u1_0.password_hash,
        u1_0.reputation_score,
        u1_0.role,
        u1_0.updated_at,
        u1_0.username,
        u1_0.website_url 
    from
        users u1_0 
    where
        u1_0.username=?
18:23:39.519 &amp#27;[39mDEBUG&amp#27;[0;39m [           main] &amp#27;[36mo.s.security.web.FilterChainProxy       &amp#27;[0;39m | 639b3e00 | Secured GET /api/v1/users/ff055e9c-29e6-4a3a-a468-d726652c2f1a/is-following
18:23:39.521 &amp#27;[39mDEBUG&amp#27;[0;39m [           main] &amp#27;[36morg.hibernate.SQL                       &amp#27;[0;39m | 639b3e00 | 
    select
        count(*) 
    from
        user_follows uf1_0 
    where
        (
            uf1_0.follower_id, uf1_0.following_id
        )=(
            ?, ?
        )
Hibernate: 
    select
        count(*) 
    from
        user_follows uf1_0 
    where
        (
            uf1_0.follower_id, uf1_0.following_id
        )=(
            ?, ?
        )
18:23:39.524 &amp#27;[34mINFO &amp#27;[0;39m [           main] &amp#27;[36mcom.synora.config.RequestLoggingFilter  &amp#27;[0;39m | 639b3e00 | GET /api/v1/users/ff055e9c-29e6-4a3a-a468-d726652c2f1a/is-following 200 11ms
]]></system-out>
  </testcase>
  <testcase name="toggleFollow_followAndUnfollow" classname="com.synora.modules.user.UserFollowControllerTest" time="0.518">
    <system-out><![CDATA[18:23:39.528 &amp#27;[39mDEBUG&amp#27;[0;39m [           main] &amp#27;[36mo.s.security.web.FilterChainProxy       &amp#27;[0;39m | de3edc76 | Securing POST /api/v1/auth/register
18:23:39.528 &amp#27;[39mDEBUG&amp#27;[0;39m [           main] &amp#27;[36mo.s.s.w.a.AnonymousAuthenticationFilter &amp#27;[0;39m | de3edc76 | Set SecurityContextHolder to anonymous SecurityContext
18:23:39.528 &amp#27;[39mDEBUG&amp#27;[0;39m [           main] &amp#27;[36mo.s.security.web.FilterChainProxy       &amp#27;[0;39m | de3edc76 | Secured POST /api/v1/auth/register
18:23:39.530 &amp#27;[39mDEBUG&amp#27;[0;39m [           main] &amp#27;[36morg.hibernate.SQL                       &amp#27;[0;39m | de3edc76 | 
    select
        u1_0.id 
    from
        users u1_0 
    where
        u1_0.username=? 
    fetch
        first ? rows only
Hibernate: 
    select
        u1_0.id 
    from
        users u1_0 
    where
        u1_0.username=? 
    fetch
        first ? rows only
18:23:39.532 &amp#27;[39mDEBUG&amp#27;[0;39m [           main] &amp#27;[36morg.hibernate.SQL                       &amp#27;[0;39m | de3edc76 | 
    select
        u1_0.id 
    from
        users u1_0 
    where
        u1_0.email=? 
    fetch
        first ? rows only
Hibernate: 
    select
        u1_0.id 
    from
        users u1_0 
    where
        u1_0.email=? 
    fetch
        first ? rows only
18:23:39.746 &amp#27;[39mDEBUG&amp#27;[0;39m [           main] &amp#27;[36morg.hibernate.SQL                       &amp#27;[0;39m | de3edc76 | 
    insert 
    into
        users
        (is_active, avatar_url, is_banned, bio, created_at, display_name, email, github_url, location, password_hash, reputation_score, role, updated_at, username, website_url, id) 
    values
        (?, ?, ?, ?, ?, ?, ?, ?, ?, ?, ?, ?, ?, ?, ?, ?)
Hibernate: 
    insert 
    into
        users
        (is_active, avatar_url, is_banned, bio, created_at, display_name, email, github_url, location, password_hash, reputation_score, role, updated_at, username, website_url, id) 
    values
        (?, ?, ?, ?, ?, ?, ?, ?, ?, ?, ?, ?, ?, ?, ?, ?)
18:23:39.754 &amp#27;[39mDEBUG&amp#27;[0;39m [           main] &amp#27;[36morg.hibernate.SQL                       &amp#27;[0;39m | de3edc76 | 
    insert 
    into
        refresh_tokens
        (created_at, expires_at, token, user_id) 
    values
        (?, ?, ?, ?) 
    returning id
Hibernate: 
    insert 
    into
        refresh_tokens
        (created_at, expires_at, token, user_id) 
    values
        (?, ?, ?, ?) 
    returning id
18:23:39.757 &amp#27;[34mINFO &amp#27;[0;39m [           main] &amp#27;[36mcom.synora.config.RequestLoggingFilter  &amp#27;[0;39m | de3edc76 | POST /api/v1/auth/register 201 229ms
18:23:39.758 &amp#27;[39mDEBUG&amp#27;[0;39m [           main] &amp#27;[36mo.s.security.web.FilterChainProxy       &amp#27;[0;39m | 98753e75 | Securing POST /api/v1/auth/register
18:23:39.758 &amp#27;[39mDEBUG&amp#27;[0;39m [           main] &amp#27;[36mo.s.s.w.a.AnonymousAuthenticationFilter &amp#27;[0;39m | 98753e75 | Set SecurityContextHolder to anonymous SecurityContext
18:23:39.758 &amp#27;[39mDEBUG&amp#27;[0;39m [           main] &amp#27;[36mo.s.security.web.FilterChainProxy       &amp#27;[0;39m | 98753e75 | Secured POST /api/v1/auth/register
18:23:39.760 &amp#27;[39mDEBUG&amp#27;[0;39m [           main] &amp#27;[36morg.hibernate.SQL                       &amp#27;[0;39m | 98753e75 | 
    select
        u1_0.id 
    from
        users u1_0 
    where
        u1_0.username=? 
    fetch
        first ? rows only
Hibernate: 
    select
        u1_0.id 
    from
        users u1_0 
    where
        u1_0.username=? 
    fetch
        first ? rows only
18:23:39.762 &amp#27;[39mDEBUG&amp#27;[0;39m [           main] &amp#27;[36morg.hibernate.SQL                       &amp#27;[0;39m | 98753e75 | 
    select
        u1_0.id 
    from
        users u1_0 
    where
        u1_0.email=? 
    fetch
        first ? rows only
Hibernate: 
    select
        u1_0.id 
    from
        users u1_0 
    where
        u1_0.email=? 
    fetch
        first ? rows only
18:23:39.977 &amp#27;[39mDEBUG&amp#27;[0;39m [           main] &amp#27;[36morg.hibernate.SQL                       &amp#27;[0;39m | 98753e75 | 
    insert 
    into
        users
        (is_active, avatar_url, is_banned, bio, created_at, display_name, email, github_url, location, password_hash, reputation_score, role, updated_at, username, website_url, id) 
    values
        (?, ?, ?, ?, ?, ?, ?, ?, ?, ?, ?, ?, ?, ?, ?, ?)
Hibernate: 
    insert 
    into
        users
        (is_active, avatar_url, is_banned, bio, created_at, display_name, email, github_url, location, password_hash, reputation_score, role, updated_at, username, website_url, id) 
    values
        (?, ?, ?, ?, ?, ?, ?, ?, ?, ?, ?, ?, ?, ?, ?, ?)
18:23:39.982 &amp#27;[39mDEBUG&amp#27;[0;39m [           main] &amp#27;[36morg.hibernate.SQL                       &amp#27;[0;39m | 98753e75 | 
    insert 
    into
        refresh_tokens
        (created_at, expires_at, token, user_id) 
    values
        (?, ?, ?, ?) 
    returning id
Hibernate: 
    insert 
    into
        refresh_tokens
        (created_at, expires_at, token, user_id) 
    values
        (?, ?, ?, ?) 
    returning id
18:23:39.985 &amp#27;[34mINFO &amp#27;[0;39m [           main] &amp#27;[36mcom.synora.config.RequestLoggingFilter  &amp#27;[0;39m | 98753e75 | POST /api/v1/auth/register 201 227ms
18:23:39.986 &amp#27;[39mDEBUG&amp#27;[0;39m [           main] &amp#27;[36mo.s.security.web.FilterChainProxy       &amp#27;[0;39m | 20bed9dd | Securing GET /api/v1/users/user_78cbcd56/profile
18:23:39.986 &amp#27;[39mDEBUG&amp#27;[0;39m [           main] &amp#27;[36mo.s.s.w.a.AnonymousAuthenticationFilter &amp#27;[0;39m | 20bed9dd | Set SecurityContextHolder to anonymous SecurityContext
18:23:39.987 &amp#27;[39mDEBUG&amp#27;[0;39m [           main] &amp#27;[36mo.s.security.web.FilterChainProxy       &amp#27;[0;39m | 20bed9dd | Secured GET /api/v1/users/user_78cbcd56/profile
18:23:39.988 &amp#27;[39mDEBUG&amp#27;[0;39m [           main] &amp#27;[36morg.hibernate.SQL                       &amp#27;[0;39m | 20bed9dd | 
    select
        u1_0.id,
        u1_0.is_active,
        u1_0.avatar_url,
        u1_0.is_banned,
        u1_0.bio,
        u1_0.created_at,
        u1_0.display_name,
        u1_0.email,
        u1_0.github_url,
        u1_0.location,
        u1_0.password_hash,
        u1_0.reputation_score,
        u1_0.role,
        u1_0.updated_at,
        u1_0.username,
        u1_0.website_url 
    from
        users u1_0 
    where
        u1_0.username=?
Hibernate: 
    select
        u1_0.id,
        u1_0.is_active,
        u1_0.avatar_url,
        u1_0.is_banned,
        u1_0.bio,
        u1_0.created_at,
        u1_0.display_name,
        u1_0.email,
        u1_0.github_url,
        u1_0.location,
        u1_0.password_hash,
        u1_0.reputation_score,
        u1_0.role,
        u1_0.updated_at,
        u1_0.username,
        u1_0.website_url 
    from
        users u1_0 
    where
        u1_0.username=?
18:23:39.990 &amp#27;[34mINFO &amp#27;[0;39m [           main] &amp#27;[36mcom.synora.config.RequestLoggingFilter  &amp#27;[0;39m | 20bed9dd | GET /api/v1/users/user_78cbcd56/profile 200 5ms
18:23:39.992 &amp#27;[39mDEBUG&amp#27;[0;39m [           main] &amp#27;[36mo.s.security.web.FilterChainProxy       &amp#27;[0;39m | 7aa04dc1 | Securing POST /api/v1/users/db5f3c80-38a4-4f93-bc06-8efe5cde0c8d/follow
18:23:39.993 &amp#27;[39mDEBUG&amp#27;[0;39m [           main] &amp#27;[36morg.hibernate.SQL                       &amp#27;[0;39m | 7aa04dc1 | 
    select
        u1_0.id,
        u1_0.is_active,
        u1_0.avatar_url,
        u1_0.is_banned,
        u1_0.bio,
        u1_0.created_at,
        u1_0.display_name,
        u1_0.email,
        u1_0.github_url,
        u1_0.location,
        u1_0.password_hash,
        u1_0.reputation_score,
        u1_0.role,
        u1_0.updated_at,
        u1_0.username,
        u1_0.website_url 
    from
        users u1_0 
    where
        u1_0.username=?
Hibernate: 
    select
        u1_0.id,
        u1_0.is_active,
        u1_0.avatar_url,
        u1_0.is_banned,
        u1_0.bio,
        u1_0.created_at,
        u1_0.display_name,
        u1_0.email,
        u1_0.github_url,
        u1_0.location,
        u1_0.password_hash,
        u1_0.reputation_score,
        u1_0.role,
        u1_0.updated_at,
        u1_0.username,
        u1_0.website_url 
    from
        users u1_0 
    where
        u1_0.username=?
18:23:39.996 &amp#27;[39mDEBUG&amp#27;[0;39m [           main] &amp#27;[36mo.s.security.web.FilterChainProxy       &amp#27;[0;39m | 7aa04dc1 | Secured POST /api/v1/users/db5f3c80-38a4-4f93-bc06-8efe5cde0c8d/follow
18:23:39.998 &amp#27;[39mDEBUG&amp#27;[0;39m [           main] &amp#27;[36morg.hibernate.SQL                       &amp#27;[0;39m | 7aa04dc1 | 
    select
        count(*) 
    from
        user_follows uf1_0 
    where
        (
            uf1_0.follower_id, uf1_0.following_id
        )=(
            ?, ?
        )
Hibernate: 
    select
        count(*) 
    from
        user_follows uf1_0 
    where
        (
            uf1_0.follower_id, uf1_0.following_id
        )=(
            ?, ?
        )
18:23:39.999 &amp#27;[39mDEBUG&amp#27;[0;39m [           main] &amp#27;[36morg.hibernate.SQL                       &amp#27;[0;39m | 7aa04dc1 | 
    select
        u1_0.id,
        u1_0.is_active,
        u1_0.avatar_url,
        u1_0.is_banned,
        u1_0.bio,
        u1_0.created_at,
        u1_0.display_name,
        u1_0.email,
        u1_0.github_url,
        u1_0.location,
        u1_0.password_hash,
        u1_0.reputation_score,
        u1_0.role,
        u1_0.updated_at,
        u1_0.username,
        u1_0.website_url 
    from
        users u1_0 
    where
        u1_0.id=?
Hibernate: 
    select
        u1_0.id,
        u1_0.is_active,
        u1_0.avatar_url,
        u1_0.is_banned,
        u1_0.bio,
        u1_0.created_at,
        u1_0.display_name,
        u1_0.email,
        u1_0.github_url,
        u1_0.location,
        u1_0.password_hash,
        u1_0.reputation_score,
        u1_0.role,
        u1_0.updated_at,
        u1_0.username,
        u1_0.website_url 
    from
        users u1_0 
    where
        u1_0.id=?
18:23:40.001 &amp#27;[39mDEBUG&amp#27;[0;39m [           main] &amp#27;[36morg.hibernate.SQL                       &amp#27;[0;39m | 7aa04dc1 | 
    select
        uf1_0.follower_id,
        uf1_0.following_id,
        uf1_0.created_at 
    from
        user_follows uf1_0 
    where
        (
            uf1_0.follower_id, uf1_0.following_id
        ) in ((?, ?))
Hibernate: 
    select
        uf1_0.follower_id,
        uf1_0.following_id,
        uf1_0.created_at 
    from
        user_follows uf1_0 
    where
        (
            uf1_0.follower_id, uf1_0.following_id
        ) in ((?, ?))
18:23:40.003 &amp#27;[39mDEBUG&amp#27;[0;39m [           main] &amp#27;[36morg.hibernate.SQL                       &amp#27;[0;39m | 7aa04dc1 | 
    insert 
    into
        user_follows
        (created_at, follower_id, following_id) 
    values
        (?, ?, ?)
Hibernate: 
    insert 
    into
        user_follows
        (created_at, follower_id, following_id) 
    values
        (?, ?, ?)
18:23:40.005 &amp#27;[39mDEBUG&amp#27;[0;39m [           main] &amp#27;[36morg.hibernate.SQL                       &amp#27;[0;39m | 7aa04dc1 | 
    insert 
    into
        notifications
        (actor_id, created_at, entity_id, entity_type, payload, is_read, type, user_id, id) 
    values
        (?, ?, ?, ?, ?, ?, ?, ?, ?)
Hibernate: 
    insert 
    into
        notifications
        (actor_id, created_at, entity_id, entity_type, payload, is_read, type, user_id, id) 
    values
        (?, ?, ?, ?, ?, ?, ?, ?, ?)
18:23:40.008 &amp#27;[34mINFO &amp#27;[0;39m [           main] &amp#27;[36mcom.synora.config.RequestLoggingFilter  &amp#27;[0;39m | 7aa04dc1 | POST /api/v1/users/db5f3c80-38a4-4f93-bc06-8efe5cde0c8d/follow 200 17ms
18:23:40.009 &amp#27;[39mDEBUG&amp#27;[0;39m [           main] &amp#27;[36mo.s.security.web.FilterChainProxy       &amp#27;[0;39m | 6d65f781 | Securing GET /api/v1/users/db5f3c80-38a4-4f93-bc06-8efe5cde0c8d/follow-stats
18:23:40.009 &amp#27;[39mDEBUG&amp#27;[0;39m [           main] &amp#27;[36mo.s.s.w.a.AnonymousAuthenticationFilter &amp#27;[0;39m | 6d65f781 | Set SecurityContextHolder to anonymous SecurityContext
18:23:40.010 &amp#27;[39mDEBUG&amp#27;[0;39m [           main] &amp#27;[36mo.s.security.web.FilterChainProxy       &amp#27;[0;39m | 6d65f781 | Secured GET /api/v1/users/db5f3c80-38a4-4f93-bc06-8efe5cde0c8d/follow-stats
18:23:40.012 &amp#27;[39mDEBUG&amp#27;[0;39m [           main] &amp#27;[36morg.hibernate.SQL                       &amp#27;[0;39m | 6d65f781 | 
    select
        count(*) 
    from
        user_follows uf1_0 
    where
        uf1_0.following_id=?
Hibernate: 
    select
        count(*) 
    from
        user_follows uf1_0 
    where
        uf1_0.following_id=?
18:23:40.017 &amp#27;[39mDEBUG&amp#27;[0;39m [           main] &amp#27;[36morg.hibernate.SQL                       &amp#27;[0;39m | 6d65f781 | 
    select
        count(*) 
    from
        user_follows uf1_0 
    where
        uf1_0.follower_id=?
Hibernate: 
    select
        count(*) 
    from
        user_follows uf1_0 
    where
        uf1_0.follower_id=?
18:23:40.020 &amp#27;[34mINFO &amp#27;[0;39m [           main] &amp#27;[36mcom.synora.config.RequestLoggingFilter  &amp#27;[0;39m | 6d65f781 | GET /api/v1/users/db5f3c80-38a4-4f93-bc06-8efe5cde0c8d/follow-stats 200 11ms
18:23:40.021 &amp#27;[39mDEBUG&amp#27;[0;39m [           main] &amp#27;[36mo.s.security.web.FilterChainProxy       &amp#27;[0;39m | f83bd37c | Securing POST /api/v1/users/db5f3c80-38a4-4f93-bc06-8efe5cde0c8d/follow
18:23:40.023 &amp#27;[39mDEBUG&amp#27;[0;39m [           main] &amp#27;[36morg.hibernate.SQL                       &amp#27;[0;39m | f83bd37c | 
    select
        u1_0.id,
        u1_0.is_active,
        u1_0.avatar_url,
        u1_0.is_banned,
        u1_0.bio,
        u1_0.created_at,
        u1_0.display_name,
        u1_0.email,
        u1_0.github_url,
        u1_0.location,
        u1_0.password_hash,
        u1_0.reputation_score,
        u1_0.role,
        u1_0.updated_at,
        u1_0.username,
        u1_0.website_url 
    from
        users u1_0 
    where
        u1_0.username=?
Hibernate: 
    select
        u1_0.id,
        u1_0.is_active,
        u1_0.avatar_url,
        u1_0.is_banned,
        u1_0.bio,
        u1_0.created_at,
        u1_0.display_name,
        u1_0.email,
        u1_0.github_url,
        u1_0.location,
        u1_0.password_hash,
        u1_0.reputation_score,
        u1_0.role,
        u1_0.updated_at,
        u1_0.username,
        u1_0.website_url 
    from
        users u1_0 
    where
        u1_0.username=?
18:23:40.026 &amp#27;[39mDEBUG&amp#27;[0;39m [           main] &amp#27;[36mo.s.security.web.FilterChainProxy       &amp#27;[0;39m | f83bd37c | Secured POST /api/v1/users/db5f3c80-38a4-4f93-bc06-8efe5cde0c8d/follow
18:23:40.027 &amp#27;[39mDEBUG&amp#27;[0;39m [           main] &amp#27;[36morg.hibernate.SQL                       &amp#27;[0;39m | f83bd37c | 
    select
        count(*) 
    from
        user_follows uf1_0 
    where
        (
            uf1_0.follower_id, uf1_0.following_id
        )=(
            ?, ?
        )
Hibernate: 
    select
        count(*) 
    from
        user_follows uf1_0 
    where
        (
            uf1_0.follower_id, uf1_0.following_id
        )=(
            ?, ?
        )
18:23:40.029 &amp#27;[39mDEBUG&amp#27;[0;39m [           main] &amp#27;[36morg.hibernate.SQL                       &amp#27;[0;39m | f83bd37c | 
    select
        uf1_0.follower_id,
        uf1_0.following_id,
        uf1_0.created_at 
    from
        user_follows uf1_0 
    where
        (
            uf1_0.follower_id, uf1_0.following_id
        ) in ((?, ?))
Hibernate: 
    select
        uf1_0.follower_id,
        uf1_0.following_id,
        uf1_0.created_at 
    from
        user_follows uf1_0 
    where
        (
            uf1_0.follower_id, uf1_0.following_id
        ) in ((?, ?))
18:23:40.032 &amp#27;[39mDEBUG&amp#27;[0;39m [           main] &amp#27;[36morg.hibernate.SQL                       &amp#27;[0;39m | f83bd37c | 
    delete 
    from
        user_follows 
    where
        follower_id=? 
        and following_id=?
Hibernate: 
    delete 
    from
        user_follows 
    where
        follower_id=? 
        and following_id=?
18:23:40.034 &amp#27;[34mINFO &amp#27;[0;39m [           main] &amp#27;[36mcom.synora.config.RequestLoggingFilter  &amp#27;[0;39m | f83bd37c | POST /api/v1/users/db5f3c80-38a4-4f93-bc06-8efe5cde0c8d/follow 200 13ms
18:23:40.036 &amp#27;[39mDEBUG&amp#27;[0;39m [           main] &amp#27;[36mo.s.security.web.FilterChainProxy       &amp#27;[0;39m | 87b80ccd | Securing GET /api/v1/users/db5f3c80-38a4-4f93-bc06-8efe5cde0c8d/follow-stats
18:23:40.036 &amp#27;[39mDEBUG&amp#27;[0;39m [           main] &amp#27;[36mo.s.s.w.a.AnonymousAuthenticationFilter &amp#27;[0;39m | 87b80ccd | Set SecurityContextHolder to anonymous SecurityContext
18:23:40.036 &amp#27;[39mDEBUG&amp#27;[0;39m [           main] &amp#27;[36mo.s.security.web.FilterChainProxy       &amp#27;[0;39m | 87b80ccd | Secured GET /api/v1/users/db5f3c80-38a4-4f93-bc06-8efe5cde0c8d/follow-stats
18:23:40.037 &amp#27;[39mDEBUG&amp#27;[0;39m [           main] &amp#27;[36morg.hibernate.SQL                       &amp#27;[0;39m | 87b80ccd | 
    select
        count(*) 
    from
        user_follows uf1_0 
    where
        uf1_0.following_id=?
Hibernate: 
    select
        count(*) 
    from
        user_follows uf1_0 
    where
        uf1_0.following_id=?
18:23:40.040 &amp#27;[39mDEBUG&amp#27;[0;39m [           main] &amp#27;[36morg.hibernate.SQL                       &amp#27;[0;39m | 87b80ccd | 
    select
        count(*) 
    from
        user_follows uf1_0 
    where
        uf1_0.follower_id=?
Hibernate: 
    select
        count(*) 
    from
        user_follows uf1_0 
    where
        uf1_0.follower_id=?
18:23:40.042 &amp#27;[34mINFO &amp#27;[0;39m [           main] &amp#27;[36mcom.synora.config.RequestLoggingFilter  &amp#27;[0;39m | 87b80ccd | GET /api/v1/users/db5f3c80-38a4-4f93-bc06-8efe5cde0c8d/follow-stats 200 7ms
]]></system-out>
  </testcase>
  <testcase name="topUsers_returnsRankedList" classname="com.synora.modules.user.UserFollowControllerTest" time="0.241">
    <system-out><![CDATA[18:23:40.046 &amp#27;[39mDEBUG&amp#27;[0;39m [           main] &amp#27;[36mo.s.security.web.FilterChainProxy       &amp#27;[0;39m | 0097d0f8 | Securing POST /api/v1/auth/register
18:23:40.046 &amp#27;[39mDEBUG&amp#27;[0;39m [           main] &amp#27;[36mo.s.s.w.a.AnonymousAuthenticationFilter &amp#27;[0;39m | 0097d0f8 | Set SecurityContextHolder to anonymous SecurityContext
18:23:40.046 &amp#27;[39mDEBUG&amp#27;[0;39m [           main] &amp#27;[36mo.s.security.web.FilterChainProxy       &amp#27;[0;39m | 0097d0f8 | Secured POST /api/v1/auth/register
18:23:40.048 &amp#27;[39mDEBUG&amp#27;[0;39m [           main] &amp#27;[36morg.hibernate.SQL                       &amp#27;[0;39m | 0097d0f8 | 
    select
        u1_0.id 
    from
        users u1_0 
    where
        u1_0.username=? 
    fetch
        first ? rows only
Hibernate: 
    select
        u1_0.id 
    from
        users u1_0 
    where
        u1_0.username=? 
    fetch
        first ? rows only
18:23:40.049 &amp#27;[39mDEBUG&amp#27;[0;39m [           main] &amp#27;[36morg.hibernate.SQL                       &amp#27;[0;39m | 0097d0f8 | 
    select
        u1_0.id 
    from
        users u1_0 
    where
        u1_0.email=? 
    fetch
        first ? rows only
Hibernate: 
    select
        u1_0.id 
    from
        users u1_0 
    where
        u1_0.email=? 
    fetch
        first ? rows only
18:23:40.265 &amp#27;[39mDEBUG&amp#27;[0;39m [           main] &amp#27;[36morg.hibernate.SQL                       &amp#27;[0;39m | 0097d0f8 | 
    insert 
    into
        users
        (is_active, avatar_url, is_banned, bio, created_at, display_name, email, github_url, location, password_hash, reputation_score, role, updated_at, username, website_url, id) 
    values
        (?, ?, ?, ?, ?, ?, ?, ?, ?, ?, ?, ?, ?, ?, ?, ?)
Hibernate: 
    insert 
    into
        users
        (is_active, avatar_url, is_banned, bio, created_at, display_name, email, github_url, location, password_hash, reputation_score, role, updated_at, username, website_url, id) 
    values
        (?, ?, ?, ?, ?, ?, ?, ?, ?, ?, ?, ?, ?, ?, ?, ?)
18:23:40.269 &amp#27;[39mDEBUG&amp#27;[0;39m [           main] &amp#27;[36morg.hibernate.SQL                       &amp#27;[0;39m | 0097d0f8 | 
    insert 
    into
        refresh_tokens
        (created_at, expires_at, token, user_id) 
    values
        (?, ?, ?, ?) 
    returning id
Hibernate: 
    insert 
    into
        refresh_tokens
        (created_at, expires_at, token, user_id) 
    values
        (?, ?, ?, ?) 
    returning id
18:23:40.273 &amp#27;[34mINFO &amp#27;[0;39m [           main] &amp#27;[36mcom.synora.config.RequestLoggingFilter  &amp#27;[0;39m | 0097d0f8 | POST /api/v1/auth/register 201 227ms
18:23:40.274 &amp#27;[39mDEBUG&amp#27;[0;39m [           main] &amp#27;[36mo.s.security.web.FilterChainProxy       &amp#27;[0;39m | e859a85e | Securing GET /api/v1/users/top
18:23:40.274 &amp#27;[39mDEBUG&amp#27;[0;39m [           main] &amp#27;[36mo.s.s.w.a.AnonymousAuthenticationFilter &amp#27;[0;39m | e859a85e | Set SecurityContextHolder to anonymous SecurityContext
18:23:40.274 &amp#27;[39mDEBUG&amp#27;[0;39m [           main] &amp#27;[36mo.s.security.web.FilterChainProxy       &amp#27;[0;39m | e859a85e | Secured GET /api/v1/users/top
18:23:40.276 &amp#27;[39mDEBUG&amp#27;[0;39m [           main] &amp#27;[36morg.hibernate.SQL                       &amp#27;[0;39m | e859a85e | 
    select
        u1_0.id,
        u1_0.is_active,
        u1_0.avatar_url,
        u1_0.is_banned,
        u1_0.bio,
        u1_0.created_at,
        u1_0.display_name,
        u1_0.email,
        u1_0.github_url,
        u1_0.location,
        u1_0.password_hash,
        u1_0.reputation_score,
        u1_0.role,
        u1_0.updated_at,
        u1_0.username,
        u1_0.website_url 
    from
        users u1_0 
    order by
        u1_0.reputation_score desc 
    offset
        ? rows 
    fetch
        first ? rows only
Hibernate: 
    select
        u1_0.id,
        u1_0.is_active,
        u1_0.avatar_url,
        u1_0.is_banned,
        u1_0.bio,
        u1_0.created_at,
        u1_0.display_name,
        u1_0.email,
        u1_0.github_url,
        u1_0.location,
        u1_0.password_hash,
        u1_0.reputation_score,
        u1_0.role,
        u1_0.updated_at,
        u1_0.username,
        u1_0.website_url 
    from
        users u1_0 
    order by
        u1_0.reputation_score desc 
    offset
        ? rows 
    fetch
        first ? rows only
18:23:40.280 &amp#27;[39mDEBUG&amp#27;[0;39m [           main] &amp#27;[36morg.hibernate.SQL                       &amp#27;[0;39m | e859a85e | 
    select
        count(u1_0.id) 
    from
        users u1_0
Hibernate: 
    select
        count(u1_0.id) 
    from
        users u1_0
18:23:40.284 &amp#27;[34mINFO &amp#27;[0;39m [           main] &amp#27;[36mcom.synora.config.RequestLoggingFilter  &amp#27;[0;39m | e859a85e | GET /api/v1/users/top 200 11ms
]]></system-out>
  </testcase>
</testsuite>